<?xml version="1.0" encoding="UTF-8"?>
<coverage generated="1581989690714" clover="3.2.0">
  <project timestamp="1581989690714" name="All files">
    <metrics statements="207" coveredstatements="145" conditionals="14" coveredconditionals="2" methods="95" coveredmethods="61" elements="316" coveredelements="208" complexity="0" loc="207" ncloc="207" packages="21" files="46" classes="46"/>
    <package name="easy-task">
      <metrics statements="14" coveredstatements="0" conditionals="0" coveredconditionals="0" methods="7" coveredmethods="0"/>
      <file name="App.tsx" path="/home/cana/Documents/Programas/easy-task/App.tsx">
        <metrics statements="14" coveredstatements="0" conditionals="0" coveredconditionals="0" methods="7" coveredmethods="0"/>
        <line num="19" count="0" type="stmt"/>
        <line num="25" count="0" type="stmt"/>
        <line num="32" count="0" type="stmt"/>
        <line num="39" count="0" type="stmt"/>
        <line num="40" count="0" type="stmt"/>
        <line num="41" count="0" type="stmt"/>
        <line num="42" count="0" type="stmt"/>
        <line num="43" count="0" type="stmt"/>
        <line num="50" count="0" type="stmt"/>
        <line num="51" count="0" type="stmt"/>
        <line num="58" count="0" type="stmt"/>
        <line num="59" count="0" type="stmt"/>
        <line num="66" count="0" type="stmt"/>
        <line num="74" count="0" type="stmt"/>
      </file>
    </package>
    <package name="easy-task.src.0-ApiLibrary">
      <metrics statements="36" coveredstatements="36" conditionals="0" coveredconditionals="0" methods="18" coveredmethods="18"/>
      <file name="ApiLibrary.ts" path="/home/cana/Documents/Programas/easy-task/src/0-ApiLibrary/ApiLibrary.ts">
        <metrics statements="36" coveredstatements="36" conditionals="0" coveredconditionals="0" methods="18" coveredmethods="18"/>
        <line num="11" count="14" type="stmt"/>
        <line num="16" count="31" type="stmt"/>
        <line num="21" count="20" type="stmt"/>
        <line num="25" count="11" type="stmt"/>
        <line num="34" count="4" type="stmt"/>
        <line num="45" count="4" type="stmt"/>
        <line num="51" count="6" type="stmt"/>
        <line num="61" count="6" type="stmt"/>
        <line num="67" count="4" type="stmt"/>
        <line num="80" count="4" type="stmt"/>
        <line num="84" count="11" type="stmt"/>
        <line num="97" count="5" type="stmt"/>
        <line num="112" count="5" type="stmt"/>
        <line num="118" count="4" type="stmt"/>
        <line num="134" count="4" type="stmt"/>
        <line num="140" count="5" type="stmt"/>
        <line num="154" count="5" type="stmt"/>
        <line num="160" count="5" type="stmt"/>
        <line num="174" count="5" type="stmt"/>
        <line num="180" count="4" type="stmt"/>
        <line num="194" count="4" type="stmt"/>
        <line num="200" count="4" type="stmt"/>
        <line num="210" count="4" type="stmt"/>
        <line num="216" count="4" type="stmt"/>
        <line num="226" count="4" type="stmt"/>
        <line num="230" count="11" type="stmt"/>
        <line num="241" count="4" type="stmt"/>
        <line num="262" count="4" type="stmt"/>
        <line num="268" count="4" type="stmt"/>
        <line num="290" count="4" type="stmt"/>
        <line num="296" count="4" type="stmt"/>
        <line num="311" count="4" type="stmt"/>
        <line num="317" count="4" type="stmt"/>
        <line num="327" count="4" type="stmt"/>
        <line num="333" count="4" type="stmt"/>
        <line num="347" count="4" type="stmt"/>
      </file>
    </package>
    <package name="easy-task.src.0-ApiLibrary.constants">
      <metrics statements="5" coveredstatements="5" conditionals="0" coveredconditionals="0" methods="0" coveredmethods="0"/>
      <file name="ApiConstants.ts" path="/home/cana/Documents/Programas/easy-task/src/0-ApiLibrary/constants/ApiConstants.ts">
        <metrics statements="5" coveredstatements="5" conditionals="0" coveredconditionals="0" methods="0" coveredmethods="0"/>
        <line num="4" count="11" type="stmt"/>
        <line num="11" count="11" type="stmt"/>
        <line num="22" count="11" type="stmt"/>
        <line num="31" count="11" type="stmt"/>
        <line num="38" count="11" type="stmt"/>
      </file>
    </package>
    <package name="easy-task.src.0-ApiLibrary.interfaces">
      <metrics statements="3" coveredstatements="3" conditionals="0" coveredconditionals="0" methods="3" coveredmethods="3"/>
      <file name="AuthLib.ts" path="/home/cana/Documents/Programas/easy-task/src/0-ApiLibrary/interfaces/AuthLib.ts">
        <metrics statements="1" coveredstatements="1" conditionals="0" coveredconditionals="0" methods="1" coveredmethods="1"/>
        <line num="9" count="11" type="stmt"/>
      </file>
      <file name="ProjectLib.ts" path="/home/cana/Documents/Programas/easy-task/src/0-ApiLibrary/interfaces/ProjectLib.ts">
        <metrics statements="1" coveredstatements="1" conditionals="0" coveredconditionals="0" methods="1" coveredmethods="1"/>
        <line num="9" count="24" type="stmt"/>
      </file>
      <file name="WorkTaskLib.ts" path="/home/cana/Documents/Programas/easy-task/src/0-ApiLibrary/interfaces/WorkTaskLib.ts">
        <metrics statements="1" coveredstatements="1" conditionals="0" coveredconditionals="0" methods="1" coveredmethods="1"/>
        <line num="9" count="15" type="stmt"/>
      </file>
    </package>
    <package name="easy-task.src.0-ApiLibrary.types">
      <metrics statements="0" coveredstatements="0" conditionals="0" coveredconditionals="0" methods="0" coveredmethods="0"/>
      <file name="ApiRequest.ts" path="/home/cana/Documents/Programas/easy-task/src/0-ApiLibrary/types/ApiRequest.ts">
        <metrics statements="0" coveredstatements="0" conditionals="0" coveredconditionals="0" methods="0" coveredmethods="0"/>
      </file>
      <file name="ApiResponse.ts" path="/home/cana/Documents/Programas/easy-task/src/0-ApiLibrary/types/ApiResponse.ts">
        <metrics statements="0" coveredstatements="0" conditionals="0" coveredconditionals="0" methods="0" coveredmethods="0"/>
      </file>
      <file name="AuthForm.ts" path="/home/cana/Documents/Programas/easy-task/src/0-ApiLibrary/types/AuthForm.ts">
        <metrics statements="0" coveredstatements="0" conditionals="0" coveredconditionals="0" methods="0" coveredmethods="0"/>
      </file>
      <file name="ProjectForm.ts" path="/home/cana/Documents/Programas/easy-task/src/0-ApiLibrary/types/ProjectForm.ts">
        <metrics statements="0" coveredstatements="0" conditionals="0" coveredconditionals="0" methods="0" coveredmethods="0"/>
      </file>
      <file name="WorkTaskForm.ts" path="/home/cana/Documents/Programas/easy-task/src/0-ApiLibrary/types/WorkTaskForm.ts">
        <metrics statements="0" coveredstatements="0" conditionals="0" coveredconditionals="0" methods="0" coveredmethods="0"/>
      </file>
    </package>
    <package name="easy-task.src.1-AuthManager">
      <metrics statements="25" coveredstatements="25" conditionals="2" coveredconditionals="2" methods="11" coveredmethods="11"/>
      <file name="AuthManager.ts" path="/home/cana/Documents/Programas/easy-task/src/1-AuthManager/AuthManager.ts">
        <metrics statements="25" coveredstatements="25" conditionals="2" coveredconditionals="2" methods="11" coveredmethods="11"/>
        <line num="23" count="4" type="stmt"/>
        <line num="24" count="4" type="stmt"/>
        <line num="25" count="4" type="stmt"/>
        <line num="30" count="4" type="stmt"/>
        <line num="31" count="4" type="stmt"/>
        <line num="36" count="4" type="stmt"/>
        <line num="37" count="4" type="stmt"/>
        <line num="42" count="4" type="stmt"/>
        <line num="43" count="4" type="stmt"/>
        <line num="45" count="3" type="stmt"/>
        <line num="52" count="2" type="stmt"/>
        <line num="57" count="2" type="stmt"/>
        <line num="58" count="2" type="stmt"/>
        <line num="64" count="4" type="stmt"/>
        <line num="69" count="4" type="stmt"/>
        <line num="70" count="4" type="stmt"/>
        <line num="76" count="2" type="stmt"/>
        <line num="85" count="2" type="stmt"/>
        <line num="86" count="2" type="stmt"/>
        <line num="91" count="3" type="stmt"/>
        <line num="96" count="1" type="stmt"/>
        <line num="101" count="5" type="cond" truecount="2" falsecount="0"/>
        <line num="103" count="3" type="stmt"/>
        <line num="105" count="5" type="stmt"/>
        <line num="107" count="5" type="stmt"/>
      </file>
    </package>
    <package name="easy-task.src.1-AuthManager.interfaces">
      <metrics statements="0" coveredstatements="0" conditionals="0" coveredconditionals="0" methods="0" coveredmethods="0"/>
      <file name="AuthCommunicator.ts" path="/home/cana/Documents/Programas/easy-task/src/1-AuthManager/interfaces/AuthCommunicator.ts">
        <metrics statements="0" coveredstatements="0" conditionals="0" coveredconditionals="0" methods="0" coveredmethods="0"/>
      </file>
      <file name="AuthDataSource.ts" path="/home/cana/Documents/Programas/easy-task/src/1-AuthManager/interfaces/AuthDataSource.ts">
        <metrics statements="0" coveredstatements="0" conditionals="0" coveredconditionals="0" methods="0" coveredmethods="0"/>
      </file>
      <file name="AuthSubscriber.ts" path="/home/cana/Documents/Programas/easy-task/src/1-AuthManager/interfaces/AuthSubscriber.ts">
        <metrics statements="0" coveredstatements="0" conditionals="0" coveredconditionals="0" methods="0" coveredmethods="0"/>
      </file>
      <file name="CommunicatorDelegate.ts" path="/home/cana/Documents/Programas/easy-task/src/1-AuthManager/interfaces/CommunicatorDelegate.ts">
        <metrics statements="0" coveredstatements="0" conditionals="0" coveredconditionals="0" methods="0" coveredmethods="0"/>
      </file>
    </package>
    <package name="easy-task.src.1-AuthManager.types">
      <metrics statements="0" coveredstatements="0" conditionals="0" coveredconditionals="0" methods="0" coveredmethods="0"/>
      <file name="AuthManagerComponents.ts" path="/home/cana/Documents/Programas/easy-task/src/1-AuthManager/types/AuthManagerComponents.ts">
        <metrics statements="0" coveredstatements="0" conditionals="0" coveredconditionals="0" methods="0" coveredmethods="0"/>
      </file>
      <file name="LoginParameters.ts" path="/home/cana/Documents/Programas/easy-task/src/1-AuthManager/types/LoginParameters.ts">
        <metrics statements="0" coveredstatements="0" conditionals="0" coveredconditionals="0" methods="0" coveredmethods="0"/>
      </file>
      <file name="NewUserParameters.ts" path="/home/cana/Documents/Programas/easy-task/src/1-AuthManager/types/NewUserParameters.ts">
        <metrics statements="0" coveredstatements="0" conditionals="0" coveredconditionals="0" methods="0" coveredmethods="0"/>
      </file>
    </package>
    <package name="easy-task.src.1-ProjectManager">
      <metrics statements="36" coveredstatements="35" conditionals="0" coveredconditionals="0" methods="15" coveredmethods="13"/>
      <file name="ProjectManager.ts" path="/home/cana/Documents/Programas/easy-task/src/1-ProjectManager/ProjectManager.ts">
        <metrics statements="36" coveredstatements="35" conditionals="0" coveredconditionals="0" methods="15" coveredmethods="13"/>
        <line num="25" count="3" type="stmt"/>
        <line num="26" count="3" type="stmt"/>
        <line num="27" count="3" type="stmt"/>
        <line num="32" count="3" type="stmt"/>
        <line num="33" count="3" type="stmt"/>
        <line num="38" count="3" type="stmt"/>
        <line num="39" count="3" type="stmt"/>
        <line num="44" count="3" type="stmt"/>
        <line num="45" count="3" type="stmt"/>
        <line num="47" count="2" type="stmt"/>
        <line num="54" count="3" type="stmt"/>
        <line num="63" count="3" type="stmt"/>
        <line num="64" count="3" type="stmt"/>
        <line num="70" count="2" type="stmt"/>
        <line num="79" count="2" type="stmt"/>
        <line num="80" count="2" type="stmt"/>
        <line num="86" count="3" type="stmt"/>
        <line num="95" count="3" type="stmt"/>
        <line num="96" count="3" type="stmt"/>
        <line num="102" count="3" type="stmt"/>
        <line num="111" count="3" type="stmt"/>
        <line num="112" count="3" type="stmt"/>
        <line num="118" count="2" type="stmt"/>
        <line num="127" count="2" type="stmt"/>
        <line num="128" count="2" type="stmt"/>
        <line num="134" count="2" type="stmt"/>
        <line num="142" count="2" type="stmt"/>
        <line num="143" count="2" type="stmt"/>
        <line num="144" count="2" type="stmt"/>
        <line num="150" count="2" type="stmt"/>
        <line num="159" count="2" type="stmt"/>
        <line num="160" count="2" type="stmt"/>
        <line num="165" count="2" type="stmt"/>
        <line num="170" count="0" type="stmt"/>
        <line num="175" count="9" type="stmt"/>
        <line num="177" count="9" type="stmt"/>
      </file>
    </package>
    <package name="easy-task.src.1-ProjectManager.interfaces">
      <metrics statements="0" coveredstatements="0" conditionals="0" coveredconditionals="0" methods="0" coveredmethods="0"/>
      <file name="CommunicatorDelagate.ts" path="/home/cana/Documents/Programas/easy-task/src/1-ProjectManager/interfaces/CommunicatorDelagate.ts">
        <metrics statements="0" coveredstatements="0" conditionals="0" coveredconditionals="0" methods="0" coveredmethods="0"/>
      </file>
      <file name="ProjectCommunicator.ts" path="/home/cana/Documents/Programas/easy-task/src/1-ProjectManager/interfaces/ProjectCommunicator.ts">
        <metrics statements="0" coveredstatements="0" conditionals="0" coveredconditionals="0" methods="0" coveredmethods="0"/>
      </file>
      <file name="ProjectDataSource.ts" path="/home/cana/Documents/Programas/easy-task/src/1-ProjectManager/interfaces/ProjectDataSource.ts">
        <metrics statements="0" coveredstatements="0" conditionals="0" coveredconditionals="0" methods="0" coveredmethods="0"/>
      </file>
      <file name="ProjectSubscriber.ts" path="/home/cana/Documents/Programas/easy-task/src/1-ProjectManager/interfaces/ProjectSubscriber.ts">
        <metrics statements="0" coveredstatements="0" conditionals="0" coveredconditionals="0" methods="0" coveredmethods="0"/>
      </file>
    </package>
    <package name="easy-task.src.1-ProjectManager.types">
      <metrics statements="0" coveredstatements="0" conditionals="0" coveredconditionals="0" methods="0" coveredmethods="0"/>
      <file name="CreateProjectParameters.ts" path="/home/cana/Documents/Programas/easy-task/src/1-ProjectManager/types/CreateProjectParameters.ts">
        <metrics statements="0" coveredstatements="0" conditionals="0" coveredconditionals="0" methods="0" coveredmethods="0"/>
      </file>
      <file name="DeleteProjectParameters.ts" path="/home/cana/Documents/Programas/easy-task/src/1-ProjectManager/types/DeleteProjectParameters.ts">
        <metrics statements="0" coveredstatements="0" conditionals="0" coveredconditionals="0" methods="0" coveredmethods="0"/>
      </file>
      <file name="EditProjectParameters.ts" path="/home/cana/Documents/Programas/easy-task/src/1-ProjectManager/types/EditProjectParameters.ts">
        <metrics statements="0" coveredstatements="0" conditionals="0" coveredconditionals="0" methods="0" coveredmethods="0"/>
      </file>
      <file name="ManageUserParameters.ts" path="/home/cana/Documents/Programas/easy-task/src/1-ProjectManager/types/ManageUserParameters.ts">
        <metrics statements="0" coveredstatements="0" conditionals="0" coveredconditionals="0" methods="0" coveredmethods="0"/>
      </file>
      <file name="ProjectManagerComponents.ts" path="/home/cana/Documents/Programas/easy-task/src/1-ProjectManager/types/ProjectManagerComponents.ts">
        <metrics statements="0" coveredstatements="0" conditionals="0" coveredconditionals="0" methods="0" coveredmethods="0"/>
      </file>
    </package>
    <package name="easy-task.src.1-WorkTaskManager">
      <metrics statements="29" coveredstatements="28" conditionals="0" coveredconditionals="0" methods="13" coveredmethods="11"/>
      <file name="WorkTaskManager.ts" path="/home/cana/Documents/Programas/easy-task/src/1-WorkTaskManager/WorkTaskManager.ts">
        <metrics statements="29" coveredstatements="28" conditionals="0" coveredconditionals="0" methods="13" coveredmethods="11"/>
        <line num="25" count="2" type="stmt"/>
        <line num="26" count="2" type="stmt"/>
        <line num="27" count="2" type="stmt"/>
        <line num="32" count="2" type="stmt"/>
        <line num="33" count="2" type="stmt"/>
        <line num="38" count="2" type="stmt"/>
        <line num="39" count="2" type="stmt"/>
        <line num="44" count="2" type="stmt"/>
        <line num="45" count="2" type="stmt"/>
        <line num="47" count="1" type="stmt"/>
        <line num="54" count="2" type="stmt"/>
        <line num="63" count="2" type="stmt"/>
        <line num="64" count="2" type="stmt"/>
        <line num="70" count="2" type="stmt"/>
        <line num="79" count="2" type="stmt"/>
        <line num="80" count="2" type="stmt"/>
        <line num="86" count="2" type="stmt"/>
        <line num="95" count="2" type="stmt"/>
        <line num="96" count="2" type="stmt"/>
        <line num="102" count="2" type="stmt"/>
        <line num="111" count="2" type="stmt"/>
        <line num="112" count="2" type="stmt"/>
        <line num="118" count="2" type="stmt"/>
        <line num="127" count="2" type="stmt"/>
        <line num="128" count="2" type="stmt"/>
        <line num="133" count="1" type="stmt"/>
        <line num="138" count="0" type="stmt"/>
        <line num="143" count="6" type="stmt"/>
        <line num="145" count="6" type="stmt"/>
      </file>
    </package>
    <package name="easy-task.src.1-WorkTaskManager.interfaces">
      <metrics statements="0" coveredstatements="0" conditionals="0" coveredconditionals="0" methods="0" coveredmethods="0"/>
      <file name="CommunicatorDelagate.ts" path="/home/cana/Documents/Programas/easy-task/src/1-WorkTaskManager/interfaces/CommunicatorDelagate.ts">
        <metrics statements="0" coveredstatements="0" conditionals="0" coveredconditionals="0" methods="0" coveredmethods="0"/>
      </file>
      <file name="WorkTaskCommunicator.ts" path="/home/cana/Documents/Programas/easy-task/src/1-WorkTaskManager/interfaces/WorkTaskCommunicator.ts">
        <metrics statements="0" coveredstatements="0" conditionals="0" coveredconditionals="0" methods="0" coveredmethods="0"/>
      </file>
      <file name="WorkTaskDataSource.ts" path="/home/cana/Documents/Programas/easy-task/src/1-WorkTaskManager/interfaces/WorkTaskDataSource.ts">
        <metrics statements="0" coveredstatements="0" conditionals="0" coveredconditionals="0" methods="0" coveredmethods="0"/>
      </file>
      <file name="WorkTaskSubscriber.ts" path="/home/cana/Documents/Programas/easy-task/src/1-WorkTaskManager/interfaces/WorkTaskSubscriber.ts">
        <metrics statements="0" coveredstatements="0" conditionals="0" coveredconditionals="0" methods="0" coveredmethods="0"/>
      </file>
    </package>
    <package name="easy-task.src.1-WorkTaskManager.types">
      <metrics statements="0" coveredstatements="0" conditionals="0" coveredconditionals="0" methods="0" coveredmethods="0"/>
      <file name="AddResponsibleParameters.ts" path="/home/cana/Documents/Programas/easy-task/src/1-WorkTaskManager/types/AddResponsibleParameters.ts">
        <metrics statements="0" coveredstatements="0" conditionals="0" coveredconditionals="0" methods="0" coveredmethods="0"/>
      </file>
      <file name="CreateWorkTaskParameters.ts" path="/home/cana/Documents/Programas/easy-task/src/1-WorkTaskManager/types/CreateWorkTaskParameters.ts">
        <metrics statements="0" coveredstatements="0" conditionals="0" coveredconditionals="0" methods="0" coveredmethods="0"/>
      </file>
      <file name="DeleteTaskParameters.ts" path="/home/cana/Documents/Programas/easy-task/src/1-WorkTaskManager/types/DeleteTaskParameters.ts">
        <metrics statements="0" coveredstatements="0" conditionals="0" coveredconditionals="0" methods="0" coveredmethods="0"/>
      </file>
      <file name="UpdateWorkTaskParameters.ts" path="/home/cana/Documents/Programas/easy-task/src/1-WorkTaskManager/types/UpdateWorkTaskParameters.ts">
        <metrics statements="0" coveredstatements="0" conditionals="0" coveredconditionals="0" methods="0" coveredmethods="0"/>
      </file>
      <file name="WorkTaskManagerComponents.ts" path="/home/cana/Documents/Programas/easy-task/src/1-WorkTaskManager/types/WorkTaskManagerComponents.ts">
        <metrics statements="0" coveredstatements="0" conditionals="0" coveredconditionals="0" methods="0" coveredmethods="0"/>
      </file>
    </package>
    <package name="easy-task.src.2-AxiosCommunicator">
      <metrics statements="8" coveredstatements="8" conditionals="0" coveredconditionals="0" methods="5" coveredmethods="5"/>
      <file name="AxiosCommunicator.ts" path="/home/cana/Documents/Programas/easy-task/src/2-AxiosCommunicator/AxiosCommunicator.ts">
        <metrics statements="8" coveredstatements="8" conditionals="0" coveredconditionals="0" methods="5" coveredmethods="5"/>
        <line num="13" count="7" type="stmt"/>
        <line num="18" count="23" type="stmt"/>
        <line num="21" count="17" type="stmt"/>
        <line num="22" count="17" type="stmt"/>
        <line num="26" count="6" type="stmt"/>
        <line num="27" count="6" type="stmt"/>
        <line num="34" count="23" type="stmt"/>
        <line num="39" count="23" type="stmt"/>
      </file>
    </package>
    <package name="easy-task.src.2-Database">
      <metrics statements="38" coveredstatements="1" conditionals="12" coveredconditionals="0" methods="20" coveredmethods="0"/>
      <file name="Database.ts" path="/home/cana/Documents/Programas/easy-task/src/2-Database/Database.ts">
        <metrics statements="38" coveredstatements="1" conditionals="12" coveredconditionals="0" methods="20" coveredmethods="0"/>
        <line num="7" count="1" type="stmt"/>
        <line num="17" count="0" type="stmt"/>
        <line num="18" count="0" type="stmt"/>
        <line num="28" count="0" type="stmt"/>
        <line num="30" count="0" type="stmt"/>
        <line num="31" count="0" type="stmt"/>
        <line num="37" count="0" type="stmt"/>
        <line num="45" count="0" type="stmt"/>
        <line num="50" count="0" type="stmt"/>
        <line num="51" count="0" type="stmt"/>
        <line num="56" count="0" type="cond" truecount="0" falsecount="2"/>
        <line num="57" count="0" type="stmt"/>
        <line num="62" count="0" type="stmt"/>
        <line num="63" count="0" type="stmt"/>
        <line num="68" count="0" type="stmt"/>
        <line num="74" count="0" type="cond" truecount="0" falsecount="2"/>
        <line num="79" count="0" type="stmt"/>
        <line num="84" count="0" type="stmt"/>
        <line num="85" count="0" type="stmt"/>
        <line num="90" count="0" type="cond" truecount="0" falsecount="2"/>
        <line num="91" count="0" type="cond" truecount="0" falsecount="2"/>
        <line num="92" count="0" type="cond" truecount="0" falsecount="2"/>
        <line num="97" count="0" type="stmt"/>
        <line num="99" count="0" type="stmt"/>
        <line num="107" count="0" type="stmt"/>
        <line num="113" count="0" type="cond" truecount="0" falsecount="2"/>
        <line num="114" count="0" type="stmt"/>
        <line num="119" count="0" type="stmt"/>
        <line num="120" count="0" type="stmt"/>
        <line num="121" count="0" type="stmt"/>
        <line num="122" count="0" type="stmt"/>
        <line num="127" count="0" type="stmt"/>
        <line num="133" count="0" type="stmt"/>
        <line num="138" count="0" type="stmt"/>
        <line num="140" count="0" type="stmt"/>
        <line num="141" count="0" type="stmt"/>
        <line num="143" count="0" type="stmt"/>
        <line num="150" count="0" type="stmt"/>
      </file>
    </package>
    <package name="easy-task.src.2-Database.constants">
      <metrics statements="4" coveredstatements="4" conditionals="0" coveredconditionals="0" methods="0" coveredmethods="0"/>
      <file name="DBConstants.ts" path="/home/cana/Documents/Programas/easy-task/src/2-Database/constants/DBConstants.ts">
        <metrics statements="4" coveredstatements="4" conditionals="0" coveredconditionals="0" methods="0" coveredmethods="0"/>
        <line num="3" count="1" type="stmt"/>
        <line num="6" count="1" type="stmt"/>
        <line num="11" count="1" type="stmt"/>
        <line num="19" count="1" type="stmt"/>
      </file>
    </package>
    <package name="easy-task.src.2-Database.interfaces">
      <metrics statements="0" coveredstatements="0" conditionals="0" coveredconditionals="0" methods="0" coveredmethods="0"/>
      <file name="UserStorage.ts" path="/home/cana/Documents/Programas/easy-task/src/2-Database/interfaces/UserStorage.ts">
        <metrics statements="0" coveredstatements="0" conditionals="0" coveredconditionals="0" methods="0" coveredmethods="0"/>
      </file>
    </package>
    <package name="easy-task.src.2-Database.types">
      <metrics statements="0" coveredstatements="0" conditionals="0" coveredconditionals="0" methods="0" coveredmethods="0"/>
      <file name="UserData.ts" path="/home/cana/Documents/Programas/easy-task/src/2-Database/types/UserData.ts">
        <metrics statements="0" coveredstatements="0" conditionals="0" coveredconditionals="0" methods="0" coveredmethods="0"/>
      </file>
    </package>
    <package name="easy-task.src.3-ToolsetFactory">
      <metrics statements="9" coveredstatements="0" conditionals="0" coveredconditionals="0" methods="3" coveredmethods="0"/>
      <file name="ToolsetFactory.ts" path="/home/cana/Documents/Programas/easy-task/src/3-ToolsetFactory/ToolsetFactory.ts">
        <metrics statements="9" coveredstatements="0" conditionals="0" coveredconditionals="0" methods="3" coveredmethods="0"/>
        <line num="11" count="0" type="stmt"/>
        <line num="12" count="0" type="stmt"/>
        <line num="13" count="0" type="stmt"/>
        <line num="15" count="0" type="stmt"/>
        <line num="19" count="0" type="stmt"/>
        <line num="24" count="0" type="stmt"/>
        <line num="26" count="0" type="stmt"/>
        <line num="31" count="0" type="stmt"/>
        <line num="36" count="0" type="stmt"/>
      </file>
    </package>
    <package name="easy-task.src.3-ToolsetFactory.types">
      <metrics statements="0" coveredstatements="0" conditionals="0" coveredconditionals="0" methods="0" coveredmethods="0"/>
      <file name="AppToolset.ts" path="/home/cana/Documents/Programas/easy-task/src/3-ToolsetFactory/types/AppToolset.ts">
        <metrics statements="0" coveredstatements="0" conditionals="0" coveredconditionals="0" methods="0" coveredmethods="0"/>
      </file>
    </package>
  </project>
</coverage>
