{"/home/cana/Documents/Programas/easy-task/App.tsx": {"path":"/home/cana/Documents/Programas/easy-task/App.tsx","statementMap":{"0":{"start":{"line":24,"column":4},"end":{"line":24,"column":17}},"1":{"start":{"line":37,"column":4},"end":{"line":87,"column":6}},"2":{"start":{"line":44,"column":28},"end":{"line":44,"column":62}},"3":{"start":{"line":45,"column":12},"end":{"line":45,"column":42}},"4":{"start":{"line":46,"column":12},"end":{"line":46,"column":46}},"5":{"start":{"line":47,"column":12},"end":{"line":47,"column":47}},"6":{"start":{"line":48,"column":12},"end":{"line":48,"column":51}},"7":{"start":{"line":49,"column":12},"end":{"line":49,"column":41}},"8":{"start":{"line":50,"column":12},"end":{"line":50,"column":42}},"9":{"start":{"line":51,"column":12},"end":{"line":51,"column":34}},"10":{"start":{"line":60,"column":41},"end":{"line":60,"column":66}},"11":{"start":{"line":62,"column":12},"end":{"line":67,"column":14}},"12":{"start":{"line":74,"column":12},"end":{"line":74,"column":62}},"13":{"start":{"line":75,"column":12},"end":{"line":75,"column":89}},"14":{"start":{"line":82,"column":12},"end":{"line":82,"column":44}},"15":{"start":{"line":83,"column":12},"end":{"line":83,"column":48}},"16":{"start":{"line":91,"column":15},"end":{"line":98,"column":2}}},"fnMap":{"0":{"name":"(anonymous_0)","decl":{"start":{"line":22,"column":2},"end":{"line":22,"column":3}},"loc":{"start":{"line":23,"column":2},"end":{"line":25,"column":3}},"line":23},"1":{"name":"(anonymous_1)","decl":{"start":{"line":27,"column":2},"end":{"line":27,"column":3}},"loc":{"start":{"line":28,"column":2},"end":{"line":31,"column":3}},"line":28},"2":{"name":"(anonymous_2)","decl":{"start":{"line":33,"column":2},"end":{"line":33,"column":3}},"loc":{"start":{"line":34,"column":2},"end":{"line":88,"column":3}},"line":34},"3":{"name":"(anonymous_3)","decl":{"start":{"line":42,"column":21},"end":{"line":42,"column":22}},"loc":{"start":{"line":43,"column":10},"end":{"line":52,"column":11}},"line":43},"4":{"name":"(anonymous_4)","decl":{"start":{"line":56,"column":21},"end":{"line":56,"column":22}},"loc":{"start":{"line":57,"column":10},"end":{"line":68,"column":11}},"line":57},"5":{"name":"(anonymous_5)","decl":{"start":{"line":72,"column":21},"end":{"line":72,"column":22}},"loc":{"start":{"line":73,"column":10},"end":{"line":76,"column":11}},"line":73},"6":{"name":"(anonymous_6)","decl":{"start":{"line":80,"column":21},"end":{"line":80,"column":22}},"loc":{"start":{"line":81,"column":10},"end":{"line":84,"column":11}},"line":81}},"branchMap":{},"s":{"0":0,"1":0,"2":0,"3":0,"4":0,"5":0,"6":0,"7":0,"8":0,"9":0,"10":0,"11":0,"12":0,"13":0,"14":0,"15":0,"16":0},"f":{"0":0,"1":0,"2":0,"3":0,"4":0,"5":0,"6":0},"b":{},"hash":"5080aca1e9d7504b3ec372e5ebeff3bd93d9702d"}
,"/home/cana/Documents/Programas/easy-task/src/0-ApiLibrary/ApiLibrary.ts": {"path":"/home/cana/Documents/Programas/easy-task/src/0-ApiLibrary/ApiLibrary.ts","statementMap":{"0":{"start":{"line":11,"column":8},"end":{"line":11,"column":64}},"1":{"start":{"line":16,"column":8},"end":{"line":16,"column":67}},"2":{"start":{"line":21,"column":8},"end":{"line":21,"column":68}},"3":{"start":{"line":25,"column":4},"end":{"line":29,"column":5}},"4":{"start":{"line":34,"column":8},"end":{"line":43,"column":9}},"5":{"start":{"line":45,"column":8},"end":{"line":45,"column":30}},"6":{"start":{"line":51,"column":8},"end":{"line":59,"column":9}},"7":{"start":{"line":61,"column":8},"end":{"line":61,"column":28}},"8":{"start":{"line":67,"column":8},"end":{"line":78,"column":9}},"9":{"start":{"line":80,"column":8},"end":{"line":80,"column":35}},"10":{"start":{"line":84,"column":4},"end":{"line":92,"column":5}},"11":{"start":{"line":97,"column":8},"end":{"line":110,"column":9}},"12":{"start":{"line":112,"column":8},"end":{"line":112,"column":36}},"13":{"start":{"line":118,"column":8},"end":{"line":132,"column":9}},"14":{"start":{"line":134,"column":8},"end":{"line":134,"column":34}},"15":{"start":{"line":140,"column":8},"end":{"line":152,"column":9}},"16":{"start":{"line":154,"column":8},"end":{"line":154,"column":36}},"17":{"start":{"line":160,"column":8},"end":{"line":172,"column":9}},"18":{"start":{"line":174,"column":8},"end":{"line":174,"column":39}},"19":{"start":{"line":180,"column":8},"end":{"line":192,"column":9}},"20":{"start":{"line":194,"column":8},"end":{"line":194,"column":44}},"21":{"start":{"line":200,"column":8},"end":{"line":208,"column":9}},"22":{"start":{"line":209,"column":8},"end":{"line":209,"column":38}},"23":{"start":{"line":215,"column":8},"end":{"line":223,"column":9}},"24":{"start":{"line":225,"column":8},"end":{"line":225,"column":40}},"25":{"start":{"line":229,"column":4},"end":{"line":235,"column":5}},"26":{"start":{"line":240,"column":8},"end":{"line":259,"column":9}},"27":{"start":{"line":261,"column":8},"end":{"line":261,"column":37}},"28":{"start":{"line":267,"column":8},"end":{"line":287,"column":9}},"29":{"start":{"line":289,"column":8},"end":{"line":289,"column":37}},"30":{"start":{"line":295,"column":8},"end":{"line":308,"column":9}},"31":{"start":{"line":310,"column":8},"end":{"line":310,"column":37}},"32":{"start":{"line":316,"column":8},"end":{"line":324,"column":9}},"33":{"start":{"line":326,"column":8},"end":{"line":326,"column":44}},"34":{"start":{"line":332,"column":8},"end":{"line":344,"column":9}},"35":{"start":{"line":346,"column":8},"end":{"line":346,"column":37}}},"fnMap":{"0":{"name":"(anonymous_0)","decl":{"start":{"line":9,"column":4},"end":{"line":9,"column":5}},"loc":{"start":{"line":10,"column":4},"end":{"line":12,"column":5}},"line":10},"1":{"name":"(anonymous_1)","decl":{"start":{"line":14,"column":4},"end":{"line":14,"column":5}},"loc":{"start":{"line":15,"column":4},"end":{"line":17,"column":5}},"line":15},"2":{"name":"(anonymous_2)","decl":{"start":{"line":19,"column":4},"end":{"line":19,"column":5}},"loc":{"start":{"line":20,"column":4},"end":{"line":22,"column":5}},"line":20},"3":{"name":"(anonymous_3)","decl":{"start":{"line":31,"column":4},"end":{"line":31,"column":5}},"loc":{"start":{"line":32,"column":4},"end":{"line":46,"column":5}},"line":32},"4":{"name":"(anonymous_4)","decl":{"start":{"line":48,"column":4},"end":{"line":48,"column":5}},"loc":{"start":{"line":49,"column":4},"end":{"line":62,"column":5}},"line":49},"5":{"name":"(anonymous_5)","decl":{"start":{"line":64,"column":4},"end":{"line":64,"column":5}},"loc":{"start":{"line":65,"column":4},"end":{"line":81,"column":5}},"line":65},"6":{"name":"(anonymous_6)","decl":{"start":{"line":94,"column":4},"end":{"line":94,"column":5}},"loc":{"start":{"line":95,"column":4},"end":{"line":113,"column":5}},"line":95},"7":{"name":"(anonymous_7)","decl":{"start":{"line":115,"column":4},"end":{"line":115,"column":5}},"loc":{"start":{"line":116,"column":4},"end":{"line":135,"column":5}},"line":116},"8":{"name":"(anonymous_8)","decl":{"start":{"line":137,"column":4},"end":{"line":137,"column":5}},"loc":{"start":{"line":138,"column":4},"end":{"line":155,"column":5}},"line":138},"9":{"name":"(anonymous_9)","decl":{"start":{"line":157,"column":4},"end":{"line":157,"column":5}},"loc":{"start":{"line":158,"column":4},"end":{"line":175,"column":5}},"line":158},"10":{"name":"(anonymous_10)","decl":{"start":{"line":177,"column":4},"end":{"line":177,"column":5}},"loc":{"start":{"line":178,"column":4},"end":{"line":195,"column":5}},"line":178},"11":{"name":"(anonymous_11)","decl":{"start":{"line":197,"column":4},"end":{"line":197,"column":5}},"loc":{"start":{"line":198,"column":4},"end":{"line":210,"column":5}},"line":198},"12":{"name":"(anonymous_12)","decl":{"start":{"line":212,"column":4},"end":{"line":212,"column":5}},"loc":{"start":{"line":213,"column":4},"end":{"line":226,"column":5}},"line":213},"13":{"name":"(anonymous_13)","decl":{"start":{"line":237,"column":4},"end":{"line":237,"column":5}},"loc":{"start":{"line":238,"column":4},"end":{"line":262,"column":5}},"line":238},"14":{"name":"(anonymous_14)","decl":{"start":{"line":264,"column":4},"end":{"line":264,"column":5}},"loc":{"start":{"line":265,"column":4},"end":{"line":290,"column":5}},"line":265},"15":{"name":"(anonymous_15)","decl":{"start":{"line":292,"column":4},"end":{"line":292,"column":5}},"loc":{"start":{"line":293,"column":4},"end":{"line":311,"column":5}},"line":293},"16":{"name":"(anonymous_16)","decl":{"start":{"line":313,"column":4},"end":{"line":313,"column":5}},"loc":{"start":{"line":314,"column":4},"end":{"line":327,"column":5}},"line":314},"17":{"name":"(anonymous_17)","decl":{"start":{"line":329,"column":4},"end":{"line":329,"column":5}},"loc":{"start":{"line":330,"column":4},"end":{"line":347,"column":5}},"line":330}},"branchMap":{},"s":{"0":14,"1":31,"2":20,"3":11,"4":4,"5":4,"6":6,"7":6,"8":4,"9":4,"10":11,"11":5,"12":5,"13":4,"14":4,"15":5,"16":5,"17":5,"18":5,"19":4,"20":4,"21":4,"22":4,"23":4,"24":4,"25":11,"26":4,"27":4,"28":4,"29":4,"30":4,"31":4,"32":4,"33":4,"34":4,"35":4},"f":{"0":14,"1":31,"2":20,"3":4,"4":6,"5":4,"6":5,"7":4,"8":5,"9":5,"10":4,"11":4,"12":4,"13":4,"14":4,"15":4,"16":4,"17":4},"b":{},"_coverageSchema":"43e27e138ebf9cfc5966b082cf9a028302ed4184","hash":"ef9a6e4237ec825955f5dcd61394b476b3a85eff"}
,"/home/cana/Documents/Programas/easy-task/src/0-ApiLibrary/constants/ApiConstants.ts": {"path":"/home/cana/Documents/Programas/easy-task/src/0-ApiLibrary/constants/ApiConstants.ts","statementMap":{"0":{"start":{"line":4,"column":4},"end":{"line":8,"column":5}},"1":{"start":{"line":11,"column":4},"end":{"line":19,"column":5}},"2":{"start":{"line":22,"column":4},"end":{"line":28,"column":5}},"3":{"start":{"line":31,"column":4},"end":{"line":35,"column":5}},"4":{"start":{"line":38,"column":4},"end":{"line":58,"column":5}}},"fnMap":{},"branchMap":{},"s":{"0":11,"1":11,"2":11,"3":11,"4":11},"f":{},"b":{},"_coverageSchema":"43e27e138ebf9cfc5966b082cf9a028302ed4184","hash":"d9d04f7951ade1fdd2ce4373f33c8aa18ca708af"}
,"/home/cana/Documents/Programas/easy-task/src/0-ApiLibrary/interfaces/AuthLib.ts": {"path":"/home/cana/Documents/Programas/easy-task/src/0-ApiLibrary/interfaces/AuthLib.ts","statementMap":{"0":{"start":{"line":9,"column":8},"end":{"line":9,"column":44}}},"fnMap":{"0":{"name":"(anonymous_0)","decl":{"start":{"line":7,"column":4},"end":{"line":7,"column":5}},"loc":{"start":{"line":8,"column":4},"end":{"line":10,"column":5}},"line":8}},"branchMap":{},"s":{"0":11},"f":{"0":11},"b":{},"_coverageSchema":"43e27e138ebf9cfc5966b082cf9a028302ed4184","hash":"a5212a1a8d82a14dcb6e33c44afbb90dab093139"}
,"/home/cana/Documents/Programas/easy-task/src/0-ApiLibrary/interfaces/ProjectLib.ts": {"path":"/home/cana/Documents/Programas/easy-task/src/0-ApiLibrary/interfaces/ProjectLib.ts","statementMap":{"0":{"start":{"line":9,"column":8},"end":{"line":9,"column":47}}},"fnMap":{"0":{"name":"(anonymous_0)","decl":{"start":{"line":7,"column":4},"end":{"line":7,"column":5}},"loc":{"start":{"line":8,"column":4},"end":{"line":10,"column":5}},"line":8}},"branchMap":{},"s":{"0":24},"f":{"0":24},"b":{},"_coverageSchema":"43e27e138ebf9cfc5966b082cf9a028302ed4184","hash":"abc388944fc1bed21b5becb9f7a91596ee76b5ea"}
,"/home/cana/Documents/Programas/easy-task/src/0-ApiLibrary/interfaces/WorkTaskLib.ts": {"path":"/home/cana/Documents/Programas/easy-task/src/0-ApiLibrary/interfaces/WorkTaskLib.ts","statementMap":{"0":{"start":{"line":9,"column":8},"end":{"line":9,"column":48}}},"fnMap":{"0":{"name":"(anonymous_0)","decl":{"start":{"line":7,"column":4},"end":{"line":7,"column":5}},"loc":{"start":{"line":8,"column":4},"end":{"line":10,"column":5}},"line":8}},"branchMap":{},"s":{"0":15},"f":{"0":15},"b":{},"_coverageSchema":"43e27e138ebf9cfc5966b082cf9a028302ed4184","hash":"db3afd11e9ffa1531afc2f5f4fc3fd833f50edb6"}
,"/home/cana/Documents/Programas/easy-task/src/0-ApiLibrary/types/ApiRequest.ts": {"path":"/home/cana/Documents/Programas/easy-task/src/0-ApiLibrary/types/ApiRequest.ts","statementMap":{},"fnMap":{},"branchMap":{},"s":{},"f":{},"b":{},"hash":"da5b3d76147f0f65005ecbbf8ea809d196f197b9"}
,"/home/cana/Documents/Programas/easy-task/src/0-ApiLibrary/types/ApiResponse.ts": {"path":"/home/cana/Documents/Programas/easy-task/src/0-ApiLibrary/types/ApiResponse.ts","statementMap":{},"fnMap":{},"branchMap":{},"s":{},"f":{},"b":{},"hash":"2aa04fee35fa5e7182a09cd913f34dacc3983940"}
,"/home/cana/Documents/Programas/easy-task/src/0-ApiLibrary/types/AuthForm.ts": {"path":"/home/cana/Documents/Programas/easy-task/src/0-ApiLibrary/types/AuthForm.ts","statementMap":{},"fnMap":{},"branchMap":{},"s":{},"f":{},"b":{},"hash":"c27a954c0d5fcf7bc8ff12571dccfec014caeb46"}
,"/home/cana/Documents/Programas/easy-task/src/0-ApiLibrary/types/ProjectForm.ts": {"path":"/home/cana/Documents/Programas/easy-task/src/0-ApiLibrary/types/ProjectForm.ts","statementMap":{},"fnMap":{},"branchMap":{},"s":{},"f":{},"b":{},"hash":"e30a875c4f36f02ca6b55190a6f54a21378edcf1"}
,"/home/cana/Documents/Programas/easy-task/src/0-ApiLibrary/types/WorkTaskForm.ts": {"path":"/home/cana/Documents/Programas/easy-task/src/0-ApiLibrary/types/WorkTaskForm.ts","statementMap":{},"fnMap":{},"branchMap":{},"s":{},"f":{},"b":{},"hash":"dc022bf84a4ad061926bf93db275047af3b93762"}
,"/home/cana/Documents/Programas/easy-task/src/1-AuthManager/AuthManager.ts": {"path":"/home/cana/Documents/Programas/easy-task/src/1-AuthManager/AuthManager.ts","statementMap":{"0":{"start":{"line":23,"column":8},"end":{"line":23,"column":41}},"1":{"start":{"line":24,"column":8},"end":{"line":24,"column":39}},"2":{"start":{"line":25,"column":8},"end":{"line":25,"column":40}},"3":{"start":{"line":30,"column":8},"end":{"line":30,"column":52}},"4":{"start":{"line":31,"column":8},"end":{"line":31,"column":44}},"5":{"start":{"line":36,"column":8},"end":{"line":36,"column":48}},"6":{"start":{"line":37,"column":8},"end":{"line":37,"column":48}},"7":{"start":{"line":42,"column":8},"end":{"line":42,"column":30}},"8":{"start":{"line":43,"column":8},"end":{"line":46,"column":9}},"9":{"start":{"line":45,"column":12},"end":{"line":45,"column":57}},"10":{"start":{"line":52,"column":8},"end":{"line":55,"column":9}},"11":{"start":{"line":57,"column":36},"end":{"line":57,"column":68}},"12":{"start":{"line":58,"column":8},"end":{"line":58,"column":46}},"13":{"start":{"line":64,"column":8},"end":{"line":67,"column":9}},"14":{"start":{"line":69,"column":36},"end":{"line":69,"column":66}},"15":{"start":{"line":70,"column":8},"end":{"line":70,"column":46}},"16":{"start":{"line":76,"column":8},"end":{"line":83,"column":9}},"17":{"start":{"line":85,"column":36},"end":{"line":85,"column":68}},"18":{"start":{"line":86,"column":8},"end":{"line":86,"column":46}},"19":{"start":{"line":91,"column":8},"end":{"line":91,"column":63}},"20":{"start":{"line":96,"column":8},"end":{"line":96,"column":86}},"21":{"start":{"line":96,"column":62},"end":{"line":96,"column":84}},"22":{"start":{"line":101,"column":8},"end":{"line":104,"column":9}},"23":{"start":{"line":103,"column":12},"end":{"line":103,"column":44}},"24":{"start":{"line":105,"column":8},"end":{"line":108,"column":9}},"25":{"start":{"line":107,"column":12},"end":{"line":107,"column":49}}},"fnMap":{"0":{"name":"(anonymous_0)","decl":{"start":{"line":21,"column":4},"end":{"line":21,"column":5}},"loc":{"start":{"line":22,"column":4},"end":{"line":26,"column":5}},"line":22},"1":{"name":"(anonymous_1)","decl":{"start":{"line":28,"column":4},"end":{"line":28,"column":5}},"loc":{"start":{"line":29,"column":4},"end":{"line":32,"column":5}},"line":29},"2":{"name":"(anonymous_2)","decl":{"start":{"line":34,"column":4},"end":{"line":34,"column":5}},"loc":{"start":{"line":35,"column":4},"end":{"line":38,"column":5}},"line":35},"3":{"name":"(anonymous_3)","decl":{"start":{"line":40,"column":4},"end":{"line":40,"column":5}},"loc":{"start":{"line":41,"column":4},"end":{"line":47,"column":5}},"line":41},"4":{"name":"(anonymous_4)","decl":{"start":{"line":49,"column":4},"end":{"line":49,"column":5}},"loc":{"start":{"line":50,"column":4},"end":{"line":59,"column":5}},"line":50},"5":{"name":"(anonymous_5)","decl":{"start":{"line":61,"column":4},"end":{"line":61,"column":5}},"loc":{"start":{"line":62,"column":4},"end":{"line":71,"column":5}},"line":62},"6":{"name":"(anonymous_6)","decl":{"start":{"line":73,"column":4},"end":{"line":73,"column":5}},"loc":{"start":{"line":74,"column":4},"end":{"line":87,"column":5}},"line":74},"7":{"name":"(anonymous_7)","decl":{"start":{"line":89,"column":4},"end":{"line":89,"column":5}},"loc":{"start":{"line":90,"column":4},"end":{"line":92,"column":5}},"line":90},"8":{"name":"(anonymous_8)","decl":{"start":{"line":94,"column":4},"end":{"line":94,"column":5}},"loc":{"start":{"line":95,"column":4},"end":{"line":97,"column":5}},"line":95},"9":{"name":"(anonymous_9)","decl":{"start":{"line":96,"column":51},"end":{"line":96,"column":52}},"loc":{"start":{"line":96,"column":62},"end":{"line":96,"column":84}},"line":96},"10":{"name":"(anonymous_10)","decl":{"start":{"line":99,"column":4},"end":{"line":99,"column":5}},"loc":{"start":{"line":100,"column":4},"end":{"line":109,"column":5}},"line":100}},"branchMap":{"0":{"loc":{"start":{"line":101,"column":8},"end":{"line":104,"column":9}},"type":"if","locations":[{"start":{"line":101,"column":8},"end":{"line":104,"column":9}},{"start":{"line":101,"column":8},"end":{"line":104,"column":9}}],"line":101}},"s":{"0":4,"1":4,"2":4,"3":4,"4":4,"5":4,"6":4,"7":4,"8":4,"9":3,"10":2,"11":2,"12":2,"13":4,"14":4,"15":4,"16":2,"17":2,"18":2,"19":3,"20":1,"21":1,"22":5,"23":4,"24":5,"25":5},"f":{"0":4,"1":4,"2":4,"3":4,"4":2,"5":4,"6":2,"7":3,"8":1,"9":1,"10":5},"b":{"0":[4,1]},"_coverageSchema":"43e27e138ebf9cfc5966b082cf9a028302ed4184","hash":"0715a284d30a366499b0272f64a8912a48f87acf"}
,"/home/cana/Documents/Programas/easy-task/src/1-AuthManager/interfaces/AuthCommunicator.ts": {"path":"/home/cana/Documents/Programas/easy-task/src/1-AuthManager/interfaces/AuthCommunicator.ts","statementMap":{},"fnMap":{},"branchMap":{},"s":{},"f":{},"b":{},"hash":"07c572777334e5e0fccb007a3aba27f8d4ec148b"}
,"/home/cana/Documents/Programas/easy-task/src/1-AuthManager/interfaces/AuthDataSource.ts": {"path":"/home/cana/Documents/Programas/easy-task/src/1-AuthManager/interfaces/AuthDataSource.ts","statementMap":{},"fnMap":{},"branchMap":{},"s":{},"f":{},"b":{},"hash":"2d3b9f196b1cd0eff58cbf6ac3a8e0ce9f0f6ac8"}
,"/home/cana/Documents/Programas/easy-task/src/1-AuthManager/interfaces/AuthSubscriber.ts": {"path":"/home/cana/Documents/Programas/easy-task/src/1-AuthManager/interfaces/AuthSubscriber.ts","statementMap":{},"fnMap":{},"branchMap":{},"s":{},"f":{},"b":{},"hash":"63541489a8672adab28a5e04569e76a75a428352"}
,"/home/cana/Documents/Programas/easy-task/src/1-AuthManager/interfaces/CommunicatorDelegate.ts": {"path":"/home/cana/Documents/Programas/easy-task/src/1-AuthManager/interfaces/CommunicatorDelegate.ts","statementMap":{},"fnMap":{},"branchMap":{},"s":{},"f":{},"b":{},"hash":"a477c3d6bb1e7a27404f07a21c88b3da1b4ee2bc"}
,"/home/cana/Documents/Programas/easy-task/src/1-AuthManager/types/AuthManagerComponents.ts": {"path":"/home/cana/Documents/Programas/easy-task/src/1-AuthManager/types/AuthManagerComponents.ts","statementMap":{},"fnMap":{},"branchMap":{},"s":{},"f":{},"b":{},"hash":"bcddf474128d28fd5a518ac4a0c6581389afed96"}
,"/home/cana/Documents/Programas/easy-task/src/1-AuthManager/types/LoginParameters.ts": {"path":"/home/cana/Documents/Programas/easy-task/src/1-AuthManager/types/LoginParameters.ts","statementMap":{},"fnMap":{},"branchMap":{},"s":{},"f":{},"b":{},"hash":"971114acf1b0ae1b3f2b4c3145c892322347b029"}
,"/home/cana/Documents/Programas/easy-task/src/1-AuthManager/types/NewUserParameters.ts": {"path":"/home/cana/Documents/Programas/easy-task/src/1-AuthManager/types/NewUserParameters.ts","statementMap":{},"fnMap":{},"branchMap":{},"s":{},"f":{},"b":{},"hash":"7b72b9e430c644d3e11f5cde4bae96799464f512"}
,"/home/cana/Documents/Programas/easy-task/src/1-ProjectManager/ProjectManager.ts": {"path":"/home/cana/Documents/Programas/easy-task/src/1-ProjectManager/ProjectManager.ts","statementMap":{"0":{"start":{"line":25,"column":8},"end":{"line":25,"column":41}},"1":{"start":{"line":26,"column":8},"end":{"line":26,"column":39}},"2":{"start":{"line":27,"column":8},"end":{"line":27,"column":40}},"3":{"start":{"line":32,"column":8},"end":{"line":32,"column":52}},"4":{"start":{"line":33,"column":8},"end":{"line":33,"column":44}},"5":{"start":{"line":38,"column":8},"end":{"line":38,"column":48}},"6":{"start":{"line":39,"column":8},"end":{"line":39,"column":48}},"7":{"start":{"line":44,"column":8},"end":{"line":44,"column":30}},"8":{"start":{"line":45,"column":8},"end":{"line":48,"column":9}},"9":{"start":{"line":47,"column":12},"end":{"line":47,"column":57}},"10":{"start":{"line":53,"column":8},"end":{"line":53,"column":27}},"11":{"start":{"line":55,"column":8},"end":{"line":62,"column":9}},"12":{"start":{"line":64,"column":35},"end":{"line":64,"column":79}},"13":{"start":{"line":65,"column":8},"end":{"line":65,"column":46}},"14":{"start":{"line":70,"column":8},"end":{"line":70,"column":27}},"15":{"start":{"line":72,"column":8},"end":{"line":79,"column":9}},"16":{"start":{"line":81,"column":35},"end":{"line":81,"column":77}},"17":{"start":{"line":82,"column":8},"end":{"line":82,"column":46}},"18":{"start":{"line":87,"column":8},"end":{"line":87,"column":27}},"19":{"start":{"line":89,"column":8},"end":{"line":96,"column":9}},"20":{"start":{"line":98,"column":35},"end":{"line":98,"column":79}},"21":{"start":{"line":99,"column":8},"end":{"line":99,"column":46}},"22":{"start":{"line":104,"column":8},"end":{"line":104,"column":27}},"23":{"start":{"line":106,"column":8},"end":{"line":113,"column":9}},"24":{"start":{"line":115,"column":35},"end":{"line":115,"column":82}},"25":{"start":{"line":116,"column":8},"end":{"line":116,"column":46}},"26":{"start":{"line":121,"column":8},"end":{"line":121,"column":27}},"27":{"start":{"line":123,"column":8},"end":{"line":130,"column":9}},"28":{"start":{"line":132,"column":35},"end":{"line":132,"column":85}},"29":{"start":{"line":133,"column":8},"end":{"line":133,"column":46}},"30":{"start":{"line":138,"column":8},"end":{"line":138,"column":27}},"31":{"start":{"line":140,"column":8},"end":{"line":147,"column":9}},"32":{"start":{"line":148,"column":8},"end":{"line":148,"column":15}},"33":{"start":{"line":149,"column":35},"end":{"line":149,"column":81}},"34":{"start":{"line":150,"column":8},"end":{"line":150,"column":46}},"35":{"start":{"line":155,"column":8},"end":{"line":155,"column":27}},"36":{"start":{"line":157,"column":8},"end":{"line":164,"column":9}},"37":{"start":{"line":166,"column":35},"end":{"line":166,"column":83}},"38":{"start":{"line":167,"column":8},"end":{"line":167,"column":46}},"39":{"start":{"line":172,"column":8},"end":{"line":175,"column":9}},"40":{"start":{"line":174,"column":12},"end":{"line":174,"column":52}},"41":{"start":{"line":180,"column":8},"end":{"line":180,"column":63}},"42":{"start":{"line":185,"column":8},"end":{"line":185,"column":86}},"43":{"start":{"line":185,"column":62},"end":{"line":185,"column":84}},"44":{"start":{"line":190,"column":8},"end":{"line":193,"column":9}},"45":{"start":{"line":192,"column":12},"end":{"line":192,"column":49}}},"fnMap":{"0":{"name":"(anonymous_0)","decl":{"start":{"line":23,"column":4},"end":{"line":23,"column":5}},"loc":{"start":{"line":24,"column":4},"end":{"line":28,"column":5}},"line":24},"1":{"name":"(anonymous_1)","decl":{"start":{"line":30,"column":4},"end":{"line":30,"column":5}},"loc":{"start":{"line":31,"column":4},"end":{"line":34,"column":5}},"line":31},"2":{"name":"(anonymous_2)","decl":{"start":{"line":36,"column":4},"end":{"line":36,"column":5}},"loc":{"start":{"line":37,"column":4},"end":{"line":40,"column":5}},"line":37},"3":{"name":"(anonymous_3)","decl":{"start":{"line":42,"column":4},"end":{"line":42,"column":5}},"loc":{"start":{"line":43,"column":4},"end":{"line":49,"column":5}},"line":43},"4":{"name":"(anonymous_4)","decl":{"start":{"line":51,"column":4},"end":{"line":51,"column":5}},"loc":{"start":{"line":52,"column":4},"end":{"line":66,"column":5}},"line":52},"5":{"name":"(anonymous_5)","decl":{"start":{"line":68,"column":4},"end":{"line":68,"column":5}},"loc":{"start":{"line":69,"column":4},"end":{"line":83,"column":5}},"line":69},"6":{"name":"(anonymous_6)","decl":{"start":{"line":85,"column":4},"end":{"line":85,"column":5}},"loc":{"start":{"line":86,"column":4},"end":{"line":100,"column":5}},"line":86},"7":{"name":"(anonymous_7)","decl":{"start":{"line":102,"column":4},"end":{"line":102,"column":5}},"loc":{"start":{"line":103,"column":4},"end":{"line":117,"column":5}},"line":103},"8":{"name":"(anonymous_8)","decl":{"start":{"line":119,"column":4},"end":{"line":119,"column":5}},"loc":{"start":{"line":120,"column":4},"end":{"line":134,"column":5}},"line":120},"9":{"name":"(anonymous_9)","decl":{"start":{"line":136,"column":4},"end":{"line":136,"column":5}},"loc":{"start":{"line":137,"column":4},"end":{"line":151,"column":5}},"line":137},"10":{"name":"(anonymous_10)","decl":{"start":{"line":153,"column":4},"end":{"line":153,"column":5}},"loc":{"start":{"line":154,"column":4},"end":{"line":168,"column":5}},"line":154},"11":{"name":"(anonymous_11)","decl":{"start":{"line":170,"column":4},"end":{"line":170,"column":5}},"loc":{"start":{"line":171,"column":4},"end":{"line":176,"column":5}},"line":171},"12":{"name":"(anonymous_12)","decl":{"start":{"line":178,"column":4},"end":{"line":178,"column":5}},"loc":{"start":{"line":179,"column":4},"end":{"line":181,"column":5}},"line":179},"13":{"name":"(anonymous_13)","decl":{"start":{"line":183,"column":4},"end":{"line":183,"column":5}},"loc":{"start":{"line":184,"column":4},"end":{"line":186,"column":5}},"line":184},"14":{"name":"(anonymous_14)","decl":{"start":{"line":185,"column":51},"end":{"line":185,"column":52}},"loc":{"start":{"line":185,"column":62},"end":{"line":185,"column":84}},"line":185},"15":{"name":"(anonymous_15)","decl":{"start":{"line":188,"column":4},"end":{"line":188,"column":5}},"loc":{"start":{"line":189,"column":4},"end":{"line":194,"column":5}},"line":189}},"branchMap":{"0":{"loc":{"start":{"line":172,"column":8},"end":{"line":175,"column":9}},"type":"if","locations":[{"start":{"line":172,"column":8},"end":{"line":175,"column":9}},{"start":{"line":172,"column":8},"end":{"line":175,"column":9}}],"line":172}},"s":{"0":3,"1":3,"2":3,"3":3,"4":3,"5":3,"6":3,"7":3,"8":3,"9":2,"10":3,"11":3,"12":3,"13":3,"14":2,"15":2,"16":2,"17":2,"18":3,"19":3,"20":3,"21":3,"22":3,"23":3,"24":3,"25":3,"26":2,"27":2,"28":2,"29":2,"30":2,"31":2,"32":2,"33":2,"34":2,"35":2,"36":2,"37":2,"38":2,"39":17,"40":0,"41":2,"42":0,"43":0,"44":9,"45":9},"f":{"0":3,"1":3,"2":3,"3":3,"4":3,"5":2,"6":3,"7":3,"8":2,"9":2,"10":2,"11":17,"12":2,"13":0,"14":0,"15":9},"b":{"0":[0,17]},"_coverageSchema":"43e27e138ebf9cfc5966b082cf9a028302ed4184","hash":"068971fcd4039edbcea7f1429616a65ea8f6d2c3"}
,"/home/cana/Documents/Programas/easy-task/src/1-ProjectManager/interfaces/CommunicatorDelagate.ts": {"path":"/home/cana/Documents/Programas/easy-task/src/1-ProjectManager/interfaces/CommunicatorDelagate.ts","statementMap":{},"fnMap":{},"branchMap":{},"s":{},"f":{},"b":{},"hash":"fa5115c844acce8a94f32e392bb8d62b965ac8cd"}
,"/home/cana/Documents/Programas/easy-task/src/1-ProjectManager/interfaces/ProjectCommunicator.ts": {"path":"/home/cana/Documents/Programas/easy-task/src/1-ProjectManager/interfaces/ProjectCommunicator.ts","statementMap":{},"fnMap":{},"branchMap":{},"s":{},"f":{},"b":{},"hash":"4e412896bcf90baf0627b3329349a4c26214724f"}
,"/home/cana/Documents/Programas/easy-task/src/1-ProjectManager/interfaces/ProjectDataSource.ts": {"path":"/home/cana/Documents/Programas/easy-task/src/1-ProjectManager/interfaces/ProjectDataSource.ts","statementMap":{},"fnMap":{},"branchMap":{},"s":{},"f":{},"b":{},"hash":"3c93d7d4490666044ba8e7eb66d6bef6c94b0df2"}
,"/home/cana/Documents/Programas/easy-task/src/1-ProjectManager/interfaces/ProjectSubscriber.ts": {"path":"/home/cana/Documents/Programas/easy-task/src/1-ProjectManager/interfaces/ProjectSubscriber.ts","statementMap":{},"fnMap":{},"branchMap":{},"s":{},"f":{},"b":{},"hash":"d644ad34f0ef22f083551a711687d9f6a21ead24"}
,"/home/cana/Documents/Programas/easy-task/src/1-ProjectManager/types/CreateProjectParameters.ts": {"path":"/home/cana/Documents/Programas/easy-task/src/1-ProjectManager/types/CreateProjectParameters.ts","statementMap":{},"fnMap":{},"branchMap":{},"s":{},"f":{},"b":{},"hash":"6b704a577b0c93ad1e6d54dfe030b11050fe125d"}
,"/home/cana/Documents/Programas/easy-task/src/1-ProjectManager/types/DeleteProjectParameters.ts": {"path":"/home/cana/Documents/Programas/easy-task/src/1-ProjectManager/types/DeleteProjectParameters.ts","statementMap":{},"fnMap":{},"branchMap":{},"s":{},"f":{},"b":{},"hash":"94130aa0b1841a0839713b4ea21c678824efed34"}
,"/home/cana/Documents/Programas/easy-task/src/1-ProjectManager/types/EditProjectParameters.ts": {"path":"/home/cana/Documents/Programas/easy-task/src/1-ProjectManager/types/EditProjectParameters.ts","statementMap":{},"fnMap":{},"branchMap":{},"s":{},"f":{},"b":{},"hash":"894c375898e2a5a7df11fec1bc1604fd90077d76"}
,"/home/cana/Documents/Programas/easy-task/src/1-ProjectManager/types/ManageUserParameters.ts": {"path":"/home/cana/Documents/Programas/easy-task/src/1-ProjectManager/types/ManageUserParameters.ts","statementMap":{},"fnMap":{},"branchMap":{},"s":{},"f":{},"b":{},"hash":"06741178b954e4d57d67757a45dd5298b961af4f"}
,"/home/cana/Documents/Programas/easy-task/src/1-ProjectManager/types/ProjectManagerComponents.ts": {"path":"/home/cana/Documents/Programas/easy-task/src/1-ProjectManager/types/ProjectManagerComponents.ts","statementMap":{},"fnMap":{},"branchMap":{},"s":{},"f":{},"b":{},"hash":"c27d9453160bb99a90f94c180a6a693ccd168ef3"}
,"/home/cana/Documents/Programas/easy-task/src/1-WorkTaskManager/WorkTaskManager.ts": {"path":"/home/cana/Documents/Programas/easy-task/src/1-WorkTaskManager/WorkTaskManager.ts","statementMap":{"0":{"start":{"line":25,"column":8},"end":{"line":25,"column":41}},"1":{"start":{"line":26,"column":8},"end":{"line":26,"column":39}},"2":{"start":{"line":27,"column":8},"end":{"line":27,"column":40}},"3":{"start":{"line":32,"column":8},"end":{"line":32,"column":52}},"4":{"start":{"line":33,"column":8},"end":{"line":33,"column":44}},"5":{"start":{"line":38,"column":8},"end":{"line":38,"column":48}},"6":{"start":{"line":39,"column":8},"end":{"line":39,"column":48}},"7":{"start":{"line":44,"column":8},"end":{"line":44,"column":30}},"8":{"start":{"line":45,"column":8},"end":{"line":48,"column":9}},"9":{"start":{"line":47,"column":12},"end":{"line":47,"column":57}},"10":{"start":{"line":53,"column":8},"end":{"line":53,"column":27}},"11":{"start":{"line":55,"column":8},"end":{"line":62,"column":9}},"12":{"start":{"line":64,"column":36},"end":{"line":64,"column":83}},"13":{"start":{"line":65,"column":8},"end":{"line":65,"column":46}},"14":{"start":{"line":70,"column":8},"end":{"line":70,"column":27}},"15":{"start":{"line":72,"column":8},"end":{"line":79,"column":9}},"16":{"start":{"line":81,"column":36},"end":{"line":81,"column":83}},"17":{"start":{"line":82,"column":8},"end":{"line":82,"column":46}},"18":{"start":{"line":87,"column":8},"end":{"line":87,"column":27}},"19":{"start":{"line":89,"column":8},"end":{"line":96,"column":9}},"20":{"start":{"line":98,"column":36},"end":{"line":98,"column":83}},"21":{"start":{"line":99,"column":8},"end":{"line":99,"column":46}},"22":{"start":{"line":104,"column":8},"end":{"line":104,"column":27}},"23":{"start":{"line":106,"column":8},"end":{"line":113,"column":9}},"24":{"start":{"line":115,"column":36},"end":{"line":115,"column":80}},"25":{"start":{"line":116,"column":8},"end":{"line":116,"column":46}},"26":{"start":{"line":121,"column":8},"end":{"line":121,"column":27}},"27":{"start":{"line":123,"column":8},"end":{"line":130,"column":9}},"28":{"start":{"line":132,"column":36},"end":{"line":132,"column":83}},"29":{"start":{"line":133,"column":8},"end":{"line":133,"column":46}},"30":{"start":{"line":138,"column":8},"end":{"line":141,"column":9}},"31":{"start":{"line":140,"column":12},"end":{"line":140,"column":52}},"32":{"start":{"line":146,"column":8},"end":{"line":146,"column":63}},"33":{"start":{"line":151,"column":8},"end":{"line":151,"column":86}},"34":{"start":{"line":151,"column":62},"end":{"line":151,"column":84}},"35":{"start":{"line":156,"column":8},"end":{"line":159,"column":9}},"36":{"start":{"line":158,"column":12},"end":{"line":158,"column":49}}},"fnMap":{"0":{"name":"(anonymous_0)","decl":{"start":{"line":23,"column":4},"end":{"line":23,"column":5}},"loc":{"start":{"line":24,"column":4},"end":{"line":28,"column":5}},"line":24},"1":{"name":"(anonymous_1)","decl":{"start":{"line":30,"column":4},"end":{"line":30,"column":5}},"loc":{"start":{"line":31,"column":4},"end":{"line":34,"column":5}},"line":31},"2":{"name":"(anonymous_2)","decl":{"start":{"line":36,"column":4},"end":{"line":36,"column":5}},"loc":{"start":{"line":37,"column":4},"end":{"line":40,"column":5}},"line":37},"3":{"name":"(anonymous_3)","decl":{"start":{"line":42,"column":4},"end":{"line":42,"column":5}},"loc":{"start":{"line":43,"column":4},"end":{"line":49,"column":5}},"line":43},"4":{"name":"(anonymous_4)","decl":{"start":{"line":51,"column":4},"end":{"line":51,"column":5}},"loc":{"start":{"line":52,"column":4},"end":{"line":66,"column":5}},"line":52},"5":{"name":"(anonymous_5)","decl":{"start":{"line":68,"column":4},"end":{"line":68,"column":5}},"loc":{"start":{"line":69,"column":4},"end":{"line":83,"column":5}},"line":69},"6":{"name":"(anonymous_6)","decl":{"start":{"line":85,"column":4},"end":{"line":85,"column":5}},"loc":{"start":{"line":86,"column":4},"end":{"line":100,"column":5}},"line":86},"7":{"name":"(anonymous_7)","decl":{"start":{"line":102,"column":4},"end":{"line":102,"column":5}},"loc":{"start":{"line":103,"column":4},"end":{"line":117,"column":5}},"line":103},"8":{"name":"(anonymous_8)","decl":{"start":{"line":119,"column":4},"end":{"line":119,"column":5}},"loc":{"start":{"line":120,"column":4},"end":{"line":134,"column":5}},"line":120},"9":{"name":"(anonymous_9)","decl":{"start":{"line":136,"column":4},"end":{"line":136,"column":5}},"loc":{"start":{"line":137,"column":4},"end":{"line":142,"column":5}},"line":137},"10":{"name":"(anonymous_10)","decl":{"start":{"line":144,"column":4},"end":{"line":144,"column":5}},"loc":{"start":{"line":145,"column":4},"end":{"line":147,"column":5}},"line":145},"11":{"name":"(anonymous_11)","decl":{"start":{"line":149,"column":4},"end":{"line":149,"column":5}},"loc":{"start":{"line":150,"column":4},"end":{"line":152,"column":5}},"line":150},"12":{"name":"(anonymous_12)","decl":{"start":{"line":151,"column":51},"end":{"line":151,"column":52}},"loc":{"start":{"line":151,"column":62},"end":{"line":151,"column":84}},"line":151},"13":{"name":"(anonymous_13)","decl":{"start":{"line":154,"column":4},"end":{"line":154,"column":5}},"loc":{"start":{"line":155,"column":4},"end":{"line":160,"column":5}},"line":155}},"branchMap":{"0":{"loc":{"start":{"line":138,"column":8},"end":{"line":141,"column":9}},"type":"if","locations":[{"start":{"line":138,"column":8},"end":{"line":141,"column":9}},{"start":{"line":138,"column":8},"end":{"line":141,"column":9}}],"line":138}},"s":{"0":2,"1":2,"2":2,"3":2,"4":2,"5":2,"6":2,"7":2,"8":2,"9":1,"10":2,"11":2,"12":2,"13":2,"14":2,"15":2,"16":2,"17":2,"18":2,"19":2,"20":2,"21":2,"22":2,"23":2,"24":2,"25":2,"26":2,"27":2,"28":2,"29":2,"30":10,"31":0,"32":1,"33":0,"34":0,"35":6,"36":6},"f":{"0":2,"1":2,"2":2,"3":2,"4":2,"5":2,"6":2,"7":2,"8":2,"9":10,"10":1,"11":0,"12":0,"13":6},"b":{"0":[0,10]},"_coverageSchema":"43e27e138ebf9cfc5966b082cf9a028302ed4184","hash":"45ff670f5e767b8f16fe7667c2616eeb2c7324ae"}
,"/home/cana/Documents/Programas/easy-task/src/1-WorkTaskManager/interfaces/CommunicatorDelagate.ts": {"path":"/home/cana/Documents/Programas/easy-task/src/1-WorkTaskManager/interfaces/CommunicatorDelagate.ts","statementMap":{},"fnMap":{},"branchMap":{},"s":{},"f":{},"b":{},"hash":"aee3914bb16e83f4a408eddfbb53b5dfc2071069"}
,"/home/cana/Documents/Programas/easy-task/src/1-WorkTaskManager/interfaces/WorkTaskCommunicator.ts": {"path":"/home/cana/Documents/Programas/easy-task/src/1-WorkTaskManager/interfaces/WorkTaskCommunicator.ts","statementMap":{},"fnMap":{},"branchMap":{},"s":{},"f":{},"b":{},"hash":"1a5c8a7f8f877e558afed1c443f51edd4067b09a"}
,"/home/cana/Documents/Programas/easy-task/src/1-WorkTaskManager/interfaces/WorkTaskDataSource.ts": {"path":"/home/cana/Documents/Programas/easy-task/src/1-WorkTaskManager/interfaces/WorkTaskDataSource.ts","statementMap":{},"fnMap":{},"branchMap":{},"s":{},"f":{},"b":{},"hash":"95cbd7e1bc45ccca8aec3a648f0e8b52bb466928"}
,"/home/cana/Documents/Programas/easy-task/src/1-WorkTaskManager/interfaces/WorkTaskSubscriber.ts": {"path":"/home/cana/Documents/Programas/easy-task/src/1-WorkTaskManager/interfaces/WorkTaskSubscriber.ts","statementMap":{},"fnMap":{},"branchMap":{},"s":{},"f":{},"b":{},"hash":"ff2ca7bee629d7293c8fa8f749856f197e42dc3b"}
,"/home/cana/Documents/Programas/easy-task/src/1-WorkTaskManager/types/AddResponsibleParameters.ts": {"path":"/home/cana/Documents/Programas/easy-task/src/1-WorkTaskManager/types/AddResponsibleParameters.ts","statementMap":{},"fnMap":{},"branchMap":{},"s":{},"f":{},"b":{},"hash":"da1d4278d3843388188ce81350b1f6416e39a194"}
,"/home/cana/Documents/Programas/easy-task/src/1-WorkTaskManager/types/CreateWorkTaskParameters.ts": {"path":"/home/cana/Documents/Programas/easy-task/src/1-WorkTaskManager/types/CreateWorkTaskParameters.ts","statementMap":{},"fnMap":{},"branchMap":{},"s":{},"f":{},"b":{},"hash":"86564016f8774caffc9332462f5acca0e855d236"}
,"/home/cana/Documents/Programas/easy-task/src/1-WorkTaskManager/types/DeleteTaskParameters.ts": {"path":"/home/cana/Documents/Programas/easy-task/src/1-WorkTaskManager/types/DeleteTaskParameters.ts","statementMap":{},"fnMap":{},"branchMap":{},"s":{},"f":{},"b":{},"hash":"631bd2fcbe7a7edc4179925831c9b845f9a2bfb8"}
,"/home/cana/Documents/Programas/easy-task/src/1-WorkTaskManager/types/UpdateWorkTaskParameters.ts": {"path":"/home/cana/Documents/Programas/easy-task/src/1-WorkTaskManager/types/UpdateWorkTaskParameters.ts","statementMap":{},"fnMap":{},"branchMap":{},"s":{},"f":{},"b":{},"hash":"f0c1ba7ef8e0c6f4b89c968974aa3133ac196506"}
,"/home/cana/Documents/Programas/easy-task/src/1-WorkTaskManager/types/WorkTaskManagerComponents.ts": {"path":"/home/cana/Documents/Programas/easy-task/src/1-WorkTaskManager/types/WorkTaskManagerComponents.ts","statementMap":{},"fnMap":{},"branchMap":{},"s":{},"f":{},"b":{},"hash":"2b2a3bfed7e4fe8905c70998d1f3c4f3a511e581"}
,"/home/cana/Documents/Programas/easy-task/src/2-AxiosCommunicator/AxiosCommunicator.ts": {"path":"/home/cana/Documents/Programas/easy-task/src/2-AxiosCommunicator/AxiosCommunicator.ts","statementMap":{"0":{"start":{"line":13,"column":8},"end":{"line":13,"column":57}},"1":{"start":{"line":18,"column":8},"end":{"line":19,"column":49}},"2":{"start":{"line":18,"column":39},"end":{"line":18,"column":68}},"3":{"start":{"line":19,"column":13},"end":{"line":19,"column":49}},"4":{"start":{"line":24,"column":8},"end":{"line":34,"column":14}},"5":{"start":{"line":27,"column":36},"end":{"line":27,"column":71}},"6":{"start":{"line":28,"column":16},"end":{"line":28,"column":60}},"7":{"start":{"line":32,"column":36},"end":{"line":32,"column":77}},"8":{"start":{"line":33,"column":16},"end":{"line":33,"column":60}},"9":{"start":{"line":39,"column":8},"end":{"line":49,"column":14}},"10":{"start":{"line":42,"column":36},"end":{"line":42,"column":71}},"11":{"start":{"line":43,"column":16},"end":{"line":43,"column":60}},"12":{"start":{"line":47,"column":36},"end":{"line":47,"column":77}},"13":{"start":{"line":48,"column":16},"end":{"line":48,"column":60}},"14":{"start":{"line":55,"column":8},"end":{"line":59,"column":9}},"15":{"start":{"line":60,"column":8},"end":{"line":60,"column":26}}},"fnMap":{"0":{"name":"(anonymous_0)","decl":{"start":{"line":11,"column":4},"end":{"line":11,"column":5}},"loc":{"start":{"line":12,"column":4},"end":{"line":14,"column":5}},"line":12},"1":{"name":"(anonymous_1)","decl":{"start":{"line":16,"column":4},"end":{"line":16,"column":5}},"loc":{"start":{"line":17,"column":4},"end":{"line":20,"column":5}},"line":17},"2":{"name":"(anonymous_2)","decl":{"start":{"line":22,"column":4},"end":{"line":22,"column":5}},"loc":{"start":{"line":23,"column":4},"end":{"line":35,"column":5}},"line":23},"3":{"name":"(anonymous_3)","decl":{"start":{"line":25,"column":18},"end":{"line":25,"column":19}},"loc":{"start":{"line":26,"column":12},"end":{"line":29,"column":13}},"line":26},"4":{"name":"(anonymous_4)","decl":{"start":{"line":30,"column":19},"end":{"line":30,"column":20}},"loc":{"start":{"line":31,"column":12},"end":{"line":34,"column":13}},"line":31},"5":{"name":"(anonymous_5)","decl":{"start":{"line":37,"column":4},"end":{"line":37,"column":5}},"loc":{"start":{"line":38,"column":4},"end":{"line":50,"column":5}},"line":38},"6":{"name":"(anonymous_6)","decl":{"start":{"line":40,"column":18},"end":{"line":40,"column":19}},"loc":{"start":{"line":41,"column":12},"end":{"line":44,"column":13}},"line":41},"7":{"name":"(anonymous_7)","decl":{"start":{"line":45,"column":19},"end":{"line":45,"column":20}},"loc":{"start":{"line":46,"column":12},"end":{"line":49,"column":13}},"line":46},"8":{"name":"(anonymous_8)","decl":{"start":{"line":52,"column":4},"end":{"line":52,"column":5}},"loc":{"start":{"line":53,"column":4},"end":{"line":61,"column":5}},"line":53}},"branchMap":{"0":{"loc":{"start":{"line":18,"column":8},"end":{"line":19,"column":49}},"type":"if","locations":[{"start":{"line":18,"column":8},"end":{"line":19,"column":49}},{"start":{"line":18,"column":8},"end":{"line":19,"column":49}}],"line":18}},"s":{"0":7,"1":23,"2":17,"3":6,"4":17,"5":16,"6":16,"7":1,"8":1,"9":6,"10":5,"11":5,"12":1,"13":1,"14":23,"15":23},"f":{"0":7,"1":23,"2":17,"3":16,"4":1,"5":6,"6":5,"7":1,"8":23},"b":{"0":[17,6]},"_coverageSchema":"43e27e138ebf9cfc5966b082cf9a028302ed4184","hash":"52c7b84c060a3b233027c406acaff6fe7b6411d2"}
,"/home/cana/Documents/Programas/easy-task/src/2-Database/Database.ts": {"path":"/home/cana/Documents/Programas/easy-task/src/2-Database/Database.ts","statementMap":{"0":{"start":{"line":12,"column":19},"end":{"line":12,"column":40}},"1":{"start":{"line":24,"column":8},"end":{"line":24,"column":62}},"2":{"start":{"line":25,"column":8},"end":{"line":30,"column":9}},"3":{"start":{"line":31,"column":8},"end":{"line":31,"column":32}},"4":{"start":{"line":36,"column":8},"end":{"line":40,"column":11}},"5":{"start":{"line":38,"column":12},"end":{"line":38,"column":31}},"6":{"start":{"line":39,"column":12},"end":{"line":39,"column":71}},"7":{"start":{"line":45,"column":26},"end":{"line":51,"column":11}},"8":{"start":{"line":53,"column":8},"end":{"line":53,"column":65}},"9":{"start":{"line":58,"column":26},"end":{"line":58,"column":68}},"10":{"start":{"line":59,"column":8},"end":{"line":59,"column":66}},"11":{"start":{"line":64,"column":8},"end":{"line":69,"column":9}},"12":{"start":{"line":64,"column":31},"end":{"line":64,"column":53}},"13":{"start":{"line":67,"column":12},"end":{"line":67,"column":31}},"14":{"start":{"line":68,"column":12},"end":{"line":68,"column":46}},"15":{"start":{"line":74,"column":26},"end":{"line":74,"column":91}},"16":{"start":{"line":75,"column":8},"end":{"line":75,"column":65}},"17":{"start":{"line":80,"column":8},"end":{"line":85,"column":10}},"18":{"start":{"line":90,"column":26},"end":{"line":99,"column":11}},"19":{"start":{"line":101,"column":8},"end":{"line":101,"column":69}},"20":{"start":{"line":106,"column":26},"end":{"line":106,"column":71}},"21":{"start":{"line":107,"column":8},"end":{"line":107,"column":70}},"22":{"start":{"line":112,"column":8},"end":{"line":125,"column":9}},"23":{"start":{"line":112,"column":18},"end":{"line":112,"column":19}},"24":{"start":{"line":115,"column":12},"end":{"line":123,"column":13}},"25":{"start":{"line":124,"column":12},"end":{"line":124,"column":45}},"26":{"start":{"line":126,"column":8},"end":{"line":126,"column":42}},"27":{"start":{"line":131,"column":26},"end":{"line":146,"column":11}},"28":{"start":{"line":148,"column":8},"end":{"line":148,"column":70}},"29":{"start":{"line":153,"column":26},"end":{"line":153,"column":72}},"30":{"start":{"line":154,"column":8},"end":{"line":154,"column":71}},"31":{"start":{"line":159,"column":8},"end":{"line":178,"column":9}},"32":{"start":{"line":159,"column":18},"end":{"line":159,"column":19}},"33":{"start":{"line":162,"column":12},"end":{"line":176,"column":13}},"34":{"start":{"line":177,"column":12},"end":{"line":177,"column":45}},"35":{"start":{"line":179,"column":8},"end":{"line":179,"column":61}},"36":{"start":{"line":179,"column":39},"end":{"line":179,"column":61}},"37":{"start":{"line":186,"column":8},"end":{"line":186,"column":29}},"38":{"start":{"line":193,"column":8},"end":{"line":193,"column":28}},"39":{"start":{"line":194,"column":8},"end":{"line":194,"column":26}},"40":{"start":{"line":199,"column":8},"end":{"line":199,"column":56}},"41":{"start":{"line":199,"column":23},"end":{"line":199,"column":56}},"42":{"start":{"line":200,"column":8},"end":{"line":200,"column":53}},"43":{"start":{"line":200,"column":22},"end":{"line":200,"column":53}},"44":{"start":{"line":201,"column":8},"end":{"line":201,"column":64}},"45":{"start":{"line":201,"column":26},"end":{"line":201,"column":64}},"46":{"start":{"line":206,"column":8},"end":{"line":216,"column":10}},"47":{"start":{"line":208,"column":30},"end":{"line":214,"column":45}},"48":{"start":{"line":215,"column":12},"end":{"line":215,"column":41}},"49":{"start":{"line":223,"column":8},"end":{"line":223,"column":34}},"50":{"start":{"line":231,"column":22},"end":{"line":231,"column":48}},"51":{"start":{"line":232,"column":8},"end":{"line":233,"column":40}},"52":{"start":{"line":232,"column":25},"end":{"line":232,"column":60}},"53":{"start":{"line":233,"column":13},"end":{"line":233,"column":40}},"54":{"start":{"line":238,"column":8},"end":{"line":238,"column":75}},"55":{"start":{"line":238,"column":52},"end":{"line":238,"column":74}},"56":{"start":{"line":243,"column":8},"end":{"line":243,"column":92}},"57":{"start":{"line":243,"column":32},"end":{"line":243,"column":92}},"58":{"start":{"line":244,"column":8},"end":{"line":244,"column":92}},"59":{"start":{"line":244,"column":32},"end":{"line":244,"column":92}},"60":{"start":{"line":245,"column":8},"end":{"line":245,"column":86}},"61":{"start":{"line":245,"column":30},"end":{"line":245,"column":86}},"62":{"start":{"line":246,"column":8},"end":{"line":246,"column":89}},"63":{"start":{"line":246,"column":31},"end":{"line":246,"column":89}},"64":{"start":{"line":247,"column":8},"end":{"line":247,"column":86}},"65":{"start":{"line":247,"column":30},"end":{"line":247,"column":86}},"66":{"start":{"line":248,"column":8},"end":{"line":248,"column":109}},"67":{"start":{"line":248,"column":53},"end":{"line":248,"column":109}},"68":{"start":{"line":249,"column":8},"end":{"line":249,"column":51}},"69":{"start":{"line":254,"column":8},"end":{"line":268,"column":10}},"70":{"start":{"line":256,"column":30},"end":{"line":265,"column":66}},"71":{"start":{"line":267,"column":12},"end":{"line":267,"column":41}},"72":{"start":{"line":273,"column":8},"end":{"line":273,"column":41}},"73":{"start":{"line":274,"column":8},"end":{"line":274,"column":35}},"74":{"start":{"line":279,"column":8},"end":{"line":293,"column":10}},"75":{"start":{"line":281,"column":30},"end":{"line":290,"column":14}},"76":{"start":{"line":292,"column":12},"end":{"line":292,"column":41}},"77":{"start":{"line":300,"column":27},"end":{"line":300,"column":61}},"78":{"start":{"line":301,"column":8},"end":{"line":310,"column":9}},"79":{"start":{"line":303,"column":12},"end":{"line":303,"column":55}},"80":{"start":{"line":304,"column":12},"end":{"line":309,"column":15}},"81":{"start":{"line":306,"column":34},"end":{"line":307,"column":75}},"82":{"start":{"line":308,"column":16},"end":{"line":308,"column":45}},"83":{"start":{"line":317,"column":8},"end":{"line":317,"column":35}},"84":{"start":{"line":324,"column":22},"end":{"line":324,"column":50}},"85":{"start":{"line":325,"column":8},"end":{"line":326,"column":42}},"86":{"start":{"line":325,"column":25},"end":{"line":325,"column":62}},"87":{"start":{"line":326,"column":13},"end":{"line":326,"column":42}},"88":{"start":{"line":331,"column":8},"end":{"line":331,"column":77}},"89":{"start":{"line":331,"column":53},"end":{"line":331,"column":76}},"90":{"start":{"line":336,"column":8},"end":{"line":336,"column":98}},"91":{"start":{"line":336,"column":34},"end":{"line":336,"column":98}},"92":{"start":{"line":337,"column":8},"end":{"line":337,"column":95}},"93":{"start":{"line":337,"column":33},"end":{"line":337,"column":95}},"94":{"start":{"line":338,"column":8},"end":{"line":338,"column":89}},"95":{"start":{"line":338,"column":31},"end":{"line":338,"column":89}},"96":{"start":{"line":339,"column":8},"end":{"line":339,"column":113}},"97":{"start":{"line":339,"column":39},"end":{"line":339,"column":113}},"98":{"start":{"line":340,"column":8},"end":{"line":340,"column":89}},"99":{"start":{"line":340,"column":31},"end":{"line":340,"column":89}},"100":{"start":{"line":341,"column":8},"end":{"line":341,"column":128}},"101":{"start":{"line":341,"column":44},"end":{"line":341,"column":128}},"102":{"start":{"line":342,"column":8},"end":{"line":342,"column":92}},"103":{"start":{"line":342,"column":32},"end":{"line":342,"column":92}},"104":{"start":{"line":343,"column":8},"end":{"line":343,"column":77}},"105":{"start":{"line":343,"column":27},"end":{"line":343,"column":77}},"106":{"start":{"line":344,"column":8},"end":{"line":344,"column":71}},"107":{"start":{"line":344,"column":25},"end":{"line":344,"column":71}},"108":{"start":{"line":345,"column":8},"end":{"line":345,"column":71}},"109":{"start":{"line":345,"column":25},"end":{"line":345,"column":71}},"110":{"start":{"line":346,"column":8},"end":{"line":346,"column":83}},"111":{"start":{"line":346,"column":29},"end":{"line":346,"column":83}},"112":{"start":{"line":347,"column":8},"end":{"line":347,"column":95}},"113":{"start":{"line":347,"column":33},"end":{"line":347,"column":95}},"114":{"start":{"line":348,"column":8},"end":{"line":348,"column":53}},"115":{"start":{"line":353,"column":8},"end":{"line":373,"column":10}},"116":{"start":{"line":355,"column":30},"end":{"line":370,"column":68}},"117":{"start":{"line":372,"column":12},"end":{"line":372,"column":41}},"118":{"start":{"line":378,"column":8},"end":{"line":378,"column":43}},"119":{"start":{"line":379,"column":8},"end":{"line":379,"column":37}},"120":{"start":{"line":384,"column":8},"end":{"line":404,"column":10}},"121":{"start":{"line":386,"column":30},"end":{"line":401,"column":14}},"122":{"start":{"line":403,"column":12},"end":{"line":403,"column":41}},"123":{"start":{"line":411,"column":28},"end":{"line":411,"column":63}},"124":{"start":{"line":412,"column":8},"end":{"line":421,"column":9}},"125":{"start":{"line":414,"column":12},"end":{"line":414,"column":57}},"126":{"start":{"line":415,"column":12},"end":{"line":420,"column":15}},"127":{"start":{"line":417,"column":34},"end":{"line":418,"column":77}},"128":{"start":{"line":419,"column":16},"end":{"line":419,"column":45}},"129":{"start":{"line":428,"column":8},"end":{"line":434,"column":9}},"130":{"start":{"line":428,"column":42},"end":{"line":428,"column":69}},"131":{"start":{"line":429,"column":13},"end":{"line":434,"column":9}},"132":{"start":{"line":429,"column":53},"end":{"line":429,"column":92}},"133":{"start":{"line":430,"column":13},"end":{"line":434,"column":9}},"134":{"start":{"line":430,"column":53},"end":{"line":430,"column":95}},"135":{"start":{"line":431,"column":13},"end":{"line":434,"column":9}},"136":{"start":{"line":433,"column":12},"end":{"line":433,"column":52}},"137":{"start":{"line":441,"column":8},"end":{"line":443,"column":85}},"138":{"start":{"line":441,"column":63},"end":{"line":441,"column":75}},"139":{"start":{"line":442,"column":13},"end":{"line":443,"column":85}},"140":{"start":{"line":442,"column":66},"end":{"line":442,"column":78}},"141":{"start":{"line":443,"column":13},"end":{"line":443,"column":85}},"142":{"start":{"line":443,"column":73},"end":{"line":443,"column":85}},"143":{"start":{"line":444,"column":8},"end":{"line":444,"column":21}},"144":{"start":{"line":449,"column":8},"end":{"line":450,"column":26}},"145":{"start":{"line":449,"column":43},"end":{"line":449,"column":69}},"146":{"start":{"line":450,"column":13},"end":{"line":450,"column":26}},"147":{"start":{"line":455,"column":25},"end":{"line":455,"column":43}},"148":{"start":{"line":456,"column":21},"end":{"line":456,"column":45}},"149":{"start":{"line":457,"column":8},"end":{"line":457,"column":56}},"150":{"start":{"line":458,"column":8},"end":{"line":458,"column":26}},"151":{"start":{"line":463,"column":8},"end":{"line":468,"column":10}},"152":{"start":{"line":469,"column":8},"end":{"line":469,"column":32}},"153":{"start":{"line":470,"column":8},"end":{"line":470,"column":26}},"154":{"start":{"line":475,"column":8},"end":{"line":490,"column":11}},"155":{"start":{"line":477,"column":30},"end":{"line":477,"column":79}},"156":{"start":{"line":478,"column":12},"end":{"line":489,"column":15}},"157":{"start":{"line":480,"column":34},"end":{"line":480,"column":86}},"158":{"start":{"line":481,"column":16},"end":{"line":488,"column":18}},"159":{"start":{"line":483,"column":38},"end":{"line":483,"column":91}},"160":{"start":{"line":484,"column":20},"end":{"line":487,"column":22}},"161":{"start":{"line":486,"column":24},"end":{"line":486,"column":44}},"162":{"start":{"line":495,"column":8},"end":{"line":499,"column":9}},"163":{"start":{"line":497,"column":12},"end":{"line":498,"column":88}},"164":{"start":{"line":497,"column":73},"end":{"line":497,"column":85}},"165":{"start":{"line":498,"column":17},"end":{"line":498,"column":88}},"166":{"start":{"line":498,"column":76},"end":{"line":498,"column":88}},"167":{"start":{"line":501,"column":8},"end":{"line":501,"column":21}},"168":{"start":{"line":506,"column":8},"end":{"line":509,"column":9}},"169":{"start":{"line":508,"column":12},"end":{"line":508,"column":85}},"170":{"start":{"line":508,"column":73},"end":{"line":508,"column":85}},"171":{"start":{"line":510,"column":8},"end":{"line":510,"column":21}},"172":{"start":{"line":515,"column":8},"end":{"line":518,"column":9}},"173":{"start":{"line":517,"column":12},"end":{"line":517,"column":87}},"174":{"start":{"line":517,"column":75},"end":{"line":517,"column":87}},"175":{"start":{"line":519,"column":8},"end":{"line":519,"column":21}},"176":{"start":{"line":526,"column":8},"end":{"line":526,"column":38}},"177":{"start":{"line":527,"column":8},"end":{"line":531,"column":10}},"178":{"start":{"line":529,"column":30},"end":{"line":529,"column":73}},"179":{"start":{"line":530,"column":12},"end":{"line":530,"column":71}},"180":{"start":{"line":536,"column":25},"end":{"line":536,"column":76}},"181":{"start":{"line":537,"column":8},"end":{"line":550,"column":9}},"182":{"start":{"line":539,"column":28},"end":{"line":539,"column":49}},"183":{"start":{"line":540,"column":12},"end":{"line":548,"column":14}},"184":{"start":{"line":549,"column":12},"end":{"line":549,"column":74}},"185":{"start":{"line":549,"column":57},"end":{"line":549,"column":74}},"186":{"start":{"line":551,"column":8},"end":{"line":551,"column":37}},"187":{"start":{"line":557,"column":26},"end":{"line":557,"column":48}},"188":{"start":{"line":558,"column":8},"end":{"line":569,"column":9}},"189":{"start":{"line":560,"column":12},"end":{"line":560,"column":99}},"190":{"start":{"line":560,"column":69},"end":{"line":560,"column":97}},"191":{"start":{"line":561,"column":12},"end":{"line":561,"column":77}},"192":{"start":{"line":561,"column":38},"end":{"line":561,"column":77}},"193":{"start":{"line":563,"column":12},"end":{"line":568,"column":14}},"194":{"start":{"line":565,"column":34},"end":{"line":566,"column":83}},"195":{"start":{"line":567,"column":16},"end":{"line":567,"column":87}},"196":{"start":{"line":574,"column":8},"end":{"line":574,"column":74}},"197":{"start":{"line":575,"column":33},"end":{"line":575,"column":97}},"198":{"start":{"line":575,"column":68},"end":{"line":575,"column":96}},"199":{"start":{"line":576,"column":25},"end":{"line":576,"column":77}},"200":{"start":{"line":577,"column":8},"end":{"line":596,"column":9}},"201":{"start":{"line":579,"column":29},"end":{"line":579,"column":48}},"202":{"start":{"line":580,"column":12},"end":{"line":594,"column":14}},"203":{"start":{"line":595,"column":12},"end":{"line":595,"column":72}},"204":{"start":{"line":595,"column":55},"end":{"line":595,"column":72}},"205":{"start":{"line":597,"column":8},"end":{"line":597,"column":37}},"206":{"start":{"line":604,"column":8},"end":{"line":604,"column":38}}},"fnMap":{"0":{"name":"(anonymous_0)","decl":{"start":{"line":22,"column":4},"end":{"line":22,"column":5}},"loc":{"start":{"line":23,"column":4},"end":{"line":32,"column":5}},"line":23},"1":{"name":"(anonymous_1)","decl":{"start":{"line":34,"column":4},"end":{"line":34,"column":5}},"loc":{"start":{"line":35,"column":4},"end":{"line":41,"column":5}},"line":35},"2":{"name":"(anonymous_2)","decl":{"start":{"line":36,"column":27},"end":{"line":36,"column":28}},"loc":{"start":{"line":37,"column":8},"end":{"line":40,"column":9}},"line":37},"3":{"name":"(anonymous_3)","decl":{"start":{"line":43,"column":4},"end":{"line":43,"column":5}},"loc":{"start":{"line":44,"column":4},"end":{"line":54,"column":5}},"line":44},"4":{"name":"(anonymous_4)","decl":{"start":{"line":56,"column":4},"end":{"line":56,"column":5}},"loc":{"start":{"line":57,"column":4},"end":{"line":60,"column":5}},"line":57},"5":{"name":"(anonymous_5)","decl":{"start":{"line":62,"column":4},"end":{"line":62,"column":5}},"loc":{"start":{"line":63,"column":4},"end":{"line":70,"column":5}},"line":63},"6":{"name":"(anonymous_6)","decl":{"start":{"line":72,"column":4},"end":{"line":72,"column":5}},"loc":{"start":{"line":73,"column":4},"end":{"line":76,"column":5}},"line":73},"7":{"name":"(anonymous_7)","decl":{"start":{"line":78,"column":4},"end":{"line":78,"column":5}},"loc":{"start":{"line":79,"column":4},"end":{"line":86,"column":5}},"line":79},"8":{"name":"(anonymous_8)","decl":{"start":{"line":88,"column":4},"end":{"line":88,"column":5}},"loc":{"start":{"line":89,"column":4},"end":{"line":102,"column":5}},"line":89},"9":{"name":"(anonymous_9)","decl":{"start":{"line":104,"column":4},"end":{"line":104,"column":5}},"loc":{"start":{"line":105,"column":4},"end":{"line":108,"column":5}},"line":105},"10":{"name":"(anonymous_10)","decl":{"start":{"line":110,"column":4},"end":{"line":110,"column":5}},"loc":{"start":{"line":111,"column":4},"end":{"line":127,"column":5}},"line":111},"11":{"name":"(anonymous_11)","decl":{"start":{"line":129,"column":4},"end":{"line":129,"column":5}},"loc":{"start":{"line":130,"column":4},"end":{"line":149,"column":5}},"line":130},"12":{"name":"(anonymous_12)","decl":{"start":{"line":151,"column":4},"end":{"line":151,"column":5}},"loc":{"start":{"line":152,"column":4},"end":{"line":155,"column":5}},"line":152},"13":{"name":"(anonymous_13)","decl":{"start":{"line":157,"column":4},"end":{"line":157,"column":5}},"loc":{"start":{"line":158,"column":4},"end":{"line":180,"column":5}},"line":158},"14":{"name":"(anonymous_14)","decl":{"start":{"line":184,"column":4},"end":{"line":184,"column":5}},"loc":{"start":{"line":185,"column":4},"end":{"line":187,"column":5}},"line":185},"15":{"name":"(anonymous_15)","decl":{"start":{"line":191,"column":4},"end":{"line":191,"column":5}},"loc":{"start":{"line":192,"column":4},"end":{"line":195,"column":5}},"line":192},"16":{"name":"(anonymous_16)","decl":{"start":{"line":197,"column":4},"end":{"line":197,"column":5}},"loc":{"start":{"line":198,"column":4},"end":{"line":202,"column":5}},"line":198},"17":{"name":"(anonymous_17)","decl":{"start":{"line":204,"column":4},"end":{"line":204,"column":5}},"loc":{"start":{"line":205,"column":4},"end":{"line":217,"column":5}},"line":205},"18":{"name":"(anonymous_18)","decl":{"start":{"line":206,"column":34},"end":{"line":206,"column":35}},"loc":{"start":{"line":207,"column":8},"end":{"line":216,"column":9}},"line":207},"19":{"name":"(anonymous_19)","decl":{"start":{"line":221,"column":4},"end":{"line":221,"column":5}},"loc":{"start":{"line":222,"column":4},"end":{"line":224,"column":5}},"line":222},"20":{"name":"(anonymous_20)","decl":{"start":{"line":229,"column":4},"end":{"line":229,"column":5}},"loc":{"start":{"line":230,"column":4},"end":{"line":234,"column":5}},"line":230},"21":{"name":"(anonymous_21)","decl":{"start":{"line":236,"column":4},"end":{"line":236,"column":5}},"loc":{"start":{"line":237,"column":4},"end":{"line":239,"column":5}},"line":237},"22":{"name":"(anonymous_22)","decl":{"start":{"line":238,"column":44},"end":{"line":238,"column":45}},"loc":{"start":{"line":238,"column":52},"end":{"line":238,"column":74}},"line":238},"23":{"name":"(anonymous_23)","decl":{"start":{"line":241,"column":4},"end":{"line":241,"column":5}},"loc":{"start":{"line":242,"column":4},"end":{"line":250,"column":5}},"line":242},"24":{"name":"(anonymous_24)","decl":{"start":{"line":252,"column":4},"end":{"line":252,"column":5}},"loc":{"start":{"line":253,"column":4},"end":{"line":269,"column":5}},"line":253},"25":{"name":"(anonymous_25)","decl":{"start":{"line":254,"column":34},"end":{"line":254,"column":35}},"loc":{"start":{"line":255,"column":8},"end":{"line":268,"column":9}},"line":255},"26":{"name":"(anonymous_26)","decl":{"start":{"line":271,"column":4},"end":{"line":271,"column":5}},"loc":{"start":{"line":272,"column":4},"end":{"line":275,"column":5}},"line":272},"27":{"name":"(anonymous_27)","decl":{"start":{"line":277,"column":4},"end":{"line":277,"column":5}},"loc":{"start":{"line":278,"column":4},"end":{"line":294,"column":5}},"line":278},"28":{"name":"(anonymous_28)","decl":{"start":{"line":279,"column":34},"end":{"line":279,"column":35}},"loc":{"start":{"line":280,"column":8},"end":{"line":293,"column":9}},"line":280},"29":{"name":"(anonymous_29)","decl":{"start":{"line":298,"column":4},"end":{"line":298,"column":5}},"loc":{"start":{"line":299,"column":4},"end":{"line":311,"column":5}},"line":299},"30":{"name":"(anonymous_30)","decl":{"start":{"line":304,"column":38},"end":{"line":304,"column":39}},"loc":{"start":{"line":305,"column":12},"end":{"line":309,"column":13}},"line":305},"31":{"name":"(anonymous_31)","decl":{"start":{"line":315,"column":4},"end":{"line":315,"column":5}},"loc":{"start":{"line":316,"column":4},"end":{"line":318,"column":5}},"line":316},"32":{"name":"(anonymous_32)","decl":{"start":{"line":322,"column":4},"end":{"line":322,"column":5}},"loc":{"start":{"line":323,"column":4},"end":{"line":327,"column":5}},"line":323},"33":{"name":"(anonymous_33)","decl":{"start":{"line":329,"column":4},"end":{"line":329,"column":5}},"loc":{"start":{"line":330,"column":4},"end":{"line":332,"column":5}},"line":330},"34":{"name":"(anonymous_34)","decl":{"start":{"line":331,"column":45},"end":{"line":331,"column":46}},"loc":{"start":{"line":331,"column":53},"end":{"line":331,"column":76}},"line":331},"35":{"name":"(anonymous_35)","decl":{"start":{"line":334,"column":4},"end":{"line":334,"column":5}},"loc":{"start":{"line":335,"column":4},"end":{"line":349,"column":5}},"line":335},"36":{"name":"(anonymous_36)","decl":{"start":{"line":351,"column":4},"end":{"line":351,"column":5}},"loc":{"start":{"line":352,"column":4},"end":{"line":374,"column":5}},"line":352},"37":{"name":"(anonymous_37)","decl":{"start":{"line":353,"column":34},"end":{"line":353,"column":35}},"loc":{"start":{"line":354,"column":8},"end":{"line":373,"column":9}},"line":354},"38":{"name":"(anonymous_38)","decl":{"start":{"line":376,"column":4},"end":{"line":376,"column":5}},"loc":{"start":{"line":377,"column":4},"end":{"line":380,"column":5}},"line":377},"39":{"name":"(anonymous_39)","decl":{"start":{"line":382,"column":4},"end":{"line":382,"column":5}},"loc":{"start":{"line":383,"column":4},"end":{"line":405,"column":5}},"line":383},"40":{"name":"(anonymous_40)","decl":{"start":{"line":384,"column":34},"end":{"line":384,"column":35}},"loc":{"start":{"line":385,"column":8},"end":{"line":404,"column":9}},"line":385},"41":{"name":"(anonymous_41)","decl":{"start":{"line":409,"column":4},"end":{"line":409,"column":5}},"loc":{"start":{"line":410,"column":4},"end":{"line":422,"column":5}},"line":410},"42":{"name":"(anonymous_42)","decl":{"start":{"line":415,"column":38},"end":{"line":415,"column":39}},"loc":{"start":{"line":416,"column":12},"end":{"line":420,"column":13}},"line":416},"43":{"name":"(anonymous_43)","decl":{"start":{"line":426,"column":4},"end":{"line":426,"column":5}},"loc":{"start":{"line":427,"column":4},"end":{"line":435,"column":5}},"line":427},"44":{"name":"(anonymous_44)","decl":{"start":{"line":439,"column":4},"end":{"line":439,"column":5}},"loc":{"start":{"line":440,"column":4},"end":{"line":445,"column":5}},"line":440},"45":{"name":"(anonymous_45)","decl":{"start":{"line":447,"column":4},"end":{"line":447,"column":5}},"loc":{"start":{"line":448,"column":4},"end":{"line":451,"column":5}},"line":448},"46":{"name":"(anonymous_46)","decl":{"start":{"line":453,"column":4},"end":{"line":453,"column":5}},"loc":{"start":{"line":454,"column":4},"end":{"line":459,"column":5}},"line":454},"47":{"name":"(anonymous_47)","decl":{"start":{"line":461,"column":4},"end":{"line":461,"column":5}},"loc":{"start":{"line":462,"column":4},"end":{"line":471,"column":5}},"line":462},"48":{"name":"(anonymous_48)","decl":{"start":{"line":473,"column":4},"end":{"line":473,"column":5}},"loc":{"start":{"line":474,"column":4},"end":{"line":491,"column":5}},"line":474},"49":{"name":"(anonymous_49)","decl":{"start":{"line":475,"column":34},"end":{"line":475,"column":35}},"loc":{"start":{"line":476,"column":8},"end":{"line":490,"column":9}},"line":476},"50":{"name":"(anonymous_50)","decl":{"start":{"line":478,"column":41},"end":{"line":478,"column":42}},"loc":{"start":{"line":479,"column":12},"end":{"line":489,"column":13}},"line":479},"51":{"name":"(anonymous_51)","decl":{"start":{"line":481,"column":45},"end":{"line":481,"column":46}},"loc":{"start":{"line":482,"column":16},"end":{"line":488,"column":17}},"line":482},"52":{"name":"(anonymous_52)","decl":{"start":{"line":484,"column":49},"end":{"line":484,"column":50}},"loc":{"start":{"line":485,"column":20},"end":{"line":487,"column":21}},"line":485},"53":{"name":"(anonymous_53)","decl":{"start":{"line":493,"column":4},"end":{"line":493,"column":5}},"loc":{"start":{"line":494,"column":4},"end":{"line":502,"column":5}},"line":494},"54":{"name":"(anonymous_54)","decl":{"start":{"line":504,"column":4},"end":{"line":504,"column":5}},"loc":{"start":{"line":505,"column":4},"end":{"line":511,"column":5}},"line":505},"55":{"name":"(anonymous_55)","decl":{"start":{"line":513,"column":4},"end":{"line":513,"column":5}},"loc":{"start":{"line":514,"column":4},"end":{"line":520,"column":5}},"line":514},"56":{"name":"(anonymous_56)","decl":{"start":{"line":524,"column":4},"end":{"line":524,"column":5}},"loc":{"start":{"line":525,"column":4},"end":{"line":532,"column":5}},"line":525},"57":{"name":"(anonymous_57)","decl":{"start":{"line":527,"column":34},"end":{"line":527,"column":35}},"loc":{"start":{"line":528,"column":8},"end":{"line":531,"column":9}},"line":528},"58":{"name":"(anonymous_58)","decl":{"start":{"line":534,"column":4},"end":{"line":534,"column":5}},"loc":{"start":{"line":535,"column":4},"end":{"line":552,"column":5}},"line":535},"59":{"name":"(anonymous_59)","decl":{"start":{"line":555,"column":4},"end":{"line":555,"column":5}},"loc":{"start":{"line":556,"column":4},"end":{"line":570,"column":5}},"line":556},"60":{"name":"(anonymous_60)","decl":{"start":{"line":560,"column":61},"end":{"line":560,"column":62}},"loc":{"start":{"line":560,"column":69},"end":{"line":560,"column":97}},"line":560},"61":{"name":"(anonymous_61)","decl":{"start":{"line":563,"column":38},"end":{"line":563,"column":39}},"loc":{"start":{"line":564,"column":12},"end":{"line":568,"column":13}},"line":564},"62":{"name":"(anonymous_62)","decl":{"start":{"line":572,"column":4},"end":{"line":572,"column":5}},"loc":{"start":{"line":573,"column":4},"end":{"line":598,"column":5}},"line":573},"63":{"name":"(anonymous_63)","decl":{"start":{"line":575,"column":60},"end":{"line":575,"column":61}},"loc":{"start":{"line":575,"column":68},"end":{"line":575,"column":96}},"line":575},"64":{"name":"(anonymous_64)","decl":{"start":{"line":602,"column":4},"end":{"line":602,"column":5}},"loc":{"start":{"line":603,"column":4},"end":{"line":605,"column":5}},"line":603}},"branchMap":{"0":{"loc":{"start":{"line":64,"column":8},"end":{"line":69,"column":9}},"type":"if","locations":[{"start":{"line":64,"column":8},"end":{"line":69,"column":9}},{"start":{"line":64,"column":8},"end":{"line":69,"column":9}}],"line":64},"1":{"loc":{"start":{"line":179,"column":8},"end":{"line":179,"column":61}},"type":"if","locations":[{"start":{"line":179,"column":8},"end":{"line":179,"column":61}},{"start":{"line":179,"column":8},"end":{"line":179,"column":61}}],"line":179},"2":{"loc":{"start":{"line":199,"column":8},"end":{"line":199,"column":56}},"type":"if","locations":[{"start":{"line":199,"column":8},"end":{"line":199,"column":56}},{"start":{"line":199,"column":8},"end":{"line":199,"column":56}}],"line":199},"3":{"loc":{"start":{"line":200,"column":8},"end":{"line":200,"column":53}},"type":"if","locations":[{"start":{"line":200,"column":8},"end":{"line":200,"column":53}},{"start":{"line":200,"column":8},"end":{"line":200,"column":53}}],"line":200},"4":{"loc":{"start":{"line":201,"column":8},"end":{"line":201,"column":64}},"type":"if","locations":[{"start":{"line":201,"column":8},"end":{"line":201,"column":64}},{"start":{"line":201,"column":8},"end":{"line":201,"column":64}}],"line":201},"5":{"loc":{"start":{"line":232,"column":8},"end":{"line":233,"column":40}},"type":"if","locations":[{"start":{"line":232,"column":8},"end":{"line":233,"column":40}},{"start":{"line":232,"column":8},"end":{"line":233,"column":40}}],"line":232},"6":{"loc":{"start":{"line":243,"column":8},"end":{"line":243,"column":92}},"type":"if","locations":[{"start":{"line":243,"column":8},"end":{"line":243,"column":92}},{"start":{"line":243,"column":8},"end":{"line":243,"column":92}}],"line":243},"7":{"loc":{"start":{"line":244,"column":8},"end":{"line":244,"column":92}},"type":"if","locations":[{"start":{"line":244,"column":8},"end":{"line":244,"column":92}},{"start":{"line":244,"column":8},"end":{"line":244,"column":92}}],"line":244},"8":{"loc":{"start":{"line":245,"column":8},"end":{"line":245,"column":86}},"type":"if","locations":[{"start":{"line":245,"column":8},"end":{"line":245,"column":86}},{"start":{"line":245,"column":8},"end":{"line":245,"column":86}}],"line":245},"9":{"loc":{"start":{"line":246,"column":8},"end":{"line":246,"column":89}},"type":"if","locations":[{"start":{"line":246,"column":8},"end":{"line":246,"column":89}},{"start":{"line":246,"column":8},"end":{"line":246,"column":89}}],"line":246},"10":{"loc":{"start":{"line":247,"column":8},"end":{"line":247,"column":86}},"type":"if","locations":[{"start":{"line":247,"column":8},"end":{"line":247,"column":86}},{"start":{"line":247,"column":8},"end":{"line":247,"column":86}}],"line":247},"11":{"loc":{"start":{"line":248,"column":8},"end":{"line":248,"column":109}},"type":"if","locations":[{"start":{"line":248,"column":8},"end":{"line":248,"column":109}},{"start":{"line":248,"column":8},"end":{"line":248,"column":109}}],"line":248},"12":{"loc":{"start":{"line":261,"column":60},"end":{"line":261,"column":115}},"type":"cond-expr","locations":[{"start":{"line":261,"column":81},"end":{"line":261,"column":106}},{"start":{"line":261,"column":109},"end":{"line":261,"column":115}}],"line":261},"13":{"loc":{"start":{"line":263,"column":59},"end":{"line":263,"column":83}},"type":"cond-expr","locations":[{"start":{"line":263,"column":79},"end":{"line":263,"column":80}},{"start":{"line":263,"column":82},"end":{"line":263,"column":83}}],"line":263},"14":{"loc":{"start":{"line":287,"column":18},"end":{"line":287,"column":73}},"type":"cond-expr","locations":[{"start":{"line":287,"column":39},"end":{"line":287,"column":64}},{"start":{"line":287,"column":67},"end":{"line":287,"column":73}}],"line":287},"15":{"loc":{"start":{"line":289,"column":18},"end":{"line":289,"column":42}},"type":"cond-expr","locations":[{"start":{"line":289,"column":38},"end":{"line":289,"column":39}},{"start":{"line":289,"column":41},"end":{"line":289,"column":42}}],"line":289},"16":{"loc":{"start":{"line":301,"column":8},"end":{"line":310,"column":9}},"type":"if","locations":[{"start":{"line":301,"column":8},"end":{"line":310,"column":9}},{"start":{"line":301,"column":8},"end":{"line":310,"column":9}}],"line":301},"17":{"loc":{"start":{"line":325,"column":8},"end":{"line":326,"column":42}},"type":"if","locations":[{"start":{"line":325,"column":8},"end":{"line":326,"column":42}},{"start":{"line":325,"column":8},"end":{"line":326,"column":42}}],"line":325},"18":{"loc":{"start":{"line":336,"column":8},"end":{"line":336,"column":98}},"type":"if","locations":[{"start":{"line":336,"column":8},"end":{"line":336,"column":98}},{"start":{"line":336,"column":8},"end":{"line":336,"column":98}}],"line":336},"19":{"loc":{"start":{"line":337,"column":8},"end":{"line":337,"column":95}},"type":"if","locations":[{"start":{"line":337,"column":8},"end":{"line":337,"column":95}},{"start":{"line":337,"column":8},"end":{"line":337,"column":95}}],"line":337},"20":{"loc":{"start":{"line":338,"column":8},"end":{"line":338,"column":89}},"type":"if","locations":[{"start":{"line":338,"column":8},"end":{"line":338,"column":89}},{"start":{"line":338,"column":8},"end":{"line":338,"column":89}}],"line":338},"21":{"loc":{"start":{"line":339,"column":8},"end":{"line":339,"column":113}},"type":"if","locations":[{"start":{"line":339,"column":8},"end":{"line":339,"column":113}},{"start":{"line":339,"column":8},"end":{"line":339,"column":113}}],"line":339},"22":{"loc":{"start":{"line":340,"column":8},"end":{"line":340,"column":89}},"type":"if","locations":[{"start":{"line":340,"column":8},"end":{"line":340,"column":89}},{"start":{"line":340,"column":8},"end":{"line":340,"column":89}}],"line":340},"23":{"loc":{"start":{"line":341,"column":8},"end":{"line":341,"column":128}},"type":"if","locations":[{"start":{"line":341,"column":8},"end":{"line":341,"column":128}},{"start":{"line":341,"column":8},"end":{"line":341,"column":128}}],"line":341},"24":{"loc":{"start":{"line":342,"column":8},"end":{"line":342,"column":92}},"type":"if","locations":[{"start":{"line":342,"column":8},"end":{"line":342,"column":92}},{"start":{"line":342,"column":8},"end":{"line":342,"column":92}}],"line":342},"25":{"loc":{"start":{"line":343,"column":8},"end":{"line":343,"column":77}},"type":"if","locations":[{"start":{"line":343,"column":8},"end":{"line":343,"column":77}},{"start":{"line":343,"column":8},"end":{"line":343,"column":77}}],"line":343},"26":{"loc":{"start":{"line":344,"column":8},"end":{"line":344,"column":71}},"type":"if","locations":[{"start":{"line":344,"column":8},"end":{"line":344,"column":71}},{"start":{"line":344,"column":8},"end":{"line":344,"column":71}}],"line":344},"27":{"loc":{"start":{"line":345,"column":8},"end":{"line":345,"column":71}},"type":"if","locations":[{"start":{"line":345,"column":8},"end":{"line":345,"column":71}},{"start":{"line":345,"column":8},"end":{"line":345,"column":71}}],"line":345},"28":{"loc":{"start":{"line":346,"column":8},"end":{"line":346,"column":83}},"type":"if","locations":[{"start":{"line":346,"column":8},"end":{"line":346,"column":83}},{"start":{"line":346,"column":8},"end":{"line":346,"column":83}}],"line":346},"29":{"loc":{"start":{"line":347,"column":8},"end":{"line":347,"column":95}},"type":"if","locations":[{"start":{"line":347,"column":8},"end":{"line":347,"column":95}},{"start":{"line":347,"column":8},"end":{"line":347,"column":95}}],"line":347},"30":{"loc":{"start":{"line":361,"column":60},"end":{"line":361,"column":115}},"type":"cond-expr","locations":[{"start":{"line":361,"column":81},"end":{"line":361,"column":106}},{"start":{"line":361,"column":109},"end":{"line":361,"column":115}}],"line":361},"31":{"loc":{"start":{"line":362,"column":73},"end":{"line":362,"column":154}},"type":"cond-expr","locations":[{"start":{"line":362,"column":107},"end":{"line":362,"column":145}},{"start":{"line":362,"column":148},"end":{"line":362,"column":154}}],"line":362},"32":{"loc":{"start":{"line":363,"column":61},"end":{"line":363,"column":118}},"type":"cond-expr","locations":[{"start":{"line":363,"column":83},"end":{"line":363,"column":109}},{"start":{"line":363,"column":112},"end":{"line":363,"column":118}}],"line":363},"33":{"loc":{"start":{"line":393,"column":18},"end":{"line":393,"column":73}},"type":"cond-expr","locations":[{"start":{"line":393,"column":39},"end":{"line":393,"column":64}},{"start":{"line":393,"column":67},"end":{"line":393,"column":73}}],"line":393},"34":{"loc":{"start":{"line":394,"column":18},"end":{"line":394,"column":99}},"type":"cond-expr","locations":[{"start":{"line":394,"column":52},"end":{"line":394,"column":90}},{"start":{"line":394,"column":93},"end":{"line":394,"column":99}}],"line":394},"35":{"loc":{"start":{"line":395,"column":18},"end":{"line":395,"column":75}},"type":"cond-expr","locations":[{"start":{"line":395,"column":40},"end":{"line":395,"column":66}},{"start":{"line":395,"column":69},"end":{"line":395,"column":75}}],"line":395},"36":{"loc":{"start":{"line":412,"column":8},"end":{"line":421,"column":9}},"type":"if","locations":[{"start":{"line":412,"column":8},"end":{"line":421,"column":9}},{"start":{"line":412,"column":8},"end":{"line":421,"column":9}}],"line":412},"37":{"loc":{"start":{"line":428,"column":8},"end":{"line":434,"column":9}},"type":"if","locations":[{"start":{"line":428,"column":8},"end":{"line":434,"column":9}},{"start":{"line":428,"column":8},"end":{"line":434,"column":9}}],"line":428},"38":{"loc":{"start":{"line":429,"column":13},"end":{"line":434,"column":9}},"type":"if","locations":[{"start":{"line":429,"column":13},"end":{"line":434,"column":9}},{"start":{"line":429,"column":13},"end":{"line":434,"column":9}}],"line":429},"39":{"loc":{"start":{"line":430,"column":13},"end":{"line":434,"column":9}},"type":"if","locations":[{"start":{"line":430,"column":13},"end":{"line":434,"column":9}},{"start":{"line":430,"column":13},"end":{"line":434,"column":9}}],"line":430},"40":{"loc":{"start":{"line":431,"column":13},"end":{"line":434,"column":9}},"type":"if","locations":[{"start":{"line":431,"column":13},"end":{"line":434,"column":9}},{"start":{"line":431,"column":13},"end":{"line":434,"column":9}}],"line":431},"41":{"loc":{"start":{"line":441,"column":8},"end":{"line":443,"column":85}},"type":"if","locations":[{"start":{"line":441,"column":8},"end":{"line":443,"column":85}},{"start":{"line":441,"column":8},"end":{"line":443,"column":85}}],"line":441},"42":{"loc":{"start":{"line":442,"column":13},"end":{"line":443,"column":85}},"type":"if","locations":[{"start":{"line":442,"column":13},"end":{"line":443,"column":85}},{"start":{"line":442,"column":13},"end":{"line":443,"column":85}}],"line":442},"43":{"loc":{"start":{"line":443,"column":13},"end":{"line":443,"column":85}},"type":"if","locations":[{"start":{"line":443,"column":13},"end":{"line":443,"column":85}},{"start":{"line":443,"column":13},"end":{"line":443,"column":85}}],"line":443},"44":{"loc":{"start":{"line":449,"column":8},"end":{"line":450,"column":26}},"type":"if","locations":[{"start":{"line":449,"column":8},"end":{"line":450,"column":26}},{"start":{"line":449,"column":8},"end":{"line":450,"column":26}}],"line":449},"45":{"loc":{"start":{"line":495,"column":8},"end":{"line":499,"column":9}},"type":"if","locations":[{"start":{"line":495,"column":8},"end":{"line":499,"column":9}},{"start":{"line":495,"column":8},"end":{"line":499,"column":9}}],"line":495},"46":{"loc":{"start":{"line":497,"column":12},"end":{"line":498,"column":88}},"type":"if","locations":[{"start":{"line":497,"column":12},"end":{"line":498,"column":88}},{"start":{"line":497,"column":12},"end":{"line":498,"column":88}}],"line":497},"47":{"loc":{"start":{"line":498,"column":17},"end":{"line":498,"column":88}},"type":"if","locations":[{"start":{"line":498,"column":17},"end":{"line":498,"column":88}},{"start":{"line":498,"column":17},"end":{"line":498,"column":88}}],"line":498},"48":{"loc":{"start":{"line":506,"column":8},"end":{"line":509,"column":9}},"type":"if","locations":[{"start":{"line":506,"column":8},"end":{"line":509,"column":9}},{"start":{"line":506,"column":8},"end":{"line":509,"column":9}}],"line":506},"49":{"loc":{"start":{"line":508,"column":12},"end":{"line":508,"column":85}},"type":"if","locations":[{"start":{"line":508,"column":12},"end":{"line":508,"column":85}},{"start":{"line":508,"column":12},"end":{"line":508,"column":85}}],"line":508},"50":{"loc":{"start":{"line":515,"column":8},"end":{"line":518,"column":9}},"type":"if","locations":[{"start":{"line":515,"column":8},"end":{"line":518,"column":9}},{"start":{"line":515,"column":8},"end":{"line":518,"column":9}}],"line":515},"51":{"loc":{"start":{"line":517,"column":12},"end":{"line":517,"column":87}},"type":"if","locations":[{"start":{"line":517,"column":12},"end":{"line":517,"column":87}},{"start":{"line":517,"column":12},"end":{"line":517,"column":87}}],"line":517},"52":{"loc":{"start":{"line":545,"column":18},"end":{"line":545,"column":73}},"type":"cond-expr","locations":[{"start":{"line":545,"column":39},"end":{"line":545,"column":64}},{"start":{"line":545,"column":67},"end":{"line":545,"column":73}}],"line":545},"53":{"loc":{"start":{"line":547,"column":18},"end":{"line":547,"column":42}},"type":"cond-expr","locations":[{"start":{"line":547,"column":38},"end":{"line":547,"column":39}},{"start":{"line":547,"column":41},"end":{"line":547,"column":42}}],"line":547},"54":{"loc":{"start":{"line":549,"column":12},"end":{"line":549,"column":74}},"type":"if","locations":[{"start":{"line":549,"column":12},"end":{"line":549,"column":74}},{"start":{"line":549,"column":12},"end":{"line":549,"column":74}}],"line":549},"55":{"loc":{"start":{"line":558,"column":8},"end":{"line":569,"column":9}},"type":"if","locations":[{"start":{"line":558,"column":8},"end":{"line":569,"column":9}},{"start":{"line":558,"column":8},"end":{"line":569,"column":9}}],"line":558},"56":{"loc":{"start":{"line":586,"column":18},"end":{"line":586,"column":73}},"type":"cond-expr","locations":[{"start":{"line":586,"column":39},"end":{"line":586,"column":64}},{"start":{"line":586,"column":67},"end":{"line":586,"column":73}}],"line":586},"57":{"loc":{"start":{"line":587,"column":18},"end":{"line":587,"column":99}},"type":"cond-expr","locations":[{"start":{"line":587,"column":52},"end":{"line":587,"column":90}},{"start":{"line":587,"column":93},"end":{"line":587,"column":99}}],"line":587},"58":{"loc":{"start":{"line":588,"column":18},"end":{"line":588,"column":75}},"type":"cond-expr","locations":[{"start":{"line":588,"column":40},"end":{"line":588,"column":66}},{"start":{"line":588,"column":69},"end":{"line":588,"column":75}}],"line":588},"59":{"loc":{"start":{"line":595,"column":12},"end":{"line":595,"column":72}},"type":"if","locations":[{"start":{"line":595,"column":12},"end":{"line":595,"column":72}},{"start":{"line":595,"column":12},"end":{"line":595,"column":72}}],"line":595}},"s":{"0":1,"1":0,"2":0,"3":0,"4":0,"5":0,"6":0,"7":0,"8":0,"9":0,"10":0,"11":0,"12":0,"13":0,"14":0,"15":0,"16":0,"17":0,"18":0,"19":0,"20":0,"21":0,"22":0,"23":0,"24":0,"25":0,"26":0,"27":0,"28":0,"29":0,"30":0,"31":0,"32":0,"33":0,"34":0,"35":0,"36":0,"37":0,"38":0,"39":0,"40":0,"41":0,"42":0,"43":0,"44":0,"45":0,"46":0,"47":0,"48":0,"49":0,"50":0,"51":0,"52":0,"53":0,"54":0,"55":0,"56":0,"57":0,"58":0,"59":0,"60":0,"61":0,"62":0,"63":0,"64":0,"65":0,"66":0,"67":0,"68":0,"69":0,"70":0,"71":0,"72":0,"73":0,"74":0,"75":0,"76":0,"77":0,"78":0,"79":0,"80":0,"81":0,"82":0,"83":0,"84":0,"85":0,"86":0,"87":0,"88":0,"89":0,"90":0,"91":0,"92":0,"93":0,"94":0,"95":0,"96":0,"97":0,"98":0,"99":0,"100":0,"101":0,"102":0,"103":0,"104":0,"105":0,"106":0,"107":0,"108":0,"109":0,"110":0,"111":0,"112":0,"113":0,"114":0,"115":0,"116":0,"117":0,"118":0,"119":0,"120":0,"121":0,"122":0,"123":0,"124":0,"125":0,"126":0,"127":0,"128":0,"129":0,"130":0,"131":0,"132":0,"133":0,"134":0,"135":0,"136":0,"137":0,"138":0,"139":0,"140":0,"141":0,"142":0,"143":0,"144":0,"145":0,"146":0,"147":0,"148":0,"149":0,"150":0,"151":0,"152":0,"153":0,"154":0,"155":0,"156":0,"157":0,"158":0,"159":0,"160":0,"161":0,"162":0,"163":0,"164":0,"165":0,"166":0,"167":0,"168":0,"169":0,"170":0,"171":0,"172":0,"173":0,"174":0,"175":0,"176":0,"177":0,"178":0,"179":0,"180":0,"181":0,"182":0,"183":0,"184":0,"185":0,"186":0,"187":0,"188":0,"189":0,"190":0,"191":0,"192":0,"193":0,"194":0,"195":0,"196":0,"197":0,"198":0,"199":0,"200":0,"201":0,"202":0,"203":0,"204":0,"205":0,"206":0},"f":{"0":0,"1":0,"2":0,"3":0,"4":0,"5":0,"6":0,"7":0,"8":0,"9":0,"10":0,"11":0,"12":0,"13":0,"14":0,"15":0,"16":0,"17":0,"18":0,"19":0,"20":0,"21":0,"22":0,"23":0,"24":0,"25":0,"26":0,"27":0,"28":0,"29":0,"30":0,"31":0,"32":0,"33":0,"34":0,"35":0,"36":0,"37":0,"38":0,"39":0,"40":0,"41":0,"42":0,"43":0,"44":0,"45":0,"46":0,"47":0,"48":0,"49":0,"50":0,"51":0,"52":0,"53":0,"54":0,"55":0,"56":0,"57":0,"58":0,"59":0,"60":0,"61":0,"62":0,"63":0,"64":0},"b":{"0":[0,0],"1":[0,0],"2":[0,0],"3":[0,0],"4":[0,0],"5":[0,0],"6":[0,0],"7":[0,0],"8":[0,0],"9":[0,0],"10":[0,0],"11":[0,0],"12":[0,0],"13":[0,0],"14":[0,0],"15":[0,0],"16":[0,0],"17":[0,0],"18":[0,0],"19":[0,0],"20":[0,0],"21":[0,0],"22":[0,0],"23":[0,0],"24":[0,0],"25":[0,0],"26":[0,0],"27":[0,0],"28":[0,0],"29":[0,0],"30":[0,0],"31":[0,0],"32":[0,0],"33":[0,0],"34":[0,0],"35":[0,0],"36":[0,0],"37":[0,0],"38":[0,0],"39":[0,0],"40":[0,0],"41":[0,0],"42":[0,0],"43":[0,0],"44":[0,0],"45":[0,0],"46":[0,0],"47":[0,0],"48":[0,0],"49":[0,0],"50":[0,0],"51":[0,0],"52":[0,0],"53":[0,0],"54":[0,0],"55":[0,0],"56":[0,0],"57":[0,0],"58":[0,0],"59":[0,0]},"_coverageSchema":"43e27e138ebf9cfc5966b082cf9a028302ed4184","hash":"7b333e3c9df51c8c61addc3d14305071202f923c"}
,"/home/cana/Documents/Programas/easy-task/src/2-Database/constants/DBConstants.ts": {"path":"/home/cana/Documents/Programas/easy-task/src/2-Database/constants/DBConstants.ts","statementMap":{"0":{"start":{"line":3,"column":27},"end":{"line":3,"column":40}},"1":{"start":{"line":6,"column":4},"end":{"line":10,"column":5}},"2":{"start":{"line":13,"column":4},"end":{"line":18,"column":5}},"3":{"start":{"line":21,"column":4},"end":{"line":26,"column":5}},"4":{"start":{"line":29,"column":4},"end":{"line":37,"column":5}},"5":{"start":{"line":40,"column":4},"end":{"line":48,"column":5}},"6":{"start":{"line":51,"column":4},"end":{"line":65,"column":5}},"7":{"start":{"line":68,"column":4},"end":{"line":82,"column":5}}},"fnMap":{},"branchMap":{},"s":{"0":1,"1":1,"2":1,"3":1,"4":1,"5":1,"6":1,"7":1},"f":{},"b":{},"_coverageSchema":"43e27e138ebf9cfc5966b082cf9a028302ed4184","hash":"3751f01623d7a53f6ec612c3eb8dfc8284aee99c"}
,"/home/cana/Documents/Programas/easy-task/src/2-Database/interfaces/ProjectStorage.ts": {"path":"/home/cana/Documents/Programas/easy-task/src/2-Database/interfaces/ProjectStorage.ts","statementMap":{},"fnMap":{},"branchMap":{},"s":{},"f":{},"b":{},"hash":"bdccfb192e463b85a1acb0a130c9a97edd5add43"}
,"/home/cana/Documents/Programas/easy-task/src/2-Database/interfaces/UserStorage.ts": {"path":"/home/cana/Documents/Programas/easy-task/src/2-Database/interfaces/UserStorage.ts","statementMap":{},"fnMap":{},"branchMap":{},"s":{},"f":{},"b":{},"hash":"c231ad9b6b10255167259072cce3963a16dfc233"}
,"/home/cana/Documents/Programas/easy-task/src/2-Database/interfaces/WorkTaskStorage.ts": {"path":"/home/cana/Documents/Programas/easy-task/src/2-Database/interfaces/WorkTaskStorage.ts","statementMap":{},"fnMap":{},"branchMap":{},"s":{},"f":{},"b":{},"hash":"94ad0bae28ba90917d8265505849d771218924c5"}
,"/home/cana/Documents/Programas/easy-task/src/2-Database/types/ProjectData.ts": {"path":"/home/cana/Documents/Programas/easy-task/src/2-Database/types/ProjectData.ts","statementMap":{},"fnMap":{},"branchMap":{},"s":{},"f":{},"b":{},"hash":"a5fa143987e77155048138ec52b182c4d67171ab"}
,"/home/cana/Documents/Programas/easy-task/src/2-Database/types/UserData.ts": {"path":"/home/cana/Documents/Programas/easy-task/src/2-Database/types/UserData.ts","statementMap":{},"fnMap":{},"branchMap":{},"s":{},"f":{},"b":{},"hash":"c8e3a2004123f46ba5eaf2703681572332dd4a39"}
,"/home/cana/Documents/Programas/easy-task/src/2-Database/types/WorkTaskData.ts": {"path":"/home/cana/Documents/Programas/easy-task/src/2-Database/types/WorkTaskData.ts","statementMap":{},"fnMap":{},"branchMap":{},"s":{},"f":{},"b":{},"hash":"a1b673df641175840ea16ac0df7b9205aa91baed"}
,"/home/cana/Documents/Programas/easy-task/src/3-ToolsetFactory/ToolsetFactory.ts": {"path":"/home/cana/Documents/Programas/easy-task/src/3-ToolsetFactory/ToolsetFactory.ts","statementMap":{"0":{"start":{"line":13,"column":25},"end":{"line":13,"column":44}},"1":{"start":{"line":14,"column":8},"end":{"line":14,"column":38}},"2":{"start":{"line":15,"column":28},"end":{"line":15,"column":58}},"3":{"start":{"line":16,"column":31},"end":{"line":16,"column":64}},"4":{"start":{"line":18,"column":8},"end":{"line":24,"column":9}},"5":{"start":{"line":25,"column":8},"end":{"line":25,"column":23}},"6":{"start":{"line":30,"column":30},"end":{"line":30,"column":53}},"7":{"start":{"line":32,"column":8},"end":{"line":36,"column":9}},"8":{"start":{"line":37,"column":8},"end":{"line":37,"column":42}},"9":{"start":{"line":42,"column":30},"end":{"line":42,"column":53}},"10":{"start":{"line":44,"column":8},"end":{"line":48,"column":9}},"11":{"start":{"line":49,"column":8},"end":{"line":49,"column":45}},"12":{"start":{"line":54,"column":8},"end":{"line":54,"column":30}}},"fnMap":{"0":{"name":"(anonymous_0)","decl":{"start":{"line":11,"column":4},"end":{"line":11,"column":5}},"loc":{"start":{"line":12,"column":4},"end":{"line":26,"column":5}},"line":12},"1":{"name":"(anonymous_1)","decl":{"start":{"line":28,"column":4},"end":{"line":28,"column":5}},"loc":{"start":{"line":29,"column":4},"end":{"line":38,"column":5}},"line":29},"2":{"name":"(anonymous_2)","decl":{"start":{"line":40,"column":4},"end":{"line":40,"column":5}},"loc":{"start":{"line":41,"column":4},"end":{"line":50,"column":5}},"line":41},"3":{"name":"(anonymous_3)","decl":{"start":{"line":52,"column":4},"end":{"line":52,"column":5}},"loc":{"start":{"line":53,"column":4},"end":{"line":55,"column":5}},"line":53}},"branchMap":{},"s":{"0":0,"1":0,"2":0,"3":0,"4":0,"5":0,"6":0,"7":0,"8":0,"9":0,"10":0,"11":0,"12":0},"f":{"0":0,"1":0,"2":0,"3":0},"b":{},"_coverageSchema":"43e27e138ebf9cfc5966b082cf9a028302ed4184","hash":"f980a04313d6e0e48730fbf6ef8e57099bd82171"}
,"/home/cana/Documents/Programas/easy-task/src/3-ToolsetFactory/types/AppToolset.ts": {"path":"/home/cana/Documents/Programas/easy-task/src/3-ToolsetFactory/types/AppToolset.ts","statementMap":{},"fnMap":{},"branchMap":{},"s":{},"f":{},"b":{},"hash":"f29eaae8a415deba5495d8697b2c8d1600eab6c3"}
}
