{"/home/cana/Documents/Programas/easy-task/App.tsx": {"path":"/home/cana/Documents/Programas/easy-task/App.tsx","statementMap":{"0":{"start":{"line":18,"column":4},"end":{"line":18,"column":17}},"1":{"start":{"line":19,"column":4},"end":{"line":19,"column":30}},"2":{"start":{"line":24,"column":4},"end":{"line":24,"column":24}},"3":{"start":{"line":29,"column":4},"end":{"line":42,"column":6}},"4":{"start":{"line":36,"column":28},"end":{"line":36,"column":62}},"5":{"start":{"line":37,"column":12},"end":{"line":37,"column":55}},"6":{"start":{"line":38,"column":12},"end":{"line":38,"column":73}},"7":{"start":{"line":46,"column":15},"end":{"line":53,"column":2}}},"fnMap":{"0":{"name":"(anonymous_0)","decl":{"start":{"line":16,"column":2},"end":{"line":16,"column":3}},"loc":{"start":{"line":17,"column":2},"end":{"line":20,"column":3}},"line":17},"1":{"name":"(anonymous_1)","decl":{"start":{"line":22,"column":2},"end":{"line":22,"column":3}},"loc":{"start":{"line":23,"column":2},"end":{"line":25,"column":3}},"line":23},"2":{"name":"(anonymous_2)","decl":{"start":{"line":27,"column":2},"end":{"line":27,"column":3}},"loc":{"start":{"line":28,"column":2},"end":{"line":43,"column":3}},"line":28},"3":{"name":"(anonymous_3)","decl":{"start":{"line":34,"column":21},"end":{"line":34,"column":22}},"loc":{"start":{"line":35,"column":10},"end":{"line":39,"column":11}},"line":35}},"branchMap":{},"s":{"0":0,"1":0,"2":0,"3":0,"4":0,"5":0,"6":0,"7":0},"f":{"0":0,"1":0,"2":0,"3":0},"b":{},"hash":"08cb7786e58057f9650edeaf09100f7effa6112f"}
,"/home/cana/Documents/Programas/easy-task/src/0-ApiLibrary/ApiLibrary.ts": {"path":"/home/cana/Documents/Programas/easy-task/src/0-ApiLibrary/ApiLibrary.ts","statementMap":{"0":{"start":{"line":11,"column":8},"end":{"line":11,"column":64}},"1":{"start":{"line":16,"column":8},"end":{"line":16,"column":67}},"2":{"start":{"line":21,"column":8},"end":{"line":21,"column":68}},"3":{"start":{"line":25,"column":4},"end":{"line":29,"column":5}},"4":{"start":{"line":34,"column":8},"end":{"line":43,"column":9}},"5":{"start":{"line":45,"column":8},"end":{"line":45,"column":30}},"6":{"start":{"line":51,"column":8},"end":{"line":59,"column":9}},"7":{"start":{"line":61,"column":8},"end":{"line":61,"column":28}},"8":{"start":{"line":67,"column":8},"end":{"line":78,"column":9}},"9":{"start":{"line":80,"column":8},"end":{"line":80,"column":35}},"10":{"start":{"line":84,"column":4},"end":{"line":92,"column":5}},"11":{"start":{"line":97,"column":8},"end":{"line":110,"column":9}},"12":{"start":{"line":112,"column":8},"end":{"line":112,"column":36}},"13":{"start":{"line":118,"column":8},"end":{"line":132,"column":9}},"14":{"start":{"line":134,"column":8},"end":{"line":134,"column":34}},"15":{"start":{"line":140,"column":8},"end":{"line":152,"column":9}},"16":{"start":{"line":154,"column":8},"end":{"line":154,"column":36}},"17":{"start":{"line":160,"column":8},"end":{"line":172,"column":9}},"18":{"start":{"line":174,"column":8},"end":{"line":174,"column":39}},"19":{"start":{"line":180,"column":8},"end":{"line":192,"column":9}},"20":{"start":{"line":194,"column":8},"end":{"line":194,"column":44}},"21":{"start":{"line":200,"column":8},"end":{"line":208,"column":9}},"22":{"start":{"line":210,"column":8},"end":{"line":210,"column":38}},"23":{"start":{"line":216,"column":8},"end":{"line":224,"column":9}},"24":{"start":{"line":226,"column":8},"end":{"line":226,"column":40}},"25":{"start":{"line":230,"column":4},"end":{"line":236,"column":5}},"26":{"start":{"line":241,"column":8},"end":{"line":260,"column":9}},"27":{"start":{"line":262,"column":8},"end":{"line":262,"column":37}},"28":{"start":{"line":268,"column":8},"end":{"line":288,"column":9}},"29":{"start":{"line":290,"column":8},"end":{"line":290,"column":37}},"30":{"start":{"line":296,"column":8},"end":{"line":309,"column":9}},"31":{"start":{"line":311,"column":8},"end":{"line":311,"column":37}},"32":{"start":{"line":317,"column":8},"end":{"line":325,"column":9}},"33":{"start":{"line":327,"column":8},"end":{"line":327,"column":44}},"34":{"start":{"line":333,"column":8},"end":{"line":345,"column":9}},"35":{"start":{"line":347,"column":8},"end":{"line":347,"column":37}}},"fnMap":{"0":{"name":"(anonymous_0)","decl":{"start":{"line":9,"column":4},"end":{"line":9,"column":5}},"loc":{"start":{"line":10,"column":4},"end":{"line":12,"column":5}},"line":10},"1":{"name":"(anonymous_1)","decl":{"start":{"line":14,"column":4},"end":{"line":14,"column":5}},"loc":{"start":{"line":15,"column":4},"end":{"line":17,"column":5}},"line":15},"2":{"name":"(anonymous_2)","decl":{"start":{"line":19,"column":4},"end":{"line":19,"column":5}},"loc":{"start":{"line":20,"column":4},"end":{"line":22,"column":5}},"line":20},"3":{"name":"(anonymous_3)","decl":{"start":{"line":31,"column":4},"end":{"line":31,"column":5}},"loc":{"start":{"line":32,"column":4},"end":{"line":46,"column":5}},"line":32},"4":{"name":"(anonymous_4)","decl":{"start":{"line":48,"column":4},"end":{"line":48,"column":5}},"loc":{"start":{"line":49,"column":4},"end":{"line":62,"column":5}},"line":49},"5":{"name":"(anonymous_5)","decl":{"start":{"line":64,"column":4},"end":{"line":64,"column":5}},"loc":{"start":{"line":65,"column":4},"end":{"line":81,"column":5}},"line":65},"6":{"name":"(anonymous_6)","decl":{"start":{"line":94,"column":4},"end":{"line":94,"column":5}},"loc":{"start":{"line":95,"column":4},"end":{"line":113,"column":5}},"line":95},"7":{"name":"(anonymous_7)","decl":{"start":{"line":115,"column":4},"end":{"line":115,"column":5}},"loc":{"start":{"line":116,"column":4},"end":{"line":135,"column":5}},"line":116},"8":{"name":"(anonymous_8)","decl":{"start":{"line":137,"column":4},"end":{"line":137,"column":5}},"loc":{"start":{"line":138,"column":4},"end":{"line":155,"column":5}},"line":138},"9":{"name":"(anonymous_9)","decl":{"start":{"line":157,"column":4},"end":{"line":157,"column":5}},"loc":{"start":{"line":158,"column":4},"end":{"line":175,"column":5}},"line":158},"10":{"name":"(anonymous_10)","decl":{"start":{"line":177,"column":4},"end":{"line":177,"column":5}},"loc":{"start":{"line":178,"column":4},"end":{"line":195,"column":5}},"line":178},"11":{"name":"(anonymous_11)","decl":{"start":{"line":197,"column":4},"end":{"line":197,"column":5}},"loc":{"start":{"line":198,"column":4},"end":{"line":211,"column":5}},"line":198},"12":{"name":"(anonymous_12)","decl":{"start":{"line":213,"column":4},"end":{"line":213,"column":5}},"loc":{"start":{"line":214,"column":4},"end":{"line":227,"column":5}},"line":214},"13":{"name":"(anonymous_13)","decl":{"start":{"line":238,"column":4},"end":{"line":238,"column":5}},"loc":{"start":{"line":239,"column":4},"end":{"line":263,"column":5}},"line":239},"14":{"name":"(anonymous_14)","decl":{"start":{"line":265,"column":4},"end":{"line":265,"column":5}},"loc":{"start":{"line":266,"column":4},"end":{"line":291,"column":5}},"line":266},"15":{"name":"(anonymous_15)","decl":{"start":{"line":293,"column":4},"end":{"line":293,"column":5}},"loc":{"start":{"line":294,"column":4},"end":{"line":312,"column":5}},"line":294},"16":{"name":"(anonymous_16)","decl":{"start":{"line":314,"column":4},"end":{"line":314,"column":5}},"loc":{"start":{"line":315,"column":4},"end":{"line":328,"column":5}},"line":315},"17":{"name":"(anonymous_17)","decl":{"start":{"line":330,"column":4},"end":{"line":330,"column":5}},"loc":{"start":{"line":331,"column":4},"end":{"line":348,"column":5}},"line":331}},"branchMap":{},"s":{"0":14,"1":31,"2":20,"3":11,"4":4,"5":4,"6":6,"7":6,"8":4,"9":4,"10":11,"11":5,"12":5,"13":4,"14":4,"15":5,"16":5,"17":5,"18":5,"19":4,"20":4,"21":4,"22":4,"23":4,"24":4,"25":11,"26":4,"27":4,"28":4,"29":4,"30":4,"31":4,"32":4,"33":4,"34":4,"35":4},"f":{"0":14,"1":31,"2":20,"3":4,"4":6,"5":4,"6":5,"7":4,"8":5,"9":5,"10":4,"11":4,"12":4,"13":4,"14":4,"15":4,"16":4,"17":4},"b":{},"_coverageSchema":"43e27e138ebf9cfc5966b082cf9a028302ed4184","hash":"20472566a4f4ce3d0b8d2e0fc535dce572227f1f"}
,"/home/cana/Documents/Programas/easy-task/src/0-ApiLibrary/constants/ApiConstants.ts": {"path":"/home/cana/Documents/Programas/easy-task/src/0-ApiLibrary/constants/ApiConstants.ts","statementMap":{"0":{"start":{"line":4,"column":4},"end":{"line":8,"column":5}},"1":{"start":{"line":11,"column":4},"end":{"line":19,"column":5}},"2":{"start":{"line":22,"column":4},"end":{"line":28,"column":5}},"3":{"start":{"line":31,"column":4},"end":{"line":35,"column":5}},"4":{"start":{"line":38,"column":4},"end":{"line":58,"column":5}}},"fnMap":{},"branchMap":{},"s":{"0":11,"1":11,"2":11,"3":11,"4":11},"f":{},"b":{},"_coverageSchema":"43e27e138ebf9cfc5966b082cf9a028302ed4184","hash":"d9d04f7951ade1fdd2ce4373f33c8aa18ca708af"}
,"/home/cana/Documents/Programas/easy-task/src/0-ApiLibrary/interfaces/AuthLib.ts": {"path":"/home/cana/Documents/Programas/easy-task/src/0-ApiLibrary/interfaces/AuthLib.ts","statementMap":{"0":{"start":{"line":9,"column":8},"end":{"line":9,"column":44}}},"fnMap":{"0":{"name":"(anonymous_0)","decl":{"start":{"line":7,"column":4},"end":{"line":7,"column":5}},"loc":{"start":{"line":8,"column":4},"end":{"line":10,"column":5}},"line":8}},"branchMap":{},"s":{"0":11},"f":{"0":11},"b":{},"_coverageSchema":"43e27e138ebf9cfc5966b082cf9a028302ed4184","hash":"a5212a1a8d82a14dcb6e33c44afbb90dab093139"}
,"/home/cana/Documents/Programas/easy-task/src/0-ApiLibrary/interfaces/ProjectLib.ts": {"path":"/home/cana/Documents/Programas/easy-task/src/0-ApiLibrary/interfaces/ProjectLib.ts","statementMap":{"0":{"start":{"line":9,"column":8},"end":{"line":9,"column":47}}},"fnMap":{"0":{"name":"(anonymous_0)","decl":{"start":{"line":7,"column":4},"end":{"line":7,"column":5}},"loc":{"start":{"line":8,"column":4},"end":{"line":10,"column":5}},"line":8}},"branchMap":{},"s":{"0":24},"f":{"0":24},"b":{},"_coverageSchema":"43e27e138ebf9cfc5966b082cf9a028302ed4184","hash":"abc388944fc1bed21b5becb9f7a91596ee76b5ea"}
,"/home/cana/Documents/Programas/easy-task/src/0-ApiLibrary/interfaces/WorkTaskLib.ts": {"path":"/home/cana/Documents/Programas/easy-task/src/0-ApiLibrary/interfaces/WorkTaskLib.ts","statementMap":{"0":{"start":{"line":9,"column":8},"end":{"line":9,"column":48}}},"fnMap":{"0":{"name":"(anonymous_0)","decl":{"start":{"line":7,"column":4},"end":{"line":7,"column":5}},"loc":{"start":{"line":8,"column":4},"end":{"line":10,"column":5}},"line":8}},"branchMap":{},"s":{"0":15},"f":{"0":15},"b":{},"_coverageSchema":"43e27e138ebf9cfc5966b082cf9a028302ed4184","hash":"db3afd11e9ffa1531afc2f5f4fc3fd833f50edb6"}
,"/home/cana/Documents/Programas/easy-task/src/0-ApiLibrary/types/ApiRequest.ts": {"path":"/home/cana/Documents/Programas/easy-task/src/0-ApiLibrary/types/ApiRequest.ts","statementMap":{},"fnMap":{},"branchMap":{},"s":{},"f":{},"b":{},"hash":"da5b3d76147f0f65005ecbbf8ea809d196f197b9"}
,"/home/cana/Documents/Programas/easy-task/src/0-ApiLibrary/types/ApiResponse.ts": {"path":"/home/cana/Documents/Programas/easy-task/src/0-ApiLibrary/types/ApiResponse.ts","statementMap":{},"fnMap":{},"branchMap":{},"s":{},"f":{},"b":{},"hash":"2aa04fee35fa5e7182a09cd913f34dacc3983940"}
,"/home/cana/Documents/Programas/easy-task/src/0-ApiLibrary/types/AuthForm.ts": {"path":"/home/cana/Documents/Programas/easy-task/src/0-ApiLibrary/types/AuthForm.ts","statementMap":{},"fnMap":{},"branchMap":{},"s":{},"f":{},"b":{},"hash":"c27a954c0d5fcf7bc8ff12571dccfec014caeb46"}
,"/home/cana/Documents/Programas/easy-task/src/0-ApiLibrary/types/ProjectForm.ts": {"path":"/home/cana/Documents/Programas/easy-task/src/0-ApiLibrary/types/ProjectForm.ts","statementMap":{},"fnMap":{},"branchMap":{},"s":{},"f":{},"b":{},"hash":"e30a875c4f36f02ca6b55190a6f54a21378edcf1"}
,"/home/cana/Documents/Programas/easy-task/src/0-ApiLibrary/types/WorkTaskForm.ts": {"path":"/home/cana/Documents/Programas/easy-task/src/0-ApiLibrary/types/WorkTaskForm.ts","statementMap":{},"fnMap":{},"branchMap":{},"s":{},"f":{},"b":{},"hash":"dc022bf84a4ad061926bf93db275047af3b93762"}
,"/home/cana/Documents/Programas/easy-task/src/1-AuthManager/AuthManager.ts": {"path":"/home/cana/Documents/Programas/easy-task/src/1-AuthManager/AuthManager.ts","statementMap":{"0":{"start":{"line":23,"column":8},"end":{"line":23,"column":41}},"1":{"start":{"line":24,"column":8},"end":{"line":24,"column":39}},"2":{"start":{"line":25,"column":8},"end":{"line":25,"column":40}},"3":{"start":{"line":30,"column":8},"end":{"line":30,"column":52}},"4":{"start":{"line":31,"column":8},"end":{"line":31,"column":44}},"5":{"start":{"line":36,"column":8},"end":{"line":36,"column":48}},"6":{"start":{"line":37,"column":8},"end":{"line":37,"column":48}},"7":{"start":{"line":42,"column":8},"end":{"line":42,"column":30}},"8":{"start":{"line":43,"column":8},"end":{"line":46,"column":9}},"9":{"start":{"line":45,"column":12},"end":{"line":45,"column":57}},"10":{"start":{"line":52,"column":8},"end":{"line":55,"column":9}},"11":{"start":{"line":57,"column":36},"end":{"line":57,"column":68}},"12":{"start":{"line":58,"column":8},"end":{"line":58,"column":46}},"13":{"start":{"line":64,"column":8},"end":{"line":67,"column":9}},"14":{"start":{"line":69,"column":36},"end":{"line":69,"column":66}},"15":{"start":{"line":70,"column":8},"end":{"line":70,"column":46}},"16":{"start":{"line":76,"column":8},"end":{"line":83,"column":9}},"17":{"start":{"line":85,"column":36},"end":{"line":85,"column":68}},"18":{"start":{"line":86,"column":8},"end":{"line":86,"column":46}},"19":{"start":{"line":91,"column":8},"end":{"line":91,"column":63}},"20":{"start":{"line":96,"column":8},"end":{"line":96,"column":86}},"21":{"start":{"line":96,"column":62},"end":{"line":96,"column":84}},"22":{"start":{"line":101,"column":8},"end":{"line":104,"column":9}},"23":{"start":{"line":103,"column":12},"end":{"line":103,"column":44}},"24":{"start":{"line":105,"column":8},"end":{"line":108,"column":9}},"25":{"start":{"line":107,"column":12},"end":{"line":107,"column":49}}},"fnMap":{"0":{"name":"(anonymous_0)","decl":{"start":{"line":21,"column":4},"end":{"line":21,"column":5}},"loc":{"start":{"line":22,"column":4},"end":{"line":26,"column":5}},"line":22},"1":{"name":"(anonymous_1)","decl":{"start":{"line":28,"column":4},"end":{"line":28,"column":5}},"loc":{"start":{"line":29,"column":4},"end":{"line":32,"column":5}},"line":29},"2":{"name":"(anonymous_2)","decl":{"start":{"line":34,"column":4},"end":{"line":34,"column":5}},"loc":{"start":{"line":35,"column":4},"end":{"line":38,"column":5}},"line":35},"3":{"name":"(anonymous_3)","decl":{"start":{"line":40,"column":4},"end":{"line":40,"column":5}},"loc":{"start":{"line":41,"column":4},"end":{"line":47,"column":5}},"line":41},"4":{"name":"(anonymous_4)","decl":{"start":{"line":49,"column":4},"end":{"line":49,"column":5}},"loc":{"start":{"line":50,"column":4},"end":{"line":59,"column":5}},"line":50},"5":{"name":"(anonymous_5)","decl":{"start":{"line":61,"column":4},"end":{"line":61,"column":5}},"loc":{"start":{"line":62,"column":4},"end":{"line":71,"column":5}},"line":62},"6":{"name":"(anonymous_6)","decl":{"start":{"line":73,"column":4},"end":{"line":73,"column":5}},"loc":{"start":{"line":74,"column":4},"end":{"line":87,"column":5}},"line":74},"7":{"name":"(anonymous_7)","decl":{"start":{"line":89,"column":4},"end":{"line":89,"column":5}},"loc":{"start":{"line":90,"column":4},"end":{"line":92,"column":5}},"line":90},"8":{"name":"(anonymous_8)","decl":{"start":{"line":94,"column":4},"end":{"line":94,"column":5}},"loc":{"start":{"line":95,"column":4},"end":{"line":97,"column":5}},"line":95},"9":{"name":"(anonymous_9)","decl":{"start":{"line":96,"column":51},"end":{"line":96,"column":52}},"loc":{"start":{"line":96,"column":62},"end":{"line":96,"column":84}},"line":96},"10":{"name":"(anonymous_10)","decl":{"start":{"line":99,"column":4},"end":{"line":99,"column":5}},"loc":{"start":{"line":100,"column":4},"end":{"line":109,"column":5}},"line":100}},"branchMap":{"0":{"loc":{"start":{"line":101,"column":8},"end":{"line":104,"column":9}},"type":"if","locations":[{"start":{"line":101,"column":8},"end":{"line":104,"column":9}},{"start":{"line":101,"column":8},"end":{"line":104,"column":9}}],"line":101}},"s":{"0":4,"1":4,"2":4,"3":4,"4":4,"5":4,"6":4,"7":4,"8":4,"9":3,"10":2,"11":2,"12":2,"13":4,"14":4,"15":4,"16":2,"17":2,"18":2,"19":3,"20":1,"21":1,"22":5,"23":3,"24":5,"25":5},"f":{"0":4,"1":4,"2":4,"3":4,"4":2,"5":4,"6":2,"7":3,"8":1,"9":1,"10":5},"b":{"0":[3,2]},"_coverageSchema":"43e27e138ebf9cfc5966b082cf9a028302ed4184","hash":"0715a284d30a366499b0272f64a8912a48f87acf"}
,"/home/cana/Documents/Programas/easy-task/src/1-AuthManager/interfaces/AuthCommunicator.ts": {"path":"/home/cana/Documents/Programas/easy-task/src/1-AuthManager/interfaces/AuthCommunicator.ts","statementMap":{},"fnMap":{},"branchMap":{},"s":{},"f":{},"b":{},"hash":"07c572777334e5e0fccb007a3aba27f8d4ec148b"}
,"/home/cana/Documents/Programas/easy-task/src/1-AuthManager/interfaces/AuthDataSource.ts": {"path":"/home/cana/Documents/Programas/easy-task/src/1-AuthManager/interfaces/AuthDataSource.ts","statementMap":{},"fnMap":{},"branchMap":{},"s":{},"f":{},"b":{},"hash":"2d3b9f196b1cd0eff58cbf6ac3a8e0ce9f0f6ac8"}
,"/home/cana/Documents/Programas/easy-task/src/1-AuthManager/interfaces/AuthSubscriber.ts": {"path":"/home/cana/Documents/Programas/easy-task/src/1-AuthManager/interfaces/AuthSubscriber.ts","statementMap":{},"fnMap":{},"branchMap":{},"s":{},"f":{},"b":{},"hash":"63541489a8672adab28a5e04569e76a75a428352"}
,"/home/cana/Documents/Programas/easy-task/src/1-AuthManager/interfaces/CommunicatorDelegate.ts": {"path":"/home/cana/Documents/Programas/easy-task/src/1-AuthManager/interfaces/CommunicatorDelegate.ts","statementMap":{},"fnMap":{},"branchMap":{},"s":{},"f":{},"b":{},"hash":"a477c3d6bb1e7a27404f07a21c88b3da1b4ee2bc"}
,"/home/cana/Documents/Programas/easy-task/src/1-AuthManager/types/AuthManagerComponents.ts": {"path":"/home/cana/Documents/Programas/easy-task/src/1-AuthManager/types/AuthManagerComponents.ts","statementMap":{},"fnMap":{},"branchMap":{},"s":{},"f":{},"b":{},"hash":"bcddf474128d28fd5a518ac4a0c6581389afed96"}
,"/home/cana/Documents/Programas/easy-task/src/1-AuthManager/types/LoginParameters.ts": {"path":"/home/cana/Documents/Programas/easy-task/src/1-AuthManager/types/LoginParameters.ts","statementMap":{},"fnMap":{},"branchMap":{},"s":{},"f":{},"b":{},"hash":"971114acf1b0ae1b3f2b4c3145c892322347b029"}
,"/home/cana/Documents/Programas/easy-task/src/1-AuthManager/types/NewUserParameters.ts": {"path":"/home/cana/Documents/Programas/easy-task/src/1-AuthManager/types/NewUserParameters.ts","statementMap":{},"fnMap":{},"branchMap":{},"s":{},"f":{},"b":{},"hash":"7b72b9e430c644d3e11f5cde4bae96799464f512"}
,"/home/cana/Documents/Programas/easy-task/src/1-ProjectManager/ProjectManager.ts": {"path":"/home/cana/Documents/Programas/easy-task/src/1-ProjectManager/ProjectManager.ts","statementMap":{"0":{"start":{"line":25,"column":8},"end":{"line":25,"column":41}},"1":{"start":{"line":26,"column":8},"end":{"line":26,"column":39}},"2":{"start":{"line":27,"column":8},"end":{"line":27,"column":40}},"3":{"start":{"line":32,"column":8},"end":{"line":32,"column":52}},"4":{"start":{"line":33,"column":8},"end":{"line":33,"column":44}},"5":{"start":{"line":38,"column":8},"end":{"line":38,"column":48}},"6":{"start":{"line":39,"column":8},"end":{"line":39,"column":48}},"7":{"start":{"line":44,"column":8},"end":{"line":44,"column":30}},"8":{"start":{"line":45,"column":8},"end":{"line":48,"column":9}},"9":{"start":{"line":47,"column":12},"end":{"line":47,"column":57}},"10":{"start":{"line":54,"column":8},"end":{"line":61,"column":9}},"11":{"start":{"line":63,"column":35},"end":{"line":63,"column":79}},"12":{"start":{"line":64,"column":8},"end":{"line":64,"column":46}},"13":{"start":{"line":70,"column":8},"end":{"line":77,"column":9}},"14":{"start":{"line":79,"column":35},"end":{"line":79,"column":77}},"15":{"start":{"line":80,"column":8},"end":{"line":80,"column":46}},"16":{"start":{"line":86,"column":8},"end":{"line":93,"column":9}},"17":{"start":{"line":95,"column":35},"end":{"line":95,"column":79}},"18":{"start":{"line":96,"column":8},"end":{"line":96,"column":46}},"19":{"start":{"line":102,"column":8},"end":{"line":109,"column":9}},"20":{"start":{"line":111,"column":35},"end":{"line":111,"column":82}},"21":{"start":{"line":112,"column":8},"end":{"line":112,"column":46}},"22":{"start":{"line":118,"column":8},"end":{"line":125,"column":9}},"23":{"start":{"line":127,"column":35},"end":{"line":127,"column":85}},"24":{"start":{"line":128,"column":8},"end":{"line":128,"column":46}},"25":{"start":{"line":134,"column":8},"end":{"line":141,"column":9}},"26":{"start":{"line":142,"column":8},"end":{"line":142,"column":15}},"27":{"start":{"line":143,"column":35},"end":{"line":143,"column":81}},"28":{"start":{"line":144,"column":8},"end":{"line":144,"column":46}},"29":{"start":{"line":150,"column":8},"end":{"line":157,"column":9}},"30":{"start":{"line":159,"column":35},"end":{"line":159,"column":83}},"31":{"start":{"line":160,"column":8},"end":{"line":160,"column":46}},"32":{"start":{"line":165,"column":8},"end":{"line":165,"column":63}},"33":{"start":{"line":170,"column":8},"end":{"line":170,"column":86}},"34":{"start":{"line":170,"column":62},"end":{"line":170,"column":84}},"35":{"start":{"line":175,"column":8},"end":{"line":178,"column":9}},"36":{"start":{"line":177,"column":12},"end":{"line":177,"column":49}}},"fnMap":{"0":{"name":"(anonymous_0)","decl":{"start":{"line":23,"column":4},"end":{"line":23,"column":5}},"loc":{"start":{"line":24,"column":4},"end":{"line":28,"column":5}},"line":24},"1":{"name":"(anonymous_1)","decl":{"start":{"line":30,"column":4},"end":{"line":30,"column":5}},"loc":{"start":{"line":31,"column":4},"end":{"line":34,"column":5}},"line":31},"2":{"name":"(anonymous_2)","decl":{"start":{"line":36,"column":4},"end":{"line":36,"column":5}},"loc":{"start":{"line":37,"column":4},"end":{"line":40,"column":5}},"line":37},"3":{"name":"(anonymous_3)","decl":{"start":{"line":42,"column":4},"end":{"line":42,"column":5}},"loc":{"start":{"line":43,"column":4},"end":{"line":49,"column":5}},"line":43},"4":{"name":"(anonymous_4)","decl":{"start":{"line":51,"column":4},"end":{"line":51,"column":5}},"loc":{"start":{"line":52,"column":4},"end":{"line":65,"column":5}},"line":52},"5":{"name":"(anonymous_5)","decl":{"start":{"line":67,"column":4},"end":{"line":67,"column":5}},"loc":{"start":{"line":68,"column":4},"end":{"line":81,"column":5}},"line":68},"6":{"name":"(anonymous_6)","decl":{"start":{"line":83,"column":4},"end":{"line":83,"column":5}},"loc":{"start":{"line":84,"column":4},"end":{"line":97,"column":5}},"line":84},"7":{"name":"(anonymous_7)","decl":{"start":{"line":99,"column":4},"end":{"line":99,"column":5}},"loc":{"start":{"line":100,"column":4},"end":{"line":113,"column":5}},"line":100},"8":{"name":"(anonymous_8)","decl":{"start":{"line":115,"column":4},"end":{"line":115,"column":5}},"loc":{"start":{"line":116,"column":4},"end":{"line":129,"column":5}},"line":116},"9":{"name":"(anonymous_9)","decl":{"start":{"line":131,"column":4},"end":{"line":131,"column":5}},"loc":{"start":{"line":132,"column":4},"end":{"line":145,"column":5}},"line":132},"10":{"name":"(anonymous_10)","decl":{"start":{"line":147,"column":4},"end":{"line":147,"column":5}},"loc":{"start":{"line":148,"column":4},"end":{"line":161,"column":5}},"line":148},"11":{"name":"(anonymous_11)","decl":{"start":{"line":163,"column":4},"end":{"line":163,"column":5}},"loc":{"start":{"line":164,"column":4},"end":{"line":166,"column":5}},"line":164},"12":{"name":"(anonymous_12)","decl":{"start":{"line":168,"column":4},"end":{"line":168,"column":5}},"loc":{"start":{"line":169,"column":4},"end":{"line":171,"column":5}},"line":169},"13":{"name":"(anonymous_13)","decl":{"start":{"line":170,"column":51},"end":{"line":170,"column":52}},"loc":{"start":{"line":170,"column":62},"end":{"line":170,"column":84}},"line":170},"14":{"name":"(anonymous_14)","decl":{"start":{"line":173,"column":4},"end":{"line":173,"column":5}},"loc":{"start":{"line":174,"column":4},"end":{"line":179,"column":5}},"line":174}},"branchMap":{},"s":{"0":3,"1":3,"2":3,"3":3,"4":3,"5":3,"6":3,"7":3,"8":3,"9":2,"10":3,"11":3,"12":3,"13":2,"14":2,"15":2,"16":3,"17":3,"18":3,"19":3,"20":3,"21":3,"22":2,"23":2,"24":2,"25":2,"26":2,"27":2,"28":2,"29":2,"30":2,"31":2,"32":2,"33":0,"34":0,"35":9,"36":9},"f":{"0":3,"1":3,"2":3,"3":3,"4":3,"5":2,"6":3,"7":3,"8":2,"9":2,"10":2,"11":2,"12":0,"13":0,"14":9},"b":{},"_coverageSchema":"43e27e138ebf9cfc5966b082cf9a028302ed4184","hash":"3271875a8ded9d2d92056d4fb65119cc5e79bf0b"}
,"/home/cana/Documents/Programas/easy-task/src/1-ProjectManager/interfaces/CommunicatorDelagate.ts": {"path":"/home/cana/Documents/Programas/easy-task/src/1-ProjectManager/interfaces/CommunicatorDelagate.ts","statementMap":{},"fnMap":{},"branchMap":{},"s":{},"f":{},"b":{},"hash":"fa5115c844acce8a94f32e392bb8d62b965ac8cd"}
,"/home/cana/Documents/Programas/easy-task/src/1-ProjectManager/interfaces/ProjectCommunicator.ts": {"path":"/home/cana/Documents/Programas/easy-task/src/1-ProjectManager/interfaces/ProjectCommunicator.ts","statementMap":{},"fnMap":{},"branchMap":{},"s":{},"f":{},"b":{},"hash":"4e412896bcf90baf0627b3329349a4c26214724f"}
,"/home/cana/Documents/Programas/easy-task/src/1-ProjectManager/interfaces/ProjectDataSource.ts": {"path":"/home/cana/Documents/Programas/easy-task/src/1-ProjectManager/interfaces/ProjectDataSource.ts","statementMap":{},"fnMap":{},"branchMap":{},"s":{},"f":{},"b":{},"hash":"3c93d7d4490666044ba8e7eb66d6bef6c94b0df2"}
,"/home/cana/Documents/Programas/easy-task/src/1-ProjectManager/interfaces/ProjectSubscriber.ts": {"path":"/home/cana/Documents/Programas/easy-task/src/1-ProjectManager/interfaces/ProjectSubscriber.ts","statementMap":{},"fnMap":{},"branchMap":{},"s":{},"f":{},"b":{},"hash":"d644ad34f0ef22f083551a711687d9f6a21ead24"}
,"/home/cana/Documents/Programas/easy-task/src/1-ProjectManager/types/CreateProjectParameters.ts": {"path":"/home/cana/Documents/Programas/easy-task/src/1-ProjectManager/types/CreateProjectParameters.ts","statementMap":{},"fnMap":{},"branchMap":{},"s":{},"f":{},"b":{},"hash":"6b704a577b0c93ad1e6d54dfe030b11050fe125d"}
,"/home/cana/Documents/Programas/easy-task/src/1-ProjectManager/types/DeleteProjectParameters.ts": {"path":"/home/cana/Documents/Programas/easy-task/src/1-ProjectManager/types/DeleteProjectParameters.ts","statementMap":{},"fnMap":{},"branchMap":{},"s":{},"f":{},"b":{},"hash":"94130aa0b1841a0839713b4ea21c678824efed34"}
,"/home/cana/Documents/Programas/easy-task/src/1-ProjectManager/types/EditProjectParameters.ts": {"path":"/home/cana/Documents/Programas/easy-task/src/1-ProjectManager/types/EditProjectParameters.ts","statementMap":{},"fnMap":{},"branchMap":{},"s":{},"f":{},"b":{},"hash":"894c375898e2a5a7df11fec1bc1604fd90077d76"}
,"/home/cana/Documents/Programas/easy-task/src/1-ProjectManager/types/ManageUserParameters.ts": {"path":"/home/cana/Documents/Programas/easy-task/src/1-ProjectManager/types/ManageUserParameters.ts","statementMap":{},"fnMap":{},"branchMap":{},"s":{},"f":{},"b":{},"hash":"06741178b954e4d57d67757a45dd5298b961af4f"}
,"/home/cana/Documents/Programas/easy-task/src/1-ProjectManager/types/ProjectManagerComponents.ts": {"path":"/home/cana/Documents/Programas/easy-task/src/1-ProjectManager/types/ProjectManagerComponents.ts","statementMap":{},"fnMap":{},"branchMap":{},"s":{},"f":{},"b":{},"hash":"c27d9453160bb99a90f94c180a6a693ccd168ef3"}
,"/home/cana/Documents/Programas/easy-task/src/1-WorkTaskManager/WorkTaskManager.ts": {"path":"/home/cana/Documents/Programas/easy-task/src/1-WorkTaskManager/WorkTaskManager.ts","statementMap":{"0":{"start":{"line":25,"column":8},"end":{"line":25,"column":41}},"1":{"start":{"line":26,"column":8},"end":{"line":26,"column":39}},"2":{"start":{"line":27,"column":8},"end":{"line":27,"column":40}},"3":{"start":{"line":32,"column":8},"end":{"line":32,"column":52}},"4":{"start":{"line":33,"column":8},"end":{"line":33,"column":44}},"5":{"start":{"line":38,"column":8},"end":{"line":38,"column":48}},"6":{"start":{"line":39,"column":8},"end":{"line":39,"column":48}},"7":{"start":{"line":44,"column":8},"end":{"line":44,"column":30}},"8":{"start":{"line":45,"column":8},"end":{"line":48,"column":9}},"9":{"start":{"line":47,"column":12},"end":{"line":47,"column":57}},"10":{"start":{"line":54,"column":8},"end":{"line":61,"column":9}},"11":{"start":{"line":63,"column":36},"end":{"line":63,"column":83}},"12":{"start":{"line":64,"column":8},"end":{"line":64,"column":46}},"13":{"start":{"line":70,"column":8},"end":{"line":77,"column":9}},"14":{"start":{"line":79,"column":36},"end":{"line":79,"column":83}},"15":{"start":{"line":80,"column":8},"end":{"line":80,"column":46}},"16":{"start":{"line":86,"column":8},"end":{"line":93,"column":9}},"17":{"start":{"line":95,"column":36},"end":{"line":95,"column":83}},"18":{"start":{"line":96,"column":8},"end":{"line":96,"column":46}},"19":{"start":{"line":102,"column":8},"end":{"line":109,"column":9}},"20":{"start":{"line":111,"column":36},"end":{"line":111,"column":80}},"21":{"start":{"line":112,"column":8},"end":{"line":112,"column":46}},"22":{"start":{"line":118,"column":8},"end":{"line":125,"column":9}},"23":{"start":{"line":127,"column":36},"end":{"line":127,"column":83}},"24":{"start":{"line":128,"column":8},"end":{"line":128,"column":46}},"25":{"start":{"line":133,"column":8},"end":{"line":133,"column":63}},"26":{"start":{"line":138,"column":8},"end":{"line":138,"column":86}},"27":{"start":{"line":138,"column":62},"end":{"line":138,"column":84}},"28":{"start":{"line":143,"column":8},"end":{"line":146,"column":9}},"29":{"start":{"line":145,"column":12},"end":{"line":145,"column":49}}},"fnMap":{"0":{"name":"(anonymous_0)","decl":{"start":{"line":23,"column":4},"end":{"line":23,"column":5}},"loc":{"start":{"line":24,"column":4},"end":{"line":28,"column":5}},"line":24},"1":{"name":"(anonymous_1)","decl":{"start":{"line":30,"column":4},"end":{"line":30,"column":5}},"loc":{"start":{"line":31,"column":4},"end":{"line":34,"column":5}},"line":31},"2":{"name":"(anonymous_2)","decl":{"start":{"line":36,"column":4},"end":{"line":36,"column":5}},"loc":{"start":{"line":37,"column":4},"end":{"line":40,"column":5}},"line":37},"3":{"name":"(anonymous_3)","decl":{"start":{"line":42,"column":4},"end":{"line":42,"column":5}},"loc":{"start":{"line":43,"column":4},"end":{"line":49,"column":5}},"line":43},"4":{"name":"(anonymous_4)","decl":{"start":{"line":51,"column":4},"end":{"line":51,"column":5}},"loc":{"start":{"line":52,"column":4},"end":{"line":65,"column":5}},"line":52},"5":{"name":"(anonymous_5)","decl":{"start":{"line":67,"column":4},"end":{"line":67,"column":5}},"loc":{"start":{"line":68,"column":4},"end":{"line":81,"column":5}},"line":68},"6":{"name":"(anonymous_6)","decl":{"start":{"line":83,"column":4},"end":{"line":83,"column":5}},"loc":{"start":{"line":84,"column":4},"end":{"line":97,"column":5}},"line":84},"7":{"name":"(anonymous_7)","decl":{"start":{"line":99,"column":4},"end":{"line":99,"column":5}},"loc":{"start":{"line":100,"column":4},"end":{"line":113,"column":5}},"line":100},"8":{"name":"(anonymous_8)","decl":{"start":{"line":115,"column":4},"end":{"line":115,"column":5}},"loc":{"start":{"line":116,"column":4},"end":{"line":129,"column":5}},"line":116},"9":{"name":"(anonymous_9)","decl":{"start":{"line":131,"column":4},"end":{"line":131,"column":5}},"loc":{"start":{"line":132,"column":4},"end":{"line":134,"column":5}},"line":132},"10":{"name":"(anonymous_10)","decl":{"start":{"line":136,"column":4},"end":{"line":136,"column":5}},"loc":{"start":{"line":137,"column":4},"end":{"line":139,"column":5}},"line":137},"11":{"name":"(anonymous_11)","decl":{"start":{"line":138,"column":51},"end":{"line":138,"column":52}},"loc":{"start":{"line":138,"column":62},"end":{"line":138,"column":84}},"line":138},"12":{"name":"(anonymous_12)","decl":{"start":{"line":141,"column":4},"end":{"line":141,"column":5}},"loc":{"start":{"line":142,"column":4},"end":{"line":147,"column":5}},"line":142}},"branchMap":{},"s":{"0":2,"1":2,"2":2,"3":2,"4":2,"5":2,"6":2,"7":2,"8":2,"9":1,"10":2,"11":2,"12":2,"13":2,"14":2,"15":2,"16":2,"17":2,"18":2,"19":2,"20":2,"21":2,"22":2,"23":2,"24":2,"25":1,"26":0,"27":0,"28":6,"29":6},"f":{"0":2,"1":2,"2":2,"3":2,"4":2,"5":2,"6":2,"7":2,"8":2,"9":1,"10":0,"11":0,"12":6},"b":{},"_coverageSchema":"43e27e138ebf9cfc5966b082cf9a028302ed4184","hash":"78631b6a2557f838993c3a36267e2ca5e1d4f475"}
,"/home/cana/Documents/Programas/easy-task/src/1-WorkTaskManager/interfaces/CommunicatorDelagate.ts": {"path":"/home/cana/Documents/Programas/easy-task/src/1-WorkTaskManager/interfaces/CommunicatorDelagate.ts","statementMap":{},"fnMap":{},"branchMap":{},"s":{},"f":{},"b":{},"hash":"aee3914bb16e83f4a408eddfbb53b5dfc2071069"}
,"/home/cana/Documents/Programas/easy-task/src/1-WorkTaskManager/interfaces/WorkTaskCommunicator.ts": {"path":"/home/cana/Documents/Programas/easy-task/src/1-WorkTaskManager/interfaces/WorkTaskCommunicator.ts","statementMap":{},"fnMap":{},"branchMap":{},"s":{},"f":{},"b":{},"hash":"1a5c8a7f8f877e558afed1c443f51edd4067b09a"}
,"/home/cana/Documents/Programas/easy-task/src/1-WorkTaskManager/interfaces/WorkTaskDataSource.ts": {"path":"/home/cana/Documents/Programas/easy-task/src/1-WorkTaskManager/interfaces/WorkTaskDataSource.ts","statementMap":{},"fnMap":{},"branchMap":{},"s":{},"f":{},"b":{},"hash":"95cbd7e1bc45ccca8aec3a648f0e8b52bb466928"}
,"/home/cana/Documents/Programas/easy-task/src/1-WorkTaskManager/interfaces/WorkTaskSubscriber.ts": {"path":"/home/cana/Documents/Programas/easy-task/src/1-WorkTaskManager/interfaces/WorkTaskSubscriber.ts","statementMap":{},"fnMap":{},"branchMap":{},"s":{},"f":{},"b":{},"hash":"ff2ca7bee629d7293c8fa8f749856f197e42dc3b"}
,"/home/cana/Documents/Programas/easy-task/src/1-WorkTaskManager/types/AddResponsibleParameters.ts": {"path":"/home/cana/Documents/Programas/easy-task/src/1-WorkTaskManager/types/AddResponsibleParameters.ts","statementMap":{},"fnMap":{},"branchMap":{},"s":{},"f":{},"b":{},"hash":"da1d4278d3843388188ce81350b1f6416e39a194"}
,"/home/cana/Documents/Programas/easy-task/src/1-WorkTaskManager/types/CreateWorkTaskParameters.ts": {"path":"/home/cana/Documents/Programas/easy-task/src/1-WorkTaskManager/types/CreateWorkTaskParameters.ts","statementMap":{},"fnMap":{},"branchMap":{},"s":{},"f":{},"b":{},"hash":"86564016f8774caffc9332462f5acca0e855d236"}
,"/home/cana/Documents/Programas/easy-task/src/1-WorkTaskManager/types/DeleteTaskParameters.ts": {"path":"/home/cana/Documents/Programas/easy-task/src/1-WorkTaskManager/types/DeleteTaskParameters.ts","statementMap":{},"fnMap":{},"branchMap":{},"s":{},"f":{},"b":{},"hash":"631bd2fcbe7a7edc4179925831c9b845f9a2bfb8"}
,"/home/cana/Documents/Programas/easy-task/src/1-WorkTaskManager/types/UpdateWorkTaskParameters.ts": {"path":"/home/cana/Documents/Programas/easy-task/src/1-WorkTaskManager/types/UpdateWorkTaskParameters.ts","statementMap":{},"fnMap":{},"branchMap":{},"s":{},"f":{},"b":{},"hash":"f0c1ba7ef8e0c6f4b89c968974aa3133ac196506"}
,"/home/cana/Documents/Programas/easy-task/src/1-WorkTaskManager/types/WorkTaskManagerComponents.ts": {"path":"/home/cana/Documents/Programas/easy-task/src/1-WorkTaskManager/types/WorkTaskManagerComponents.ts","statementMap":{},"fnMap":{},"branchMap":{},"s":{},"f":{},"b":{},"hash":"2b2a3bfed7e4fe8905c70998d1f3c4f3a511e581"}
,"/home/cana/Documents/Programas/easy-task/src/2-AxiosCommunicator/AxiosCommunicator.ts": {"path":"/home/cana/Documents/Programas/easy-task/src/2-AxiosCommunicator/AxiosCommunicator.ts","statementMap":{"0":{"start":{"line":13,"column":8},"end":{"line":13,"column":57}},"1":{"start":{"line":18,"column":8},"end":{"line":28,"column":14}},"2":{"start":{"line":21,"column":36},"end":{"line":21,"column":71}},"3":{"start":{"line":22,"column":16},"end":{"line":22,"column":60}},"4":{"start":{"line":26,"column":36},"end":{"line":26,"column":77}},"5":{"start":{"line":27,"column":16},"end":{"line":27,"column":60}},"6":{"start":{"line":34,"column":8},"end":{"line":38,"column":9}},"7":{"start":{"line":39,"column":8},"end":{"line":39,"column":26}}},"fnMap":{"0":{"name":"(anonymous_0)","decl":{"start":{"line":11,"column":4},"end":{"line":11,"column":5}},"loc":{"start":{"line":12,"column":4},"end":{"line":14,"column":5}},"line":12},"1":{"name":"(anonymous_1)","decl":{"start":{"line":16,"column":4},"end":{"line":16,"column":5}},"loc":{"start":{"line":17,"column":4},"end":{"line":29,"column":5}},"line":17},"2":{"name":"(anonymous_2)","decl":{"start":{"line":19,"column":18},"end":{"line":19,"column":19}},"loc":{"start":{"line":20,"column":12},"end":{"line":23,"column":13}},"line":20},"3":{"name":"(anonymous_3)","decl":{"start":{"line":24,"column":19},"end":{"line":24,"column":20}},"loc":{"start":{"line":25,"column":12},"end":{"line":28,"column":13}},"line":25},"4":{"name":"(anonymous_4)","decl":{"start":{"line":31,"column":4},"end":{"line":31,"column":5}},"loc":{"start":{"line":32,"column":4},"end":{"line":40,"column":5}},"line":32}},"branchMap":{},"s":{"0":7,"1":23,"2":17,"3":17,"4":6,"5":6,"6":23,"7":23},"f":{"0":7,"1":23,"2":17,"3":6,"4":23},"b":{},"_coverageSchema":"43e27e138ebf9cfc5966b082cf9a028302ed4184","hash":"f802551f47269fbe7cc3fa03b495b402ac6e12d9"}
,"/home/cana/Documents/Programas/easy-task/src/2-Database/Database.ts": {"path":"/home/cana/Documents/Programas/easy-task/src/2-Database/Database.ts","statementMap":{"0":{"start":{"line":7,"column":19},"end":{"line":7,"column":40}},"1":{"start":{"line":19,"column":8},"end":{"line":19,"column":62}},"2":{"start":{"line":20,"column":8},"end":{"line":25,"column":9}},"3":{"start":{"line":30,"column":8},"end":{"line":30,"column":23}},"4":{"start":{"line":31,"column":8},"end":{"line":35,"column":11}},"5":{"start":{"line":33,"column":12},"end":{"line":33,"column":34}},"6":{"start":{"line":34,"column":12},"end":{"line":34,"column":66}},"7":{"start":{"line":40,"column":26},"end":{"line":46,"column":11}},"8":{"start":{"line":48,"column":8},"end":{"line":48,"column":57}},"9":{"start":{"line":53,"column":26},"end":{"line":53,"column":68}},"10":{"start":{"line":54,"column":8},"end":{"line":54,"column":58}},"11":{"start":{"line":59,"column":8},"end":{"line":60,"column":35}},"12":{"start":{"line":59,"column":31},"end":{"line":59,"column":56}},"13":{"start":{"line":60,"column":13},"end":{"line":60,"column":35}},"14":{"start":{"line":65,"column":26},"end":{"line":65,"column":91}},"15":{"start":{"line":66,"column":8},"end":{"line":66,"column":57}},"16":{"start":{"line":71,"column":8},"end":{"line":76,"column":10}},"17":{"start":{"line":77,"column":8},"end":{"line":77,"column":67}},"18":{"start":{"line":77,"column":42},"end":{"line":77,"column":67}},"19":{"start":{"line":78,"column":8},"end":{"line":78,"column":28}},"20":{"start":{"line":83,"column":8},"end":{"line":83,"column":29}},"21":{"start":{"line":88,"column":8},"end":{"line":88,"column":28}},"22":{"start":{"line":89,"column":8},"end":{"line":89,"column":32}},"23":{"start":{"line":94,"column":8},"end":{"line":94,"column":56}},"24":{"start":{"line":94,"column":23},"end":{"line":94,"column":56}},"25":{"start":{"line":95,"column":8},"end":{"line":95,"column":53}},"26":{"start":{"line":95,"column":22},"end":{"line":95,"column":53}},"27":{"start":{"line":96,"column":8},"end":{"line":96,"column":64}},"28":{"start":{"line":96,"column":26},"end":{"line":96,"column":64}},"29":{"start":{"line":101,"column":8},"end":{"line":112,"column":10}},"30":{"start":{"line":103,"column":30},"end":{"line":110,"column":13}},"31":{"start":{"line":111,"column":12},"end":{"line":111,"column":41}},"32":{"start":{"line":117,"column":8},"end":{"line":123,"column":9}},"33":{"start":{"line":117,"column":44},"end":{"line":117,"column":61}},"34":{"start":{"line":120,"column":29},"end":{"line":120,"column":47}},"35":{"start":{"line":121,"column":25},"end":{"line":121,"column":49}},"36":{"start":{"line":122,"column":12},"end":{"line":122,"column":60}},"37":{"start":{"line":124,"column":8},"end":{"line":124,"column":32}},"38":{"start":{"line":129,"column":8},"end":{"line":134,"column":9}},"39":{"start":{"line":139,"column":8},"end":{"line":139,"column":38}}},"fnMap":{"0":{"name":"(anonymous_0)","decl":{"start":{"line":17,"column":4},"end":{"line":17,"column":5}},"loc":{"start":{"line":18,"column":4},"end":{"line":26,"column":5}},"line":18},"1":{"name":"(anonymous_1)","decl":{"start":{"line":28,"column":4},"end":{"line":28,"column":5}},"loc":{"start":{"line":29,"column":4},"end":{"line":36,"column":5}},"line":29},"2":{"name":"(anonymous_2)","decl":{"start":{"line":31,"column":27},"end":{"line":31,"column":28}},"loc":{"start":{"line":32,"column":8},"end":{"line":35,"column":9}},"line":32},"3":{"name":"(anonymous_3)","decl":{"start":{"line":38,"column":4},"end":{"line":38,"column":5}},"loc":{"start":{"line":39,"column":4},"end":{"line":49,"column":5}},"line":39},"4":{"name":"(anonymous_4)","decl":{"start":{"line":51,"column":4},"end":{"line":51,"column":5}},"loc":{"start":{"line":52,"column":4},"end":{"line":55,"column":5}},"line":52},"5":{"name":"(anonymous_5)","decl":{"start":{"line":57,"column":4},"end":{"line":57,"column":5}},"loc":{"start":{"line":58,"column":4},"end":{"line":61,"column":5}},"line":58},"6":{"name":"(anonymous_6)","decl":{"start":{"line":63,"column":4},"end":{"line":63,"column":5}},"loc":{"start":{"line":64,"column":4},"end":{"line":67,"column":5}},"line":64},"7":{"name":"(anonymous_7)","decl":{"start":{"line":69,"column":4},"end":{"line":69,"column":5}},"loc":{"start":{"line":70,"column":4},"end":{"line":79,"column":5}},"line":70},"8":{"name":"(anonymous_8)","decl":{"start":{"line":81,"column":4},"end":{"line":81,"column":5}},"loc":{"start":{"line":82,"column":4},"end":{"line":84,"column":5}},"line":82},"9":{"name":"(anonymous_9)","decl":{"start":{"line":86,"column":4},"end":{"line":86,"column":5}},"loc":{"start":{"line":87,"column":4},"end":{"line":90,"column":5}},"line":87},"10":{"name":"(anonymous_10)","decl":{"start":{"line":92,"column":4},"end":{"line":92,"column":5}},"loc":{"start":{"line":93,"column":4},"end":{"line":97,"column":5}},"line":93},"11":{"name":"(anonymous_11)","decl":{"start":{"line":99,"column":4},"end":{"line":99,"column":5}},"loc":{"start":{"line":100,"column":4},"end":{"line":113,"column":5}},"line":100},"12":{"name":"(anonymous_12)","decl":{"start":{"line":101,"column":34},"end":{"line":101,"column":35}},"loc":{"start":{"line":102,"column":8},"end":{"line":112,"column":9}},"line":102},"13":{"name":"(anonymous_13)","decl":{"start":{"line":115,"column":4},"end":{"line":115,"column":5}},"loc":{"start":{"line":116,"column":4},"end":{"line":125,"column":5}},"line":116},"14":{"name":"(anonymous_14)","decl":{"start":{"line":127,"column":4},"end":{"line":127,"column":5}},"loc":{"start":{"line":128,"column":4},"end":{"line":135,"column":5}},"line":128},"15":{"name":"(anonymous_15)","decl":{"start":{"line":137,"column":4},"end":{"line":137,"column":5}},"loc":{"start":{"line":138,"column":4},"end":{"line":140,"column":5}},"line":138}},"branchMap":{"0":{"loc":{"start":{"line":59,"column":8},"end":{"line":60,"column":35}},"type":"if","locations":[{"start":{"line":59,"column":8},"end":{"line":60,"column":35}},{"start":{"line":59,"column":8},"end":{"line":60,"column":35}}],"line":59},"1":{"loc":{"start":{"line":77,"column":8},"end":{"line":77,"column":67}},"type":"if","locations":[{"start":{"line":77,"column":8},"end":{"line":77,"column":67}},{"start":{"line":77,"column":8},"end":{"line":77,"column":67}}],"line":77},"2":{"loc":{"start":{"line":94,"column":8},"end":{"line":94,"column":56}},"type":"if","locations":[{"start":{"line":94,"column":8},"end":{"line":94,"column":56}},{"start":{"line":94,"column":8},"end":{"line":94,"column":56}}],"line":94},"3":{"loc":{"start":{"line":95,"column":8},"end":{"line":95,"column":53}},"type":"if","locations":[{"start":{"line":95,"column":8},"end":{"line":95,"column":53}},{"start":{"line":95,"column":8},"end":{"line":95,"column":53}}],"line":95},"4":{"loc":{"start":{"line":96,"column":8},"end":{"line":96,"column":64}},"type":"if","locations":[{"start":{"line":96,"column":8},"end":{"line":96,"column":64}},{"start":{"line":96,"column":8},"end":{"line":96,"column":64}}],"line":96},"5":{"loc":{"start":{"line":117,"column":8},"end":{"line":123,"column":9}},"type":"if","locations":[{"start":{"line":117,"column":8},"end":{"line":123,"column":9}},{"start":{"line":117,"column":8},"end":{"line":123,"column":9}}],"line":117}},"s":{"0":1,"1":0,"2":0,"3":0,"4":0,"5":0,"6":0,"7":0,"8":0,"9":0,"10":0,"11":0,"12":0,"13":0,"14":0,"15":0,"16":0,"17":0,"18":0,"19":0,"20":0,"21":0,"22":0,"23":0,"24":0,"25":0,"26":0,"27":0,"28":0,"29":0,"30":0,"31":0,"32":0,"33":0,"34":0,"35":0,"36":0,"37":0,"38":0,"39":0},"f":{"0":0,"1":0,"2":0,"3":0,"4":0,"5":0,"6":0,"7":0,"8":0,"9":0,"10":0,"11":0,"12":0,"13":0,"14":0,"15":0},"b":{"0":[0,0],"1":[0,0],"2":[0,0],"3":[0,0],"4":[0,0],"5":[0,0]},"_coverageSchema":"43e27e138ebf9cfc5966b082cf9a028302ed4184","hash":"2bea359d3868cda1818e22c0f25bf57415a83e89"}
,"/home/cana/Documents/Programas/easy-task/src/2-Database/constants/DBConstants.ts": {"path":"/home/cana/Documents/Programas/easy-task/src/2-Database/constants/DBConstants.ts","statementMap":{"0":{"start":{"line":3,"column":27},"end":{"line":3,"column":40}},"1":{"start":{"line":6,"column":4},"end":{"line":8,"column":5}},"2":{"start":{"line":11,"column":4},"end":{"line":16,"column":5}},"3":{"start":{"line":19,"column":4},"end":{"line":24,"column":5}}},"fnMap":{},"branchMap":{},"s":{"0":1,"1":1,"2":1,"3":1},"f":{},"b":{},"_coverageSchema":"43e27e138ebf9cfc5966b082cf9a028302ed4184","hash":"7cf6d78c2a5ddfa35b8bcf72b9f9489049c4c9e4"}
,"/home/cana/Documents/Programas/easy-task/src/2-Database/interfaces/UserStorage.ts": {"path":"/home/cana/Documents/Programas/easy-task/src/2-Database/interfaces/UserStorage.ts","statementMap":{},"fnMap":{},"branchMap":{},"s":{},"f":{},"b":{},"hash":"c231ad9b6b10255167259072cce3963a16dfc233"}
,"/home/cana/Documents/Programas/easy-task/src/2-Database/types/UserData.ts": {"path":"/home/cana/Documents/Programas/easy-task/src/2-Database/types/UserData.ts","statementMap":{},"fnMap":{},"branchMap":{},"s":{},"f":{},"b":{},"hash":"c8e3a2004123f46ba5eaf2703681572332dd4a39"}
,"/home/cana/Documents/Programas/easy-task/src/3-ToolsetFactory/ToolsetFactory.ts": {"path":"/home/cana/Documents/Programas/easy-task/src/3-ToolsetFactory/ToolsetFactory.ts","statementMap":{"0":{"start":{"line":11,"column":25},"end":{"line":11,"column":44}},"1":{"start":{"line":12,"column":8},"end":{"line":12,"column":38}},"2":{"start":{"line":13,"column":28},"end":{"line":13,"column":58}},"3":{"start":{"line":15,"column":8},"end":{"line":18,"column":9}},"4":{"start":{"line":19,"column":8},"end":{"line":19,"column":23}},"5":{"start":{"line":24,"column":30},"end":{"line":24,"column":53}},"6":{"start":{"line":26,"column":8},"end":{"line":30,"column":9}},"7":{"start":{"line":31,"column":8},"end":{"line":31,"column":42}},"8":{"start":{"line":36,"column":8},"end":{"line":36,"column":30}}},"fnMap":{"0":{"name":"(anonymous_0)","decl":{"start":{"line":9,"column":4},"end":{"line":9,"column":5}},"loc":{"start":{"line":10,"column":4},"end":{"line":20,"column":5}},"line":10},"1":{"name":"(anonymous_1)","decl":{"start":{"line":22,"column":4},"end":{"line":22,"column":5}},"loc":{"start":{"line":23,"column":4},"end":{"line":32,"column":5}},"line":23},"2":{"name":"(anonymous_2)","decl":{"start":{"line":34,"column":4},"end":{"line":34,"column":5}},"loc":{"start":{"line":35,"column":4},"end":{"line":37,"column":5}},"line":35}},"branchMap":{},"s":{"0":0,"1":0,"2":0,"3":0,"4":0,"5":0,"6":0,"7":0,"8":0},"f":{"0":0,"1":0,"2":0},"b":{},"_coverageSchema":"43e27e138ebf9cfc5966b082cf9a028302ed4184","hash":"c5fdd5fbf5153f25ba2deb3a9b6b595ee901c5e1"}
,"/home/cana/Documents/Programas/easy-task/src/3-ToolsetFactory/types/AppToolset.ts": {"path":"/home/cana/Documents/Programas/easy-task/src/3-ToolsetFactory/types/AppToolset.ts","statementMap":{},"fnMap":{},"branchMap":{},"s":{},"f":{},"b":{},"hash":"f29eaae8a415deba5495d8697b2c8d1600eab6c3"}
}
