TN:
SF:/home/cana/Documents/Programas/easy-task/App.tsx
FN:16,(anonymous_0)
FN:22,(anonymous_1)
FN:27,(anonymous_2)
FN:34,(anonymous_3)
FNF:4
FNH:0
FNDA:0,(anonymous_0)
FNDA:0,(anonymous_1)
FNDA:0,(anonymous_2)
FNDA:0,(anonymous_3)
DA:18,0
DA:19,0
DA:24,0
DA:29,0
DA:36,0
DA:37,0
DA:38,0
DA:46,0
LF:8
LH:0
BRF:0
BRH:0
end_of_record
TN:
SF:/home/cana/Documents/Programas/easy-task/src/0-ApiLibrary/ApiLibrary.ts
FN:9,(anonymous_0)
FN:14,(anonymous_1)
FN:19,(anonymous_2)
FN:31,(anonymous_3)
FN:48,(anonymous_4)
FN:64,(anonymous_5)
FN:94,(anonymous_6)
FN:116,(anonymous_7)
FN:138,(anonymous_8)
FN:160,(anonymous_9)
FN:180,(anonymous_10)
FN:200,(anonymous_11)
FN:216,(anonymous_12)
FN:241,(anonymous_13)
FN:270,(anonymous_14)
FN:299,(anonymous_15)
FN:320,(anonymous_16)
FN:336,(anonymous_17)
FNF:18
FNH:18
FNDA:13,(anonymous_0)
FNDA:21,(anonymous_1)
FNDA:10,(anonymous_2)
FNDA:4,(anonymous_3)
FNDA:5,(anonymous_4)
FNDA:4,(anonymous_5)
FNDA:3,(anonymous_6)
FNDA:3,(anonymous_7)
FNDA:3,(anonymous_8)
FNDA:3,(anonymous_9)
FNDA:3,(anonymous_10)
FNDA:3,(anonymous_11)
FNDA:3,(anonymous_12)
FNDA:2,(anonymous_13)
FNDA:2,(anonymous_14)
FNDA:2,(anonymous_15)
FNDA:2,(anonymous_16)
FNDA:2,(anonymous_17)
DA:11,13
DA:16,21
DA:21,10
DA:25,9
DA:34,4
DA:45,4
DA:51,5
DA:61,5
DA:67,4
DA:80,4
DA:84,9
DA:97,3
DA:113,3
DA:119,3
DA:135,3
DA:141,3
DA:157,3
DA:163,3
DA:177,3
DA:183,3
DA:197,3
DA:203,3
DA:213,3
DA:219,3
DA:229,3
DA:233,9
DA:244,2
DA:267,2
DA:273,2
DA:296,2
DA:302,2
DA:317,2
DA:323,2
DA:333,2
DA:339,2
DA:353,2
LF:36
LH:36
BRF:0
BRH:0
end_of_record
TN:
SF:/home/cana/Documents/Programas/easy-task/src/0-ApiLibrary/constants/ApiConstants.ts
FNF:0
FNH:0
DA:4,9
DA:11,9
DA:22,9
DA:31,9
DA:38,9
LF:5
LH:5
BRF:0
BRH:0
end_of_record
TN:
SF:/home/cana/Documents/Programas/easy-task/src/0-ApiLibrary/interfaces/AuthLib.ts
FN:7,(anonymous_0)
FNF:1
FNH:1
FNDA:10,(anonymous_0)
DA:9,10
LF:1
LH:1
BRF:0
BRH:0
end_of_record
TN:
SF:/home/cana/Documents/Programas/easy-task/src/0-ApiLibrary/interfaces/ProjectLib.ts
FN:7,(anonymous_0)
FNF:1
FNH:1
FNDA:14,(anonymous_0)
DA:9,14
LF:1
LH:1
BRF:0
BRH:0
end_of_record
TN:
SF:/home/cana/Documents/Programas/easy-task/src/0-ApiLibrary/interfaces/WorkTaskLib.ts
FN:7,(anonymous_0)
FNF:1
FNH:1
FNDA:5,(anonymous_0)
DA:9,5
LF:1
LH:1
BRF:0
BRH:0
end_of_record
TN:
SF:/home/cana/Documents/Programas/easy-task/src/0-ApiLibrary/types/ApiRequest.ts
FNF:0
FNH:0
LF:0
LH:0
BRF:0
BRH:0
end_of_record
TN:
SF:/home/cana/Documents/Programas/easy-task/src/0-ApiLibrary/types/ApiResponse.ts
FNF:0
FNH:0
LF:0
LH:0
BRF:0
BRH:0
end_of_record
TN:
SF:/home/cana/Documents/Programas/easy-task/src/0-ApiLibrary/types/AuthForm.ts
FNF:0
FNH:0
LF:0
LH:0
BRF:0
BRH:0
end_of_record
TN:
SF:/home/cana/Documents/Programas/easy-task/src/0-ApiLibrary/types/ProjectForm.ts
FNF:0
FNH:0
LF:0
LH:0
BRF:0
BRH:0
end_of_record
TN:
SF:/home/cana/Documents/Programas/easy-task/src/0-ApiLibrary/types/WorkTaskForm.ts
FNF:0
FNH:0
LF:0
LH:0
BRF:0
BRH:0
end_of_record
TN:
SF:/home/cana/Documents/Programas/easy-task/src/1-AuthManager/AuthManager.ts
FN:21,(anonymous_0)
FN:28,(anonymous_1)
FN:34,(anonymous_2)
FN:40,(anonymous_3)
FN:49,(anonymous_4)
FN:61,(anonymous_5)
FN:73,(anonymous_6)
FN:89,(anonymous_7)
FN:94,(anonymous_8)
FN:96,(anonymous_9)
FN:99,(anonymous_10)
FNF:11
FNH:11
FNDA:3,(anonymous_0)
FNDA:3,(anonymous_1)
FNDA:3,(anonymous_2)
FNDA:3,(anonymous_3)
FNDA:2,(anonymous_4)
FNDA:3,(anonymous_5)
FNDA:2,(anonymous_6)
FNDA:2,(anonymous_7)
FNDA:1,(anonymous_8)
FNDA:1,(anonymous_9)
FNDA:4,(anonymous_10)
DA:23,3
DA:24,3
DA:25,3
DA:30,3
DA:31,3
DA:36,3
DA:37,3
DA:42,3
DA:43,3
DA:45,2
DA:52,2
DA:57,2
DA:58,2
DA:64,3
DA:69,3
DA:70,3
DA:76,2
DA:85,2
DA:86,2
DA:91,2
DA:96,1
DA:101,4
DA:103,2
DA:105,4
DA:107,4
LF:25
LH:25
BRDA:101,0,0,2
BRDA:101,0,1,2
BRF:2
BRH:2
end_of_record
TN:
SF:/home/cana/Documents/Programas/easy-task/src/1-AuthManager/interfaces/AuthCommunicator.ts
FNF:0
FNH:0
LF:0
LH:0
BRF:0
BRH:0
end_of_record
TN:
SF:/home/cana/Documents/Programas/easy-task/src/1-AuthManager/interfaces/AuthDataSource.ts
FNF:0
FNH:0
LF:0
LH:0
BRF:0
BRH:0
end_of_record
TN:
SF:/home/cana/Documents/Programas/easy-task/src/1-AuthManager/interfaces/AuthSubscriber.ts
FNF:0
FNH:0
LF:0
LH:0
BRF:0
BRH:0
end_of_record
TN:
SF:/home/cana/Documents/Programas/easy-task/src/1-AuthManager/interfaces/CommunicatorDelegate.ts
FNF:0
FNH:0
LF:0
LH:0
BRF:0
BRH:0
end_of_record
TN:
SF:/home/cana/Documents/Programas/easy-task/src/1-AuthManager/types/AuthManagerComponents.ts
FNF:0
FNH:0
LF:0
LH:0
BRF:0
BRH:0
end_of_record
TN:
SF:/home/cana/Documents/Programas/easy-task/src/1-AuthManager/types/LoginParameters.ts
FNF:0
FNH:0
LF:0
LH:0
BRF:0
BRH:0
end_of_record
TN:
SF:/home/cana/Documents/Programas/easy-task/src/1-AuthManager/types/NewUserParameters.ts
FNF:0
FNH:0
LF:0
LH:0
BRF:0
BRH:0
end_of_record
TN:
SF:/home/cana/Documents/Programas/easy-task/src/1-ProjectManager/ProjectManager.ts
FN:21,(anonymous_0)
FN:28,(anonymous_1)
FN:34,(anonymous_2)
FN:40,(anonymous_3)
FN:49,(anonymous_4)
FN:65,(anonymous_5)
FN:81,(anonymous_6)
FN:97,(anonymous_7)
FN:113,(anonymous_8)
FN:129,(anonymous_9)
FN:145,(anonymous_10)
FN:161,(anonymous_11)
FN:166,(anonymous_12)
FN:168,(anonymous_13)
FN:171,(anonymous_14)
FNF:15
FNH:11
FNDA:1,(anonymous_0)
FNDA:1,(anonymous_1)
FNDA:1,(anonymous_2)
FNDA:1,(anonymous_3)
FNDA:1,(anonymous_4)
FNDA:1,(anonymous_5)
FNDA:1,(anonymous_6)
FNDA:1,(anonymous_7)
FNDA:1,(anonymous_8)
FNDA:1,(anonymous_9)
FNDA:1,(anonymous_10)
FNDA:0,(anonymous_11)
FNDA:0,(anonymous_12)
FNDA:0,(anonymous_13)
FNDA:0,(anonymous_14)
DA:23,1
DA:24,1
DA:25,1
DA:30,1
DA:31,1
DA:36,1
DA:37,1
DA:42,1
DA:43,1
DA:45,0
DA:52,1
DA:61,1
DA:62,1
DA:68,1
DA:77,1
DA:78,1
DA:84,1
DA:93,1
DA:94,1
DA:100,1
DA:109,1
DA:110,1
DA:116,1
DA:125,1
DA:126,1
DA:132,1
DA:141,1
DA:142,1
DA:148,1
DA:157,1
DA:158,1
DA:163,0
DA:168,0
DA:173,0
DA:175,0
DA:177,0
DA:179,0
LF:37
LH:30
BRDA:173,0,0,0
BRDA:173,0,1,0
BRF:2
BRH:0
end_of_record
TN:
SF:/home/cana/Documents/Programas/easy-task/src/1-ProjectManager/interfaces/CommunicatorDelagate.ts
FNF:0
FNH:0
LF:0
LH:0
BRF:0
BRH:0
end_of_record
TN:
SF:/home/cana/Documents/Programas/easy-task/src/1-ProjectManager/interfaces/ProjectCommunicator.ts
FNF:0
FNH:0
LF:0
LH:0
BRF:0
BRH:0
end_of_record
TN:
SF:/home/cana/Documents/Programas/easy-task/src/1-ProjectManager/interfaces/ProjectDataSource.ts
FNF:0
FNH:0
LF:0
LH:0
BRF:0
BRH:0
end_of_record
TN:
SF:/home/cana/Documents/Programas/easy-task/src/1-ProjectManager/interfaces/ProjectSubscriber.ts
FNF:0
FNH:0
LF:0
LH:0
BRF:0
BRH:0
end_of_record
TN:
SF:/home/cana/Documents/Programas/easy-task/src/1-ProjectManager/types/ManageUserParameters.ts
FNF:0
FNH:0
LF:0
LH:0
BRF:0
BRH:0
end_of_record
TN:
SF:/home/cana/Documents/Programas/easy-task/src/1-ProjectManager/types/ProjectManagerComponents.ts
FNF:0
FNH:0
LF:0
LH:0
BRF:0
BRH:0
end_of_record
TN:
SF:/home/cana/Documents/Programas/easy-task/src/1-ProjectManager/types/ProjectParameters.ts
FNF:0
FNH:0
LF:0
LH:0
BRF:0
BRH:0
end_of_record
TN:
SF:/home/cana/Documents/Programas/easy-task/src/2-AxiosCommunicator/AxiosCommunicator.ts
FN:11,(anonymous_0)
FN:16,(anonymous_1)
FN:19,(anonymous_2)
FN:24,(anonymous_3)
FN:31,(anonymous_4)
FNF:5
FNH:5
FNDA:3,(anonymous_0)
FNDA:7,(anonymous_1)
FNDA:5,(anonymous_2)
FNDA:2,(anonymous_3)
FNDA:7,(anonymous_4)
DA:13,3
DA:18,7
DA:21,5
DA:22,5
DA:26,2
DA:27,2
DA:34,7
DA:39,7
LF:8
LH:8
BRF:0
BRH:0
end_of_record
TN:
SF:/home/cana/Documents/Programas/easy-task/src/2-Database/Database.ts
FN:17,(anonymous_0)
FN:28,(anonymous_1)
FN:31,(anonymous_2)
FN:38,(anonymous_3)
FN:51,(anonymous_4)
FN:57,(anonymous_5)
FN:63,(anonymous_6)
FN:69,(anonymous_7)
FN:81,(anonymous_8)
FN:86,(anonymous_9)
FN:92,(anonymous_10)
FN:99,(anonymous_11)
FN:101,(anonymous_12)
FN:115,(anonymous_13)
FN:127,(anonymous_14)
FN:137,(anonymous_15)
FNF:16
FNH:0
FNDA:0,(anonymous_0)
FNDA:0,(anonymous_1)
FNDA:0,(anonymous_2)
FNDA:0,(anonymous_3)
FNDA:0,(anonymous_4)
FNDA:0,(anonymous_5)
FNDA:0,(anonymous_6)
FNDA:0,(anonymous_7)
FNDA:0,(anonymous_8)
FNDA:0,(anonymous_9)
FNDA:0,(anonymous_10)
FNDA:0,(anonymous_11)
FNDA:0,(anonymous_12)
FNDA:0,(anonymous_13)
FNDA:0,(anonymous_14)
FNDA:0,(anonymous_15)
DA:7,1
DA:19,0
DA:20,0
DA:30,0
DA:31,0
DA:33,0
DA:34,0
DA:40,0
DA:48,0
DA:53,0
DA:54,0
DA:59,0
DA:60,0
DA:65,0
DA:66,0
DA:71,0
DA:77,0
DA:78,0
DA:83,0
DA:88,0
DA:89,0
DA:94,0
DA:95,0
DA:96,0
DA:101,0
DA:103,0
DA:111,0
DA:117,0
DA:120,0
DA:121,0
DA:122,0
DA:124,0
DA:129,0
DA:139,0
LF:34
LH:1
BRDA:59,0,0,0
BRDA:59,0,1,0
BRDA:77,1,0,0
BRDA:77,1,1,0
BRDA:94,2,0,0
BRDA:94,2,1,0
BRDA:95,3,0,0
BRDA:95,3,1,0
BRDA:96,4,0,0
BRDA:96,4,1,0
BRDA:117,5,0,0
BRDA:117,5,1,0
BRF:12
BRH:0
end_of_record
TN:
SF:/home/cana/Documents/Programas/easy-task/src/2-Database/constants/DBConstants.ts
FNF:0
FNH:0
DA:3,1
DA:6,1
DA:11,1
DA:19,1
LF:4
LH:4
BRF:0
BRH:0
end_of_record
TN:
SF:/home/cana/Documents/Programas/easy-task/src/2-Database/interfaces/UserStorage.ts
FNF:0
FNH:0
LF:0
LH:0
BRF:0
BRH:0
end_of_record
TN:
SF:/home/cana/Documents/Programas/easy-task/src/2-Database/types/UserData.ts
FNF:0
FNH:0
LF:0
LH:0
BRF:0
BRH:0
end_of_record
TN:
SF:/home/cana/Documents/Programas/easy-task/src/3-ToolsetFactory/ToolsetFactory.ts
FN:9,(anonymous_0)
FN:22,(anonymous_1)
FN:34,(anonymous_2)
FNF:3
FNH:0
FNDA:0,(anonymous_0)
FNDA:0,(anonymous_1)
FNDA:0,(anonymous_2)
DA:11,0
DA:12,0
DA:13,0
DA:15,0
DA:19,0
DA:24,0
DA:26,0
DA:31,0
DA:36,0
LF:9
LH:0
BRF:0
BRH:0
end_of_record
TN:
SF:/home/cana/Documents/Programas/easy-task/src/3-ToolsetFactory/types/AppToolset.ts
FNF:0
FNH:0
LF:0
LH:0
BRF:0
BRH:0
end_of_record
