TN:
SF:/home/cana/Documents/Programas/easy-task/App.tsx
FN:22,(anonymous_0)
FN:27,(anonymous_1)
FN:33,(anonymous_2)
FN:42,(anonymous_3)
FN:56,(anonymous_4)
FN:72,(anonymous_5)
FN:80,(anonymous_6)
FNF:7
FNH:0
FNDA:0,(anonymous_0)
FNDA:0,(anonymous_1)
FNDA:0,(anonymous_2)
FNDA:0,(anonymous_3)
FNDA:0,(anonymous_4)
FNDA:0,(anonymous_5)
FNDA:0,(anonymous_6)
DA:24,0
DA:37,0
DA:44,0
DA:45,0
DA:46,0
DA:47,0
DA:48,0
DA:49,0
DA:50,0
DA:51,0
DA:60,0
DA:62,0
DA:74,0
DA:75,0
DA:82,0
DA:83,0
DA:91,0
LF:17
LH:0
BRF:0
BRH:0
end_of_record
TN:
SF:/home/cana/Documents/Programas/easy-task/src/0-ApiLibrary/ApiLibrary.ts
FN:9,(anonymous_0)
FN:14,(anonymous_1)
FN:19,(anonymous_2)
FN:31,(anonymous_3)
FN:48,(anonymous_4)
FN:64,(anonymous_5)
FN:94,(anonymous_6)
FN:115,(anonymous_7)
FN:137,(anonymous_8)
FN:157,(anonymous_9)
FN:177,(anonymous_10)
FN:197,(anonymous_11)
FN:212,(anonymous_12)
FN:237,(anonymous_13)
FN:264,(anonymous_14)
FN:292,(anonymous_15)
FN:313,(anonymous_16)
FN:329,(anonymous_17)
FNF:18
FNH:18
FNDA:14,(anonymous_0)
FNDA:31,(anonymous_1)
FNDA:20,(anonymous_2)
FNDA:4,(anonymous_3)
FNDA:6,(anonymous_4)
FNDA:4,(anonymous_5)
FNDA:5,(anonymous_6)
FNDA:4,(anonymous_7)
FNDA:5,(anonymous_8)
FNDA:5,(anonymous_9)
FNDA:4,(anonymous_10)
FNDA:4,(anonymous_11)
FNDA:4,(anonymous_12)
FNDA:4,(anonymous_13)
FNDA:4,(anonymous_14)
FNDA:4,(anonymous_15)
FNDA:4,(anonymous_16)
FNDA:4,(anonymous_17)
DA:11,14
DA:16,31
DA:21,20
DA:25,11
DA:34,4
DA:45,4
DA:51,6
DA:61,6
DA:67,4
DA:80,4
DA:84,11
DA:97,5
DA:112,5
DA:118,4
DA:134,4
DA:140,5
DA:154,5
DA:160,5
DA:174,5
DA:180,4
DA:194,4
DA:200,4
DA:209,4
DA:215,4
DA:225,4
DA:229,11
DA:240,4
DA:261,4
DA:267,4
DA:289,4
DA:295,4
DA:310,4
DA:316,4
DA:326,4
DA:332,4
DA:346,4
LF:36
LH:36
BRF:0
BRH:0
end_of_record
TN:
SF:/home/cana/Documents/Programas/easy-task/src/0-ApiLibrary/constants/ApiConstants.ts
FNF:0
FNH:0
DA:4,11
DA:11,11
DA:22,11
DA:31,11
DA:38,11
LF:5
LH:5
BRF:0
BRH:0
end_of_record
TN:
SF:/home/cana/Documents/Programas/easy-task/src/0-ApiLibrary/interfaces/AuthLib.ts
FN:7,(anonymous_0)
FNF:1
FNH:1
FNDA:11,(anonymous_0)
DA:9,11
LF:1
LH:1
BRF:0
BRH:0
end_of_record
TN:
SF:/home/cana/Documents/Programas/easy-task/src/0-ApiLibrary/interfaces/ProjectLib.ts
FN:7,(anonymous_0)
FNF:1
FNH:1
FNDA:24,(anonymous_0)
DA:9,24
LF:1
LH:1
BRF:0
BRH:0
end_of_record
TN:
SF:/home/cana/Documents/Programas/easy-task/src/0-ApiLibrary/interfaces/WorkTaskLib.ts
FN:7,(anonymous_0)
FNF:1
FNH:1
FNDA:15,(anonymous_0)
DA:9,15
LF:1
LH:1
BRF:0
BRH:0
end_of_record
TN:
SF:/home/cana/Documents/Programas/easy-task/src/0-ApiLibrary/types/ApiRequest.ts
FNF:0
FNH:0
LF:0
LH:0
BRF:0
BRH:0
end_of_record
TN:
SF:/home/cana/Documents/Programas/easy-task/src/0-ApiLibrary/types/ApiResponse.ts
FNF:0
FNH:0
LF:0
LH:0
BRF:0
BRH:0
end_of_record
TN:
SF:/home/cana/Documents/Programas/easy-task/src/0-ApiLibrary/types/AuthForm.ts
FNF:0
FNH:0
LF:0
LH:0
BRF:0
BRH:0
end_of_record
TN:
SF:/home/cana/Documents/Programas/easy-task/src/0-ApiLibrary/types/ProjectForm.ts
FNF:0
FNH:0
LF:0
LH:0
BRF:0
BRH:0
end_of_record
TN:
SF:/home/cana/Documents/Programas/easy-task/src/0-ApiLibrary/types/WorkTaskForm.ts
FNF:0
FNH:0
LF:0
LH:0
BRF:0
BRH:0
end_of_record
TN:
SF:/home/cana/Documents/Programas/easy-task/src/1-AuthManager/AuthManager.ts
FN:21,(anonymous_0)
FN:28,(anonymous_1)
FN:34,(anonymous_2)
FN:40,(anonymous_3)
FN:49,(anonymous_4)
FN:61,(anonymous_5)
FN:73,(anonymous_6)
FN:89,(anonymous_7)
FN:94,(anonymous_8)
FN:96,(anonymous_9)
FN:99,(anonymous_10)
FNF:11
FNH:11
FNDA:4,(anonymous_0)
FNDA:4,(anonymous_1)
FNDA:4,(anonymous_2)
FNDA:4,(anonymous_3)
FNDA:2,(anonymous_4)
FNDA:4,(anonymous_5)
FNDA:2,(anonymous_6)
FNDA:3,(anonymous_7)
FNDA:1,(anonymous_8)
FNDA:1,(anonymous_9)
FNDA:5,(anonymous_10)
DA:23,4
DA:24,4
DA:25,4
DA:30,4
DA:31,4
DA:36,4
DA:37,4
DA:42,4
DA:43,4
DA:45,3
DA:52,2
DA:57,2
DA:58,2
DA:64,4
DA:69,4
DA:70,4
DA:76,2
DA:85,2
DA:86,2
DA:91,3
DA:96,1
DA:101,5
DA:103,4
DA:105,5
DA:107,5
LF:25
LH:25
BRDA:101,0,0,4
BRDA:101,0,1,1
BRF:2
BRH:2
end_of_record
TN:
SF:/home/cana/Documents/Programas/easy-task/src/1-AuthManager/interfaces/AuthCommunicator.ts
FNF:0
FNH:0
LF:0
LH:0
BRF:0
BRH:0
end_of_record
TN:
SF:/home/cana/Documents/Programas/easy-task/src/1-AuthManager/interfaces/AuthDataSource.ts
FNF:0
FNH:0
LF:0
LH:0
BRF:0
BRH:0
end_of_record
TN:
SF:/home/cana/Documents/Programas/easy-task/src/1-AuthManager/interfaces/AuthSubscriber.ts
FNF:0
FNH:0
LF:0
LH:0
BRF:0
BRH:0
end_of_record
TN:
SF:/home/cana/Documents/Programas/easy-task/src/1-AuthManager/interfaces/CommunicatorDelegate.ts
FNF:0
FNH:0
LF:0
LH:0
BRF:0
BRH:0
end_of_record
TN:
SF:/home/cana/Documents/Programas/easy-task/src/1-AuthManager/types/AuthManagerComponents.ts
FNF:0
FNH:0
LF:0
LH:0
BRF:0
BRH:0
end_of_record
TN:
SF:/home/cana/Documents/Programas/easy-task/src/1-AuthManager/types/LoginParameters.ts
FNF:0
FNH:0
LF:0
LH:0
BRF:0
BRH:0
end_of_record
TN:
SF:/home/cana/Documents/Programas/easy-task/src/1-AuthManager/types/NewUserParameters.ts
FNF:0
FNH:0
LF:0
LH:0
BRF:0
BRH:0
end_of_record
TN:
SF:/home/cana/Documents/Programas/easy-task/src/1-ProjectManager/ProjectManager.ts
FN:23,(anonymous_0)
FN:30,(anonymous_1)
FN:36,(anonymous_2)
FN:42,(anonymous_3)
FN:51,(anonymous_4)
FN:68,(anonymous_5)
FN:85,(anonymous_6)
FN:102,(anonymous_7)
FN:119,(anonymous_8)
FN:136,(anonymous_9)
FN:153,(anonymous_10)
FN:170,(anonymous_11)
FN:178,(anonymous_12)
FN:183,(anonymous_13)
FN:185,(anonymous_14)
FN:188,(anonymous_15)
FNF:16
FNH:14
FNDA:3,(anonymous_0)
FNDA:3,(anonymous_1)
FNDA:3,(anonymous_2)
FNDA:3,(anonymous_3)
FNDA:3,(anonymous_4)
FNDA:2,(anonymous_5)
FNDA:3,(anonymous_6)
FNDA:3,(anonymous_7)
FNDA:2,(anonymous_8)
FNDA:2,(anonymous_9)
FNDA:2,(anonymous_10)
FNDA:17,(anonymous_11)
FNDA:2,(anonymous_12)
FNDA:0,(anonymous_13)
FNDA:0,(anonymous_14)
FNDA:9,(anonymous_15)
DA:25,3
DA:26,3
DA:27,3
DA:32,3
DA:33,3
DA:38,3
DA:39,3
DA:44,3
DA:45,3
DA:47,2
DA:53,3
DA:55,3
DA:64,3
DA:65,3
DA:70,2
DA:72,2
DA:81,2
DA:82,2
DA:87,3
DA:89,3
DA:98,3
DA:99,3
DA:104,3
DA:106,3
DA:115,3
DA:116,3
DA:121,2
DA:123,2
DA:132,2
DA:133,2
DA:138,2
DA:140,2
DA:148,2
DA:149,2
DA:150,2
DA:155,2
DA:157,2
DA:166,2
DA:167,2
DA:172,17
DA:174,0
DA:180,2
DA:185,0
DA:190,9
DA:192,9
LF:45
LH:43
BRDA:172,0,0,0
BRDA:172,0,1,17
BRF:2
BRH:1
end_of_record
TN:
SF:/home/cana/Documents/Programas/easy-task/src/1-ProjectManager/interfaces/CommunicatorDelagate.ts
FNF:0
FNH:0
LF:0
LH:0
BRF:0
BRH:0
end_of_record
TN:
SF:/home/cana/Documents/Programas/easy-task/src/1-ProjectManager/interfaces/ProjectCommunicator.ts
FNF:0
FNH:0
LF:0
LH:0
BRF:0
BRH:0
end_of_record
TN:
SF:/home/cana/Documents/Programas/easy-task/src/1-ProjectManager/interfaces/ProjectDataSource.ts
FNF:0
FNH:0
LF:0
LH:0
BRF:0
BRH:0
end_of_record
TN:
SF:/home/cana/Documents/Programas/easy-task/src/1-ProjectManager/interfaces/ProjectSubscriber.ts
FNF:0
FNH:0
LF:0
LH:0
BRF:0
BRH:0
end_of_record
TN:
SF:/home/cana/Documents/Programas/easy-task/src/1-ProjectManager/types/CreateProjectParameters.ts
FNF:0
FNH:0
LF:0
LH:0
BRF:0
BRH:0
end_of_record
TN:
SF:/home/cana/Documents/Programas/easy-task/src/1-ProjectManager/types/DeleteProjectParameters.ts
FNF:0
FNH:0
LF:0
LH:0
BRF:0
BRH:0
end_of_record
TN:
SF:/home/cana/Documents/Programas/easy-task/src/1-ProjectManager/types/EditProjectParameters.ts
FNF:0
FNH:0
LF:0
LH:0
BRF:0
BRH:0
end_of_record
TN:
SF:/home/cana/Documents/Programas/easy-task/src/1-ProjectManager/types/ManageUserParameters.ts
FNF:0
FNH:0
LF:0
LH:0
BRF:0
BRH:0
end_of_record
TN:
SF:/home/cana/Documents/Programas/easy-task/src/1-ProjectManager/types/ProjectManagerComponents.ts
FNF:0
FNH:0
LF:0
LH:0
BRF:0
BRH:0
end_of_record
TN:
SF:/home/cana/Documents/Programas/easy-task/src/1-WorkTaskManager/WorkTaskManager.ts
FN:23,(anonymous_0)
FN:30,(anonymous_1)
FN:36,(anonymous_2)
FN:42,(anonymous_3)
FN:51,(anonymous_4)
FN:68,(anonymous_5)
FN:85,(anonymous_6)
FN:102,(anonymous_7)
FN:119,(anonymous_8)
FN:136,(anonymous_9)
FN:144,(anonymous_10)
FN:149,(anonymous_11)
FN:151,(anonymous_12)
FN:154,(anonymous_13)
FNF:14
FNH:12
FNDA:2,(anonymous_0)
FNDA:2,(anonymous_1)
FNDA:2,(anonymous_2)
FNDA:2,(anonymous_3)
FNDA:2,(anonymous_4)
FNDA:2,(anonymous_5)
FNDA:2,(anonymous_6)
FNDA:2,(anonymous_7)
FNDA:2,(anonymous_8)
FNDA:10,(anonymous_9)
FNDA:1,(anonymous_10)
FNDA:0,(anonymous_11)
FNDA:0,(anonymous_12)
FNDA:6,(anonymous_13)
DA:25,2
DA:26,2
DA:27,2
DA:32,2
DA:33,2
DA:38,2
DA:39,2
DA:44,2
DA:45,2
DA:47,1
DA:53,2
DA:55,2
DA:64,2
DA:65,2
DA:70,2
DA:72,2
DA:81,2
DA:82,2
DA:87,2
DA:89,2
DA:98,2
DA:99,2
DA:104,2
DA:106,2
DA:115,2
DA:116,2
DA:121,2
DA:123,2
DA:132,2
DA:133,2
DA:138,10
DA:140,0
DA:146,1
DA:151,0
DA:156,6
DA:158,6
LF:36
LH:34
BRDA:138,0,0,0
BRDA:138,0,1,10
BRF:2
BRH:1
end_of_record
TN:
SF:/home/cana/Documents/Programas/easy-task/src/1-WorkTaskManager/interfaces/CommunicatorDelagate.ts
FNF:0
FNH:0
LF:0
LH:0
BRF:0
BRH:0
end_of_record
TN:
SF:/home/cana/Documents/Programas/easy-task/src/1-WorkTaskManager/interfaces/WorkTaskCommunicator.ts
FNF:0
FNH:0
LF:0
LH:0
BRF:0
BRH:0
end_of_record
TN:
SF:/home/cana/Documents/Programas/easy-task/src/1-WorkTaskManager/interfaces/WorkTaskDataSource.ts
FNF:0
FNH:0
LF:0
LH:0
BRF:0
BRH:0
end_of_record
TN:
SF:/home/cana/Documents/Programas/easy-task/src/1-WorkTaskManager/interfaces/WorkTaskSubscriber.ts
FNF:0
FNH:0
LF:0
LH:0
BRF:0
BRH:0
end_of_record
TN:
SF:/home/cana/Documents/Programas/easy-task/src/1-WorkTaskManager/types/AddResponsibleParameters.ts
FNF:0
FNH:0
LF:0
LH:0
BRF:0
BRH:0
end_of_record
TN:
SF:/home/cana/Documents/Programas/easy-task/src/1-WorkTaskManager/types/CreateWorkTaskParameters.ts
FNF:0
FNH:0
LF:0
LH:0
BRF:0
BRH:0
end_of_record
TN:
SF:/home/cana/Documents/Programas/easy-task/src/1-WorkTaskManager/types/DeleteTaskParameters.ts
FNF:0
FNH:0
LF:0
LH:0
BRF:0
BRH:0
end_of_record
TN:
SF:/home/cana/Documents/Programas/easy-task/src/1-WorkTaskManager/types/UpdateWorkTaskParameters.ts
FNF:0
FNH:0
LF:0
LH:0
BRF:0
BRH:0
end_of_record
TN:
SF:/home/cana/Documents/Programas/easy-task/src/1-WorkTaskManager/types/WorkTaskManagerComponents.ts
FNF:0
FNH:0
LF:0
LH:0
BRF:0
BRH:0
end_of_record
TN:
SF:/home/cana/Documents/Programas/easy-task/src/2-AxiosCommunicator/AxiosCommunicator.ts
FN:11,(anonymous_0)
FN:16,(anonymous_1)
FN:22,(anonymous_2)
FN:25,(anonymous_3)
FN:30,(anonymous_4)
FN:37,(anonymous_5)
FN:40,(anonymous_6)
FN:45,(anonymous_7)
FN:52,(anonymous_8)
FNF:9
FNH:9
FNDA:7,(anonymous_0)
FNDA:23,(anonymous_1)
FNDA:17,(anonymous_2)
FNDA:16,(anonymous_3)
FNDA:1,(anonymous_4)
FNDA:6,(anonymous_5)
FNDA:5,(anonymous_6)
FNDA:1,(anonymous_7)
FNDA:23,(anonymous_8)
DA:13,7
DA:18,23
DA:19,6
DA:24,17
DA:27,16
DA:28,16
DA:32,1
DA:33,1
DA:39,6
DA:42,5
DA:43,5
DA:47,1
DA:48,1
DA:55,23
DA:60,23
LF:15
LH:15
BRDA:18,0,0,17
BRDA:18,0,1,6
BRF:2
BRH:2
end_of_record
TN:
SF:/home/cana/Documents/Programas/easy-task/src/2-Database/Database.ts
FN:22,(anonymous_0)
FN:34,(anonymous_1)
FN:36,(anonymous_2)
FN:43,(anonymous_3)
FN:56,(anonymous_4)
FN:62,(anonymous_5)
FN:72,(anonymous_6)
FN:78,(anonymous_7)
FN:88,(anonymous_8)
FN:104,(anonymous_9)
FN:110,(anonymous_10)
FN:129,(anonymous_11)
FN:151,(anonymous_12)
FN:157,(anonymous_13)
FN:184,(anonymous_14)
FN:191,(anonymous_15)
FN:197,(anonymous_16)
FN:204,(anonymous_17)
FN:206,(anonymous_18)
FN:221,(anonymous_19)
FN:229,(anonymous_20)
FN:236,(anonymous_21)
FN:238,(anonymous_22)
FN:241,(anonymous_23)
FN:252,(anonymous_24)
FN:254,(anonymous_25)
FN:271,(anonymous_26)
FN:277,(anonymous_27)
FN:279,(anonymous_28)
FN:298,(anonymous_29)
FN:304,(anonymous_30)
FN:315,(anonymous_31)
FN:322,(anonymous_32)
FN:329,(anonymous_33)
FN:331,(anonymous_34)
FN:334,(anonymous_35)
FN:351,(anonymous_36)
FN:353,(anonymous_37)
FN:376,(anonymous_38)
FN:382,(anonymous_39)
FN:384,(anonymous_40)
FN:409,(anonymous_41)
FN:415,(anonymous_42)
FN:426,(anonymous_43)
FN:439,(anonymous_44)
FN:447,(anonymous_45)
FN:453,(anonymous_46)
FN:461,(anonymous_47)
FN:473,(anonymous_48)
FN:475,(anonymous_49)
FN:478,(anonymous_50)
FN:481,(anonymous_51)
FN:484,(anonymous_52)
FN:493,(anonymous_53)
FN:504,(anonymous_54)
FN:513,(anonymous_55)
FN:524,(anonymous_56)
FN:527,(anonymous_57)
FN:534,(anonymous_58)
FN:555,(anonymous_59)
FN:560,(anonymous_60)
FN:563,(anonymous_61)
FN:572,(anonymous_62)
FN:575,(anonymous_63)
FN:602,(anonymous_64)
FNF:65
FNH:0
FNDA:0,(anonymous_0)
FNDA:0,(anonymous_1)
FNDA:0,(anonymous_2)
FNDA:0,(anonymous_3)
FNDA:0,(anonymous_4)
FNDA:0,(anonymous_5)
FNDA:0,(anonymous_6)
FNDA:0,(anonymous_7)
FNDA:0,(anonymous_8)
FNDA:0,(anonymous_9)
FNDA:0,(anonymous_10)
FNDA:0,(anonymous_11)
FNDA:0,(anonymous_12)
FNDA:0,(anonymous_13)
FNDA:0,(anonymous_14)
FNDA:0,(anonymous_15)
FNDA:0,(anonymous_16)
FNDA:0,(anonymous_17)
FNDA:0,(anonymous_18)
FNDA:0,(anonymous_19)
FNDA:0,(anonymous_20)
FNDA:0,(anonymous_21)
FNDA:0,(anonymous_22)
FNDA:0,(anonymous_23)
FNDA:0,(anonymous_24)
FNDA:0,(anonymous_25)
FNDA:0,(anonymous_26)
FNDA:0,(anonymous_27)
FNDA:0,(anonymous_28)
FNDA:0,(anonymous_29)
FNDA:0,(anonymous_30)
FNDA:0,(anonymous_31)
FNDA:0,(anonymous_32)
FNDA:0,(anonymous_33)
FNDA:0,(anonymous_34)
FNDA:0,(anonymous_35)
FNDA:0,(anonymous_36)
FNDA:0,(anonymous_37)
FNDA:0,(anonymous_38)
FNDA:0,(anonymous_39)
FNDA:0,(anonymous_40)
FNDA:0,(anonymous_41)
FNDA:0,(anonymous_42)
FNDA:0,(anonymous_43)
FNDA:0,(anonymous_44)
FNDA:0,(anonymous_45)
FNDA:0,(anonymous_46)
FNDA:0,(anonymous_47)
FNDA:0,(anonymous_48)
FNDA:0,(anonymous_49)
FNDA:0,(anonymous_50)
FNDA:0,(anonymous_51)
FNDA:0,(anonymous_52)
FNDA:0,(anonymous_53)
FNDA:0,(anonymous_54)
FNDA:0,(anonymous_55)
FNDA:0,(anonymous_56)
FNDA:0,(anonymous_57)
FNDA:0,(anonymous_58)
FNDA:0,(anonymous_59)
FNDA:0,(anonymous_60)
FNDA:0,(anonymous_61)
FNDA:0,(anonymous_62)
FNDA:0,(anonymous_63)
FNDA:0,(anonymous_64)
DA:12,1
DA:24,0
DA:25,0
DA:31,0
DA:36,0
DA:38,0
DA:39,0
DA:45,0
DA:53,0
DA:58,0
DA:59,0
DA:64,0
DA:67,0
DA:68,0
DA:74,0
DA:75,0
DA:80,0
DA:90,0
DA:101,0
DA:106,0
DA:107,0
DA:112,0
DA:115,0
DA:124,0
DA:126,0
DA:131,0
DA:148,0
DA:153,0
DA:154,0
DA:159,0
DA:162,0
DA:177,0
DA:179,0
DA:186,0
DA:193,0
DA:194,0
DA:199,0
DA:200,0
DA:201,0
DA:206,0
DA:208,0
DA:215,0
DA:223,0
DA:231,0
DA:232,0
DA:233,0
DA:238,0
DA:243,0
DA:244,0
DA:245,0
DA:246,0
DA:247,0
DA:248,0
DA:249,0
DA:254,0
DA:256,0
DA:267,0
DA:273,0
DA:274,0
DA:279,0
DA:281,0
DA:292,0
DA:300,0
DA:301,0
DA:303,0
DA:304,0
DA:306,0
DA:308,0
DA:317,0
DA:324,0
DA:325,0
DA:326,0
DA:331,0
DA:336,0
DA:337,0
DA:338,0
DA:339,0
DA:340,0
DA:341,0
DA:342,0
DA:343,0
DA:344,0
DA:345,0
DA:346,0
DA:347,0
DA:348,0
DA:353,0
DA:355,0
DA:372,0
DA:378,0
DA:379,0
DA:384,0
DA:386,0
DA:403,0
DA:411,0
DA:412,0
DA:414,0
DA:415,0
DA:417,0
DA:419,0
DA:428,0
DA:429,0
DA:430,0
DA:431,0
DA:433,0
DA:441,0
DA:442,0
DA:443,0
DA:444,0
DA:449,0
DA:450,0
DA:455,0
DA:456,0
DA:457,0
DA:458,0
DA:463,0
DA:469,0
DA:470,0
DA:475,0
DA:477,0
DA:478,0
DA:480,0
DA:481,0
DA:483,0
DA:484,0
DA:486,0
DA:495,0
DA:497,0
DA:498,0
DA:501,0
DA:506,0
DA:508,0
DA:510,0
DA:515,0
DA:517,0
DA:519,0
DA:526,0
DA:527,0
DA:529,0
DA:530,0
DA:536,0
DA:537,0
DA:539,0
DA:540,0
DA:549,0
DA:551,0
DA:557,0
DA:558,0
DA:560,0
DA:561,0
DA:563,0
DA:565,0
DA:567,0
DA:574,0
DA:575,0
DA:576,0
DA:577,0
DA:579,0
DA:580,0
DA:595,0
DA:597,0
DA:604,0
LF:162
LH:1
BRDA:64,0,0,0
BRDA:64,0,1,0
BRDA:179,1,0,0
BRDA:179,1,1,0
BRDA:199,2,0,0
BRDA:199,2,1,0
BRDA:200,3,0,0
BRDA:200,3,1,0
BRDA:201,4,0,0
BRDA:201,4,1,0
BRDA:232,5,0,0
BRDA:232,5,1,0
BRDA:243,6,0,0
BRDA:243,6,1,0
BRDA:244,7,0,0
BRDA:244,7,1,0
BRDA:245,8,0,0
BRDA:245,8,1,0
BRDA:246,9,0,0
BRDA:246,9,1,0
BRDA:247,10,0,0
BRDA:247,10,1,0
BRDA:248,11,0,0
BRDA:248,11,1,0
BRDA:261,12,0,0
BRDA:261,12,1,0
BRDA:263,13,0,0
BRDA:263,13,1,0
BRDA:287,14,0,0
BRDA:287,14,1,0
BRDA:289,15,0,0
BRDA:289,15,1,0
BRDA:301,16,0,0
BRDA:301,16,1,0
BRDA:325,17,0,0
BRDA:325,17,1,0
BRDA:336,18,0,0
BRDA:336,18,1,0
BRDA:337,19,0,0
BRDA:337,19,1,0
BRDA:338,20,0,0
BRDA:338,20,1,0
BRDA:339,21,0,0
BRDA:339,21,1,0
BRDA:340,22,0,0
BRDA:340,22,1,0
BRDA:341,23,0,0
BRDA:341,23,1,0
BRDA:342,24,0,0
BRDA:342,24,1,0
BRDA:343,25,0,0
BRDA:343,25,1,0
BRDA:344,26,0,0
BRDA:344,26,1,0
BRDA:345,27,0,0
BRDA:345,27,1,0
BRDA:346,28,0,0
BRDA:346,28,1,0
BRDA:347,29,0,0
BRDA:347,29,1,0
BRDA:361,30,0,0
BRDA:361,30,1,0
BRDA:362,31,0,0
BRDA:362,31,1,0
BRDA:363,32,0,0
BRDA:363,32,1,0
BRDA:393,33,0,0
BRDA:393,33,1,0
BRDA:394,34,0,0
BRDA:394,34,1,0
BRDA:395,35,0,0
BRDA:395,35,1,0
BRDA:412,36,0,0
BRDA:412,36,1,0
BRDA:428,37,0,0
BRDA:428,37,1,0
BRDA:429,38,0,0
BRDA:429,38,1,0
BRDA:430,39,0,0
BRDA:430,39,1,0
BRDA:431,40,0,0
BRDA:431,40,1,0
BRDA:441,41,0,0
BRDA:441,41,1,0
BRDA:442,42,0,0
BRDA:442,42,1,0
BRDA:443,43,0,0
BRDA:443,43,1,0
BRDA:449,44,0,0
BRDA:449,44,1,0
BRDA:495,45,0,0
BRDA:495,45,1,0
BRDA:497,46,0,0
BRDA:497,46,1,0
BRDA:498,47,0,0
BRDA:498,47,1,0
BRDA:506,48,0,0
BRDA:506,48,1,0
BRDA:508,49,0,0
BRDA:508,49,1,0
BRDA:515,50,0,0
BRDA:515,50,1,0
BRDA:517,51,0,0
BRDA:517,51,1,0
BRDA:545,52,0,0
BRDA:545,52,1,0
BRDA:547,53,0,0
BRDA:547,53,1,0
BRDA:549,54,0,0
BRDA:549,54,1,0
BRDA:558,55,0,0
BRDA:558,55,1,0
BRDA:586,56,0,0
BRDA:586,56,1,0
BRDA:587,57,0,0
BRDA:587,57,1,0
BRDA:588,58,0,0
BRDA:588,58,1,0
BRDA:595,59,0,0
BRDA:595,59,1,0
BRF:120
BRH:0
end_of_record
TN:
SF:/home/cana/Documents/Programas/easy-task/src/2-Database/constants/DBConstants.ts
FNF:0
FNH:0
DA:3,1
DA:6,1
DA:13,1
DA:21,1
DA:29,1
DA:40,1
DA:51,1
DA:68,1
LF:8
LH:8
BRF:0
BRH:0
end_of_record
TN:
SF:/home/cana/Documents/Programas/easy-task/src/2-Database/interfaces/ProjectStorage.ts
FNF:0
FNH:0
LF:0
LH:0
BRF:0
BRH:0
end_of_record
TN:
SF:/home/cana/Documents/Programas/easy-task/src/2-Database/interfaces/UserStorage.ts
FNF:0
FNH:0
LF:0
LH:0
BRF:0
BRH:0
end_of_record
TN:
SF:/home/cana/Documents/Programas/easy-task/src/2-Database/interfaces/WorkTaskStorage.ts
FNF:0
FNH:0
LF:0
LH:0
BRF:0
BRH:0
end_of_record
TN:
SF:/home/cana/Documents/Programas/easy-task/src/2-Database/types/ProjectData.ts
FNF:0
FNH:0
LF:0
LH:0
BRF:0
BRH:0
end_of_record
TN:
SF:/home/cana/Documents/Programas/easy-task/src/2-Database/types/UserData.ts
FNF:0
FNH:0
LF:0
LH:0
BRF:0
BRH:0
end_of_record
TN:
SF:/home/cana/Documents/Programas/easy-task/src/2-Database/types/WorkTaskData.ts
FNF:0
FNH:0
LF:0
LH:0
BRF:0
BRH:0
end_of_record
TN:
SF:/home/cana/Documents/Programas/easy-task/src/3-ToolsetFactory/ToolsetFactory.ts
FN:11,(anonymous_0)
FN:28,(anonymous_1)
FN:40,(anonymous_2)
FN:52,(anonymous_3)
FNF:4
FNH:0
FNDA:0,(anonymous_0)
FNDA:0,(anonymous_1)
FNDA:0,(anonymous_2)
FNDA:0,(anonymous_3)
DA:13,0
DA:14,0
DA:15,0
DA:16,0
DA:18,0
DA:25,0
DA:30,0
DA:32,0
DA:37,0
DA:42,0
DA:44,0
DA:49,0
DA:54,0
LF:13
LH:0
BRF:0
BRH:0
end_of_record
TN:
SF:/home/cana/Documents/Programas/easy-task/src/3-ToolsetFactory/types/AppToolset.ts
FNF:0
FNH:0
LF:0
LH:0
BRF:0
BRH:0
end_of_record
